2023-11-09 12:46:07,655 [INFO] Activator:176 - 


2023-11-09 12:46:07,657 [INFO] Activator:177 - !SESSION log4j initialized
2023-11-09 12:46:09,234 [INFO] LogOutputStream:77 - [STDOUT_REDIRECT] 
2023-11-09 12:46:13,516 [INFO] ApplicationProperties:184 - Using Application install path: /opt/st/stm32cubeide_1.13.2/plugins/com.st.stm32cube.common.mx_6.9.2.202309101412
2023-11-09 12:46:13,531 [INFO] DbMcusXml:78 - Set database path to: /opt/st/stm32cubeide_1.13.2/plugins/com.st.stm32cube.common.mx_6.9.2.202309101412//db//mcu/
2023-11-09 12:46:13,531 [INFO] ApiDb:274 - Set plugin database path to: /opt/st/stm32cubeide_1.13.2/plugins/com.st.stm32cube.common.mx_6.9.2.202309101412//db//plugins/boardmanager/
2023-11-09 12:46:13,531 [WARN] ApiDb:259 - Overriding images path with different value:  => /opt/st/stm32cubeide_1.13.2/plugins/com.st.stm32cube.common.mx_6.9.2.202309101412//db//plugins/mcufinder/images/
2023-11-09 12:46:13,538 [INFO] ApiDb:250 - Set database path to: /home/RA/lovro.mileusnic/.stmcufinder/plugins/mcufinder//mcu/
2023-11-09 12:46:13,539 [INFO] DbMcusAds:125 - Set database path to: /home/RA/lovro.mileusnic/.stmcufinder/plugins/mcufinder//mcu/
2023-11-09 12:46:13,541 [INFO] CrossReferenceDbSqlite:203 - Set database path to: /home/RA/lovro.mileusnic/.stmcufinder/plugins/mcufinder//mcu/cs/
2023-11-09 12:46:13,654 [INFO] RulesReader:64 - Compatibility file has been processed (293 Rules)
2023-11-09 12:46:13,705 [INFO] DbMcusXml:78 - Set database path to: /opt/st/stm32cubeide_1.13.2/plugins/com.st.stm32cube.common.mx_6.9.2.202309101412//db//mcu/
2023-11-09 12:46:13,705 [INFO] ApiDb:274 - Set plugin database path to: /opt/st/stm32cubeide_1.13.2/plugins/com.st.stm32cube.common.mx_6.9.2.202309101412//db//plugins/boardmanager/
2023-11-09 12:46:13,705 [INFO] ApiDb:261 - Set plugin images path to: /opt/st/stm32cubeide_1.13.2/plugins/com.st.stm32cube.common.mx_6.9.2.202309101412//db//plugins/mcufinder/images/
2023-11-09 12:46:13,706 [WARN] DbFile:41 - Overriding database path with different value: /home/RA/lovro.mileusnic/.stmcufinder/plugins/mcufinder/ => /home/RA/lovro.mileusnic/.stmcufinder/plugins/mcufinder
2023-11-09 12:46:13,706 [INFO] ApiDb:250 - Set database path to: /home/RA/lovro.mileusnic/.stmcufinder/plugins/mcufinder//mcu/
2023-11-09 12:46:13,706 [WARN] DbFile:41 - Overriding database path with different value: /home/RA/lovro.mileusnic/.stmcufinder/plugins/mcufinder/ => /home/RA/lovro.mileusnic/.stmcufinder/plugins/mcufinder
2023-11-09 12:46:13,706 [INFO] DbMcusAds:125 - Set database path to: /home/RA/lovro.mileusnic/.stmcufinder/plugins/mcufinder//mcu/
2023-11-09 12:46:13,706 [WARN] DbFile:41 - Overriding database path with different value: /home/RA/lovro.mileusnic/.stmcufinder/plugins/mcufinder/ => /home/RA/lovro.mileusnic/.stmcufinder/plugins/mcufinder
2023-11-09 12:46:13,706 [WARN] DbFile:41 - Overriding database path with different value: /home/RA/lovro.mileusnic/.stmcufinder/plugins/mcufinder/ => /home/RA/lovro.mileusnic/.stmcufinder/plugins/mcufinder
2023-11-09 12:46:13,706 [INFO] CrossReferenceDbSqlite:203 - Set database path to: /home/RA/lovro.mileusnic/.stmcufinder/plugins/mcufinder//mcu/cs/
2023-11-09 12:46:13,762 [INFO] MainPanel:262 - HeapMemory: 268435456
2023-11-09 12:46:13,822 [INFO] DbMcusXml:78 - Set database path to: /opt/st/stm32cubeide_1.13.2/plugins/com.st.stm32cube.common.mx_6.9.2.202309101412//db//mcu/
2023-11-09 12:46:13,822 [INFO] ApiDb:274 - Set plugin database path to: /opt/st/stm32cubeide_1.13.2/plugins/com.st.stm32cube.common.mx_6.9.2.202309101412//db//plugins/boardmanager/
2023-11-09 12:46:13,822 [INFO] ApiDb:261 - Set plugin images path to: /opt/st/stm32cubeide_1.13.2/plugins/com.st.stm32cube.common.mx_6.9.2.202309101412//db//plugins/mcufinder/images/
2023-11-09 12:46:13,822 [WARN] DbFile:41 - Overriding database path with different value: /home/RA/lovro.mileusnic/.stmcufinder/plugins/mcufinder/ => /home/RA/lovro.mileusnic/.stmcufinder/plugins/mcufinder
2023-11-09 12:46:13,822 [INFO] ApiDb:250 - Set database path to: /home/RA/lovro.mileusnic/.stmcufinder/plugins/mcufinder//mcu/
2023-11-09 12:46:13,822 [WARN] DbFile:41 - Overriding database path with different value: /home/RA/lovro.mileusnic/.stmcufinder/plugins/mcufinder/ => /home/RA/lovro.mileusnic/.stmcufinder/plugins/mcufinder
2023-11-09 12:46:13,822 [INFO] DbMcusAds:125 - Set database path to: /home/RA/lovro.mileusnic/.stmcufinder/plugins/mcufinder//mcu/
2023-11-09 12:46:13,822 [WARN] DbFile:41 - Overriding database path with different value: /home/RA/lovro.mileusnic/.stmcufinder/plugins/mcufinder/ => /home/RA/lovro.mileusnic/.stmcufinder/plugins/mcufinder
2023-11-09 12:46:13,823 [WARN] DbFile:41 - Overriding database path with different value: /home/RA/lovro.mileusnic/.stmcufinder/plugins/mcufinder/ => /home/RA/lovro.mileusnic/.stmcufinder/plugins/mcufinder
2023-11-09 12:46:13,823 [INFO] CrossReferenceDbSqlite:203 - Set database path to: /home/RA/lovro.mileusnic/.stmcufinder/plugins/mcufinder//mcu/cs/
2023-11-09 12:46:13,833 [INFO] ApplicationProperties:184 - Using Application install path: /opt/st/stm32cubeide_1.13.2/plugins/com.st.stm32cube.common.mx_6.9.2.202309101412
2023-11-09 12:46:13,835 [INFO] PluginManage:196 - Search for loadable plugins [exclusion list=, ]
2023-11-09 12:46:13,835 [INFO] PluginManage:310 - Check plugin analytics
2023-11-09 12:46:13,974 [INFO] AnalyticsPlugin:253 - Accepted Software Licenses: STM32CubeMX.6.9.2
2023-11-09 12:46:13,975 [INFO] AnalyticsPlugin:255 - Accepted CMSIS Pack Licenses: 
2023-11-09 12:46:13,975 [INFO] AnalyticsPlugin:257 - Accepted Firmware Licenses: FW.F4.1.27.0
2023-11-09 12:46:13,978 [INFO] PluginManage:359 - Loaded plugin analytics (category:tool,tabindex:-1)
2023-11-09 12:46:13,978 [INFO] PluginManage:310 - Check plugin cadmodel
2023-11-09 12:46:14,001 [INFO] CADModel:105 - Init CAD model plugin
2023-11-09 12:46:14,002 [INFO] PluginManage:359 - Loaded plugin cadmodel (category:power,tabindex:5)
2023-11-09 12:46:14,002 [INFO] PluginManage:310 - Check plugin clock
2023-11-09 12:46:14,010 [INFO] PluginManage:359 - Loaded plugin clock (category:base,tabindex:2)
2023-11-09 12:46:14,010 [INFO] PluginManage:310 - Check plugin ddr
2023-11-09 12:46:14,012 [INFO] PluginManage:359 - Loaded plugin ddr (category:tool,tabindex:6)
2023-11-09 12:46:14,012 [INFO] PluginManage:310 - Check plugin filemanager
2023-11-09 12:46:14,138 [INFO] PluginManage:359 - Loaded plugin filemanager (category:base,tabindex:10)
2023-11-09 12:46:14,138 [INFO] PluginManage:310 - Check plugin ipmanager
2023-11-09 12:46:14,144 [INFO] PluginManage:359 - Loaded plugin ipmanager (category:base,tabindex:5)
2023-11-09 12:46:14,144 [INFO] PluginManage:310 - Check plugin lpbam
2023-11-09 12:46:14,154 [INFO] PluginManage:359 - Loaded plugin lpbam (category:base,tabindex:0)
2023-11-09 12:46:14,154 [INFO] PluginManage:310 - Check plugin memorymap
2023-11-09 12:46:14,167 [INFO] PluginManage:359 - Loaded plugin memorymap (category:base,tabindex:4)
2023-11-09 12:46:14,168 [INFO] PluginManage:310 - Check plugin pinoutandconfiguration
2023-11-09 12:46:14,177 [INFO] PluginManage:359 - Loaded plugin pinoutandconfiguration (category:base,tabindex:1)
2023-11-09 12:46:14,177 [INFO] PluginManage:310 - Check plugin pinoutconfig
2023-11-09 12:46:14,282 [WARN] SupportedApi:132 - Cannot load RTOS API schema: s4s-elt-must-match.1: The content of 'definitions' must match (annotation?, (simpleType | complexType)?, (unique | key | keyref)*)). A problem was found starting at: attribute.
2023-11-09 12:46:14,389 [INFO] PluginManage:359 - Loaded plugin pinoutconfig (category:base,tabindex:0)
2023-11-09 12:46:14,389 [INFO] PluginManage:310 - Check plugin power
2023-11-09 12:46:14,397 [INFO] PluginManage:359 - Loaded plugin power (category:power,tabindex:4)
2023-11-09 12:46:14,397 [INFO] PluginManage:310 - Check plugin projectmanager
2023-11-09 12:46:14,411 [INFO] PluginManage:359 - Loaded plugin projectmanager (category:projectmanager,tabindex:3)
2023-11-09 12:46:14,412 [INFO] PluginManage:310 - Check plugin thirdparty
2023-11-09 12:46:14,516 [INFO] PluginManage:359 - Loaded plugin thirdparty (category:base,tabindex:-1)
2023-11-09 12:46:14,516 [WARN] IntegrityCheckThread:84 - waiting for thirdparty lock release [integrity check]
2023-11-09 12:46:14,516 [INFO] IntegrityCheckThread:86 - entering critical section [integrity check]
2023-11-09 12:46:14,516 [INFO] PluginManage:310 - Check plugin tools
2023-11-09 12:46:14,517 [INFO] ThirdPartyUpdaterWithRetryManager:70 - Updater plugin not ready yet. [1/15]
2023-11-09 12:46:14,518 [INFO] PluginManage:359 - Loaded plugin tools (category:base,tabindex:7)
2023-11-09 12:46:14,518 [INFO] PluginManage:310 - Check plugin tutovideos
2023-11-09 12:46:14,640 [INFO] PluginManage:359 - Loaded plugin tutovideos (category:base,tabindex:-1)
2023-11-09 12:46:14,640 [INFO] PluginManage:310 - Check plugin updater
2023-11-09 12:46:14,647 [INFO] PluginManage:359 - Loaded plugin updater (category:base,tabindex:12)
2023-11-09 12:46:14,647 [INFO] PluginManage:310 - Check plugin userauth
2023-11-09 12:46:14,650 [INFO] UserAuth:113 - Init User Auth plugin
2023-11-09 12:46:14,650 [INFO] PluginManage:359 - Loaded plugin userauth (category:base,tabindex:14)
2023-11-09 12:46:14,650 [INFO] PluginManage:283 - PluginManage : Loaded plugins [17]
2023-11-09 12:46:14,787 [INFO] PinOutPanel:1499 - setPackage(No Configuration,No Configuration)
2023-11-09 12:46:14,853 [INFO] CADModel:165 - CPN selected for project level
2023-11-09 12:46:14,854 [INFO] CADModel:114 - Register for checkConnection events
2023-11-09 12:46:14,860 [INFO] IPUIPlugin:80 - create IPUIPlugin
2023-11-09 12:46:14,860 [INFO] PluginManager:220 - loadIPPluginJar : add tim
2023-11-09 12:46:14,864 [INFO] IPUIPlugin:80 - create IPUIPlugin
2023-11-09 12:46:14,864 [INFO] PluginManager:220 - loadIPPluginJar : add lorawan
2023-11-09 12:46:14,865 [INFO] IPUIPlugin:80 - create IPUIPlugin
2023-11-09 12:46:14,865 [INFO] PluginManager:220 - loadIPPluginJar : add spi
2023-11-09 12:46:14,867 [INFO] IPUIPlugin:80 - create IPUIPlugin
2023-11-09 12:46:14,867 [INFO] PluginManager:220 - loadIPPluginJar : add sai
2023-11-09 12:46:14,871 [INFO] IPUIPlugin:80 - create IPUIPlugin
2023-11-09 12:46:14,871 [INFO] PluginManager:220 - loadIPPluginJar : add freertos
2023-11-09 12:46:14,876 [INFO] IPUIPlugin:80 - create IPUIPlugin
2023-11-09 12:46:14,877 [INFO] PluginManager:220 - loadIPPluginJar : add linkedlist
2023-11-09 12:46:14,879 [INFO] IPUIPlugin:80 - create IPUIPlugin
2023-11-09 12:46:14,879 [INFO] PluginManager:220 - loadIPPluginJar : add touchsensing
2023-11-09 12:46:14,879 [INFO] IPUIPlugin:80 - create IPUIPlugin
2023-11-09 12:46:14,879 [INFO] PluginManager:220 - loadIPPluginJar : add ltdc
2023-11-09 12:46:14,881 [INFO] IPUIPlugin:80 - create IPUIPlugin
2023-11-09 12:46:14,881 [INFO] PluginManager:220 - loadIPPluginJar : add ucpd
2023-11-09 12:46:14,882 [INFO] IPUIPlugin:80 - create IPUIPlugin
2023-11-09 12:46:14,882 [INFO] PluginManager:220 - loadIPPluginJar : add aes
2023-11-09 12:46:14,886 [INFO] IPUIPlugin:80 - create IPUIPlugin
2023-11-09 12:46:14,886 [INFO] PluginManager:220 - loadIPPluginJar : add resmgrutility
2023-11-09 12:46:14,888 [INFO] IPUIPlugin:80 - create IPUIPlugin
2023-11-09 12:46:14,888 [INFO] PluginManager:220 - loadIPPluginJar : add cryp
2023-11-09 12:46:14,889 [INFO] IPUIPlugin:80 - create IPUIPlugin
2023-11-09 12:46:14,889 [INFO] PluginManager:220 - loadIPPluginJar : add can
2023-11-09 12:46:14,890 [INFO] IPUIPlugin:80 - create IPUIPlugin
2023-11-09 12:46:14,891 [INFO] PluginManager:220 - loadIPPluginJar : add usbx
2023-11-09 12:46:14,892 [INFO] IPUIPlugin:80 - create IPUIPlugin
2023-11-09 12:46:14,892 [INFO] PluginManager:220 - loadIPPluginJar : add dfsdm
2023-11-09 12:46:14,895 [INFO] IPUIPlugin:80 - create IPUIPlugin
2023-11-09 12:46:14,895 [INFO] PluginManager:220 - loadIPPluginJar : add gpio
2023-11-09 12:46:14,896 [INFO] IPUIPlugin:80 - create IPUIPlugin
2023-11-09 12:46:14,896 [INFO] PluginManager:220 - loadIPPluginJar : add quadspi
2023-11-09 12:46:14,898 [INFO] IPUIPlugin:80 - create IPUIPlugin
2023-11-09 12:46:14,898 [INFO] PluginManager:220 - loadIPPluginJar : add nvic
2023-11-09 12:46:14,899 [INFO] IPUIPlugin:80 - create IPUIPlugin
2023-11-09 12:46:14,899 [INFO] PluginManager:220 - loadIPPluginJar : add fatfs
2023-11-09 12:46:14,901 [INFO] IPUIPlugin:80 - create IPUIPlugin
2023-11-09 12:46:14,901 [INFO] PluginManager:220 - loadIPPluginJar : add i3c
2023-11-09 12:46:14,903 [INFO] IPUIPlugin:80 - create IPUIPlugin
2023-11-09 12:46:14,903 [INFO] PluginManager:220 - loadIPPluginJar : add dma3
2023-11-09 12:46:14,908 [INFO] IPUIPlugin:80 - create IPUIPlugin
2023-11-09 12:46:14,911 [INFO] PluginManager:220 - loadIPPluginJar : add plateformsettings
2023-11-09 12:46:14,915 [INFO] IPUIPlugin:80 - create IPUIPlugin
2023-11-09 12:46:14,915 [INFO] PluginManager:220 - loadIPPluginJar : add stm32_wpan
2023-11-09 12:46:14,918 [INFO] IPUIPlugin:80 - create IPUIPlugin
2023-11-09 12:46:14,918 [INFO] PluginManager:220 - loadIPPluginJar : add gic
2023-11-09 12:46:14,919 [INFO] IPUIPlugin:80 - create IPUIPlugin
2023-11-09 12:46:14,919 [INFO] PluginManager:220 - loadIPPluginJar : add ts
2023-11-09 12:46:14,923 [INFO] IPUIPlugin:80 - create IPUIPlugin
2023-11-09 12:46:14,923 [INFO] PluginManager:220 - loadIPPluginJar : add dma
2023-11-09 12:46:14,924 [INFO] IPUIPlugin:80 - create IPUIPlugin
2023-11-09 12:46:14,924 [INFO] PluginManager:220 - loadIPPluginJar : add pdm2pcm
2023-11-09 12:46:14,925 [INFO] IPUIPlugin:80 - create IPUIPlugin
2023-11-09 12:46:14,925 [INFO] PluginManager:220 - loadIPPluginJar : add tsc
2023-11-09 12:46:14,927 [INFO] IPUIPlugin:80 - create IPUIPlugin
2023-11-09 12:46:14,927 [INFO] PluginManager:220 - loadIPPluginJar : add ipddr
2023-11-09 12:46:14,928 [INFO] IPUIPlugin:80 - create IPUIPlugin
2023-11-09 12:46:14,928 [INFO] PluginManager:220 - loadIPPluginJar : add usart
2023-11-09 12:46:14,929 [INFO] IPUIPlugin:80 - create IPUIPlugin
2023-11-09 12:46:14,929 [INFO] PluginManager:220 - loadIPPluginJar : add i2s
2023-11-09 12:46:14,932 [INFO] IPUIPlugin:80 - create IPUIPlugin
2023-11-09 12:46:14,932 [INFO] PluginManager:220 - loadIPPluginJar : add fmc
2023-11-09 12:46:14,933 [INFO] IPUIPlugin:80 - create IPUIPlugin
2023-11-09 12:46:14,933 [INFO] PluginManager:220 - loadIPPluginJar : add gfxmmu
2023-11-09 12:46:14,937 [INFO] IPUIPlugin:80 - create IPUIPlugin
2023-11-09 12:46:14,937 [INFO] PluginManager:220 - loadIPPluginJar : add adc
2023-11-09 12:46:14,938 [INFO] IPUIPlugin:80 - create IPUIPlugin
2023-11-09 12:46:14,938 [INFO] PluginManager:220 - loadIPPluginJar : add comp
2023-11-09 12:46:14,939 [INFO] IPUIPlugin:80 - create IPUIPlugin
2023-11-09 12:46:14,939 [INFO] PluginManager:220 - loadIPPluginJar : add gtzc
2023-11-09 12:46:14,940 [INFO] IPUIPlugin:80 - create IPUIPlugin
2023-11-09 12:46:14,940 [INFO] PluginManager:220 - loadIPPluginJar : add i2c
2023-11-09 12:46:14,944 [INFO] IPUIPlugin:80 - create IPUIPlugin
2023-11-09 12:46:14,944 [INFO] PluginManager:220 - loadIPPluginJar : add mdma
2023-11-09 12:46:14,945 [INFO] IPUIPlugin:80 - create IPUIPlugin
2023-11-09 12:46:14,945 [INFO] PluginManager:220 - loadIPPluginJar : add tracer_emb
2023-11-09 12:46:14,946 [INFO] IPUIPlugin:80 - create IPUIPlugin
2023-11-09 12:46:14,946 [INFO] PluginManager:220 - loadIPPluginJar : add hash
2023-11-09 12:46:14,947 [INFO] IPUIPlugin:80 - create IPUIPlugin
2023-11-09 12:46:14,947 [INFO] PluginManager:220 - loadIPPluginJar : add genericplugin
2023-11-09 12:46:14,948 [INFO] IPUIPlugin:80 - create IPUIPlugin
2023-11-09 12:46:14,948 [INFO] PluginManager:220 - loadIPPluginJar : add opamp
2023-11-09 12:46:14,949 [INFO] IPUIPlugin:80 - create IPUIPlugin
2023-11-09 12:46:14,949 [INFO] PluginManager:220 - loadIPPluginJar : add openamp
2023-11-09 12:46:15,045 [INFO] CADModel:165 - CPN selected for project level
2023-11-09 12:46:15,045 [INFO] CADModel:114 - Register for checkConnection events
2023-11-09 12:46:15,046 [FATAL] Updater:308 - Updater called before beeing initialized
2023-11-09 12:46:15,046 [ERROR] CADModel:125 - Updater not yet initialized, retry later 
2023-11-09 12:46:15,146 [INFO] CADModel:165 - CPN selected for project level
2023-11-09 12:46:15,146 [INFO] CADModel:114 - Register for checkConnection events
2023-11-09 12:46:15,146 [FATAL] Updater:308 - Updater called before beeing initialized
2023-11-09 12:46:15,146 [ERROR] CADModel:125 - Updater not yet initialized, retry later 
2023-11-09 12:46:15,149 [FATAL] Updater:308 - Updater called before beeing initialized
2023-11-09 12:46:15,204 [FATAL] Updater:308 - Updater called before beeing initialized
2023-11-09 12:46:15,208 [INFO] DbMcusAds:53 - JSON generation date=Tue Mar 07 09:50:55 CET 2023 (1678179055335)
2023-11-09 12:46:15,208 [FATAL] Updater:308 - Updater called before beeing initialized
2023-11-09 12:46:15,235 [WARN] DetailPanel:346 - Failed to get advertising image, set to default
2023-11-09 12:46:15,313 [FATAL] Updater:308 - Updater called before beeing initialized
2023-11-09 12:46:15,314 [FATAL] Updater:308 - Updater called before beeing initialized
2023-11-09 12:46:15,314 [FATAL] Updater:308 - Updater called before beeing initialized
2023-11-09 12:46:15,314 [WARN] DetailPanel:346 - Failed to get advertising image, set to default
2023-11-09 12:46:15,315 [FATAL] Updater:308 - Updater called before beeing initialized
2023-11-09 12:46:15,337 [ERROR] Updater:1120 - MainUpdater not yet initialized. External WinMGr cannot be set.
2023-11-09 12:46:15,338 [INFO] Updater:1056 - Updater Version found : 6.9.2
2023-11-09 12:46:15,352 [INFO] ApplicationProperties:184 - Using Application install path: /opt/st/stm32cubeide_1.13.2/plugins/com.st.stm32cube.common.mx_6.9.2.202309101412
2023-11-09 12:46:15,464 [INFO] MainUpdater:2868 - connection check result : 10
2023-11-09 12:46:15,465 [INFO] MainUpdater:285 - Updater Check For Update Now.
2023-11-09 12:46:15,465 [INFO] MicroXplorer:498 - Change Database Version : DB.6.0.92
2023-11-09 12:46:15,469 [INFO] McuFinderGlobals:63 - Set McuFinder mode to 2 (CubeIDE integrated)
2023-11-09 12:46:15,469 [INFO] UserAuth:179 - activating auth plugin
2023-11-09 12:46:15,471 [INFO] UserAuth:393 - Internet connection configuration mode: 1
2023-11-09 12:46:15,479 [INFO] JxBrowserEngine:151 - Initiate JxBrowser Engine with user profile folder
2023-11-09 12:46:15,657 [INFO] CheckServerUpdateThread:120 - End of CheckServer Thread
2023-11-09 12:46:15,881 [INFO] WebApp:157 - Instantiating new browser for Auth
2023-11-09 12:46:16,235 [INFO] WebApp:753 - Register for checkConnection events
2023-11-09 12:46:16,236 [INFO] WebApp:390 - Apply proxy settings
2023-11-09 12:46:16,236 [INFO] WebApp:475 - Chromium requires no authentication
2023-11-09 12:46:16,242 [INFO] WebApp:418 - Direct internet connection detected
2023-11-09 12:46:16,343 [INFO] WebApp:188 - Starting web application
2023-11-09 12:46:16,343 [INFO] WebApp:520 - Web application path used /opt/st/stm32cubeide_1.13.2/plugins/com.st.stm32cube.common.mx_6.9.2.202309101412/db/plugins/mcufinder/reactClient1/index.html
2023-11-09 12:46:17,634 [WARN] PackLoader:240 - Cannot read IP mode file for STMicroelectronics.X-CUBE-SMBUS.2.1.0
2023-11-09 12:46:17,673 [WARN] PackLoader:240 - Cannot read IP mode file for STMicroelectronics.X-CUBE-AZRTOS-F7.1.1.0
2023-11-09 12:46:17,683 [WARN] PackLoader:240 - Cannot read IP mode file for STMicroelectronics.FP-SNS-MOTENV1.4.3.2
2023-11-09 12:46:17,689 [WARN] PackLoader:240 - Cannot read IP mode file for STMicroelectronics.FP-SNS-FLIGHT1.5.0.2
2023-11-09 12:46:17,696 [WARN] PackLoader:240 - Cannot read IP mode file for STMicroelectronics.X-CUBE-DISPLAY.3.0.0
2023-11-09 12:46:17,707 [WARN] PackLoader:240 - Cannot read IP mode file for STMicroelectronics.X-CUBE-BLE1.7.0.0
2023-11-09 12:46:17,712 [WARN] PackLoader:240 - Cannot read IP mode file for emotas.I-CUBE-CANOPEN.1.3.0
2023-11-09 12:46:17,715 [WARN] PackLoader:240 - Cannot read IP mode file for STMicroelectronics.X-CUBE-TOUCHGFX.4.22.1
2023-11-09 12:46:17,718 [WARN] PackLoader:240 - Cannot read IP mode file for STMicroelectronics.FP-SNS-SMARTAG2.1.2.0
2023-11-09 12:46:17,728 [INFO] LogOutputStream:77 - [STDOUT_REDIRECT] 1 : Invalid condition id : UX_CORESTACK_Condition cause : null
2023-11-09 12:46:17,728 [INFO] LogOutputStream:77 - [STDOUT_REDIRECT] 1 : Invalid condition id : UX_CORESTACK_Condition cause : null
2023-11-09 12:46:17,729 [INFO] LogOutputStream:77 - [STDOUT_REDIRECT] 1 : Invalid condition id : UX_CORESTACK_Condition cause : null
2023-11-09 12:46:17,730 [INFO] LogOutputStream:77 - [STDOUT_REDIRECT] 1 : Invalid condition id : UX_CORESTACK_Condition cause : null
2023-11-09 12:46:17,731 [INFO] LogOutputStream:77 - [STDOUT_REDIRECT] 1 : Invalid condition id : UX_CORESTACK_Condition cause : null
2023-11-09 12:46:17,735 [WARN] PackLoader:240 - Cannot read IP mode file for STMicroelectronics.X-CUBE-AZRTOS-WL.2.0.0
2023-11-09 12:46:17,743 [WARN] PackLoader:240 - Cannot read IP mode file for WES.I-CUBE-Cesium.1.3.0
2023-11-09 12:46:17,747 [WARN] PackLoader:240 - Cannot read IP mode file for STMicroelectronics.X-CUBE-BLE2.3.3.0
2023-11-09 12:46:17,753 [WARN] PackLoader:240 - Cannot read IP mode file for STMicroelectronics.X-CUBE-ALGOBUILD.1.3.0
2023-11-09 12:46:17,770 [WARN] PackLoader:240 - Cannot read IP mode file for STMicroelectronics.X-CUBE-AZRTOS-G0.1.1.0
2023-11-09 12:46:17,777 [WARN] PackLoader:240 - Cannot read IP mode file for STMicroelectronics.X-CUBE-NFC4.3.0.0
2023-11-09 12:46:17,786 [WARN] PackLoader:240 - Cannot read IP mode file for STMicroelectronics.X-CUBE-BLEMGR.3.0.0
2023-11-09 12:46:17,791 [WARN] PackLoader:240 - Cannot read IP mode file for STMicroelectronics.FP-ATR-SIGFOX1.3.2.0
2023-11-09 12:46:17,821 [WARN] PackLoader:240 - Cannot read IP mode file for SEGGER.I-CUBE-embOS.1.3.1
2023-11-09 12:46:17,857 [WARN] PackLoader:240 - Cannot read IP mode file for STMicroelectronics.X-CUBE-GNSS1.6.0.0
2023-11-09 12:46:17,873 [WARN] PackLoader:240 - Cannot read IP mode file for STMicroelectronics.X-CUBE-AZRTOS-F4.1.1.0
2023-11-09 12:46:17,878 [WARN] PackLoader:240 - Cannot read IP mode file for wolfSSL.I-CUBE-wolfSSL.5.6.3
2023-11-09 12:46:17,899 [WARN] PackLoader:240 - Cannot read IP mode file for STMicroelectronics.X-CUBE-AZRTOS-L5.2.0.0
2023-11-09 12:46:17,908 [WARN] PackLoader:240 - Cannot read IP mode file for STMicroelectronics.X-CUBE-EEPRMA1.4.2.0
2023-11-09 12:46:17,915 [WARN] PackLoader:240 - Cannot read IP mode file for ITTIA_DB.I-CUBE-ITTIADB.8.8.0
2023-11-09 12:46:17,923 [WARN] PackLoader:240 - Cannot read IP mode file for STMicroelectronics.X-CUBE-BLEMGR.2.0.0
2023-11-09 12:46:17,948 [WARN] ConditionMgr:438 - getConditionDescription Invalid condition id : UX DEVICE CLASS RTOS Condition cause : null
2023-11-09 12:46:17,948 [WARN] ConditionMgr:438 - getConditionDescription Invalid condition id : UX DEVICE CLASS RTOS Condition cause : null
2023-11-09 12:46:17,953 [WARN] PackLoader:240 - Cannot read IP mode file for STMicroelectronics.X-CUBE-AZRTOS-H7.3.1.0
2023-11-09 12:46:17,954 [WARN] ConditionMgr:1039 - genDependencies : Invalid condition id : UX DEVICE CLASS RTOS Condition cause : null
2023-11-09 12:46:17,954 [WARN] ConditionMgr:1039 - genDependencies : Invalid condition id : UX DEVICE CLASS RTOS Condition cause : null
2023-11-09 12:46:17,967 [WARN] ConditionMgr:1039 - genDependencies : Invalid condition id : UX DEVICE CLASS RTOS Condition cause : null
2023-11-09 12:46:17,968 [WARN] ConditionMgr:1039 - genDependencies : Invalid condition id : UX DEVICE CLASS RTOS Condition cause : null
2023-11-09 12:46:17,968 [WARN] ConditionMgr:1039 - genDependencies : Invalid condition id : UX DEVICE CLASS RTOS Condition cause : null
2023-11-09 12:46:17,974 [WARN] PackLoader:240 - Cannot read IP mode file for STMicroelectronics.X-CUBE-NFC7.1.0.1
2023-11-09 12:46:17,983 [WARN] PackLoader:240 - Cannot read IP mode file for STMicroelectronics.X-CUBE-NFC6.3.0.0
2023-11-09 12:46:17,989 [WARN] PackLoader:240 - Cannot read IP mode file for STMicroelectronics.X-CUBE-EEPRMA1.4.1.0
2023-11-09 12:46:17,994 [WARN] PackLoader:240 - Cannot read IP mode file for STMicroelectronics.X-CUBE-AI.8.1.0
2023-11-09 12:46:18,014 [WARN] ConditionMgr:438 - getConditionDescription Invalid condition id : LAN8742 Phy interface Condition cause : null
2023-11-09 12:46:18,018 [WARN] PackLoader:240 - Cannot read IP mode file for STMicroelectronics.X-CUBE-AZRTOS-L4.2.0.0
2023-11-09 12:46:18,020 [WARN] ConditionMgr:1039 - genDependencies : Invalid condition id : LAN8742 Phy interface Condition cause : null
2023-11-09 12:46:18,021 [WARN] ConditionMgr:1039 - genDependencies : Invalid condition id : LAN8742 Phy interface Condition cause : null
2023-11-09 12:46:18,021 [WARN] ConditionMgr:1039 - genDependencies : Invalid condition id : LAN8742 Phy interface Condition cause : null
2023-11-09 12:46:18,029 [WARN] PackLoader:240 - Cannot read IP mode file for STMicroelectronics.X-CUBE-SFXS2LP1.4.0.0
2023-11-09 12:46:18,035 [WARN] PackLoader:240 - Cannot read IP mode file for STMicroelectronics.X-CUBE-ISPU.1.1.0
2023-11-09 12:46:18,049 [WARN] ConditionMgr:438 - getConditionDescription Invalid condition id : UX DEVICE CLASS RTOS Condition cause : null
2023-11-09 12:46:18,049 [WARN] ConditionMgr:438 - getConditionDescription Invalid condition id : UX DEVICE CLASS RTOS Condition cause : null
2023-11-09 12:46:18,052 [WARN] PackLoader:240 - Cannot read IP mode file for STMicroelectronics.X-CUBE-AZRTOS-WB.2.0.0
2023-11-09 12:46:18,052 [WARN] ConditionMgr:1039 - genDependencies : Invalid condition id : UX DEVICE CLASS RTOS Condition cause : null
2023-11-09 12:46:18,053 [WARN] ConditionMgr:1039 - genDependencies : Invalid condition id : UX DEVICE CLASS RTOS Condition cause : null
2023-11-09 12:46:18,053 [WARN] ConditionMgr:1039 - genDependencies : Invalid condition id : UX DEVICE CLASS RTOS Condition cause : null
2023-11-09 12:46:18,054 [WARN] ConditionMgr:1039 - genDependencies : Invalid condition id : UX DEVICE CLASS RTOS Condition cause : null
2023-11-09 12:46:18,054 [WARN] ConditionMgr:1039 - genDependencies : Invalid condition id : UX DEVICE CLASS RTOS Condition cause : null
2023-11-09 12:46:18,065 [WARN] PackLoader:240 - Cannot read IP mode file for STMicroelectronics.X-CUBE-SUBG2.5.0.0
2023-11-09 12:46:18,084 [WARN] PackLoader:240 - Cannot read IP mode file for STMicroelectronics.X-CUBE-TOF1.3.3.1
2023-11-09 12:46:18,116 [WARN] PackLoader:240 - Cannot read IP mode file for STMicroelectronics.X-CUBE-AZRTOS-G4.2.0.0
2023-11-09 12:46:18,131 [WARN] PackLoader:240 - Cannot read IP mode file for Infineon.AIROC-Wi-Fi-Bluetooth-STM32.1.5.1
2023-11-09 12:46:18,139 [WARN] PackLoader:240 - Cannot read IP mode file for STMicroelectronics.FP-SNS-MOTENVWB1.1.3.0
2023-11-09 12:46:18,189 [WARN] PackLoader:240 - Cannot read IP mode file for STMicroelectronics.X-CUBE-MEMS1.10.0.0
2023-11-09 12:46:18,397 [WARN] PackLoader:240 - Cannot read IP mode file for STMicroelectronics.X-CUBE-FREERTOS.1.1.0
2023-11-09 12:46:18,403 [WARN] PackLoader:240 - Cannot read IP mode file for portGmbH.I-Cube-SoM-uGOAL.1.1.0
2023-11-09 12:46:18,407 [WARN] PackLoader:240 - Cannot read IP mode file for STMicroelectronics.X-CUBE-ALS.1.0.1
2023-11-09 12:46:18,412 [WARN] PackLoader:240 - Cannot read IP mode file for STMicroelectronics.FP-ATR-ASTRA1.2.0.0
2023-11-09 12:46:18,413 [INFO] ThirdParty:978 - Integrity check success = true
2023-11-09 12:46:18,413 [INFO] IntegrityCheckThread:100 - exiting critical section [integrity check]
2023-11-09 12:46:18,413 [INFO] IntegrityCheckThread:103 - End integrity checks thread
2023-11-09 12:46:36,762 [ERROR] LogOutputStream:75 - [STDERR_REDIRECT] SLF4J: Failed to load class "org.slf4j.impl.StaticLoggerBinder".
2023-11-09 12:46:36,762 [ERROR] LogOutputStream:75 - [STDERR_REDIRECT] SLF4J: Defaulting to no-operation (NOP) logger implementation
2023-11-09 12:46:36,764 [ERROR] LogOutputStream:75 - [STDERR_REDIRECT] SLF4J: See http://www.slf4j.org/codes.html#StaticLoggerBinder for further details.
2023-11-09 12:47:22,896 [ERROR] LogOutputStream:75 - [STDERR_REDIRECT] 
2023-11-09 12:47:45,320 [INFO] Activator:176 - 


2023-11-09 12:47:45,321 [INFO] Activator:177 - !SESSION log4j initialized
2023-11-09 12:47:47,492 [INFO] LogOutputStream:77 - [STDOUT_REDIRECT] 
2023-11-09 12:47:55,562 [INFO] ApplicationProperties:184 - Using Application install path: /opt/st/stm32cubeide_1.13.2/plugins/com.st.stm32cube.common.mx_6.9.2.202309101412
2023-11-09 12:47:55,588 [INFO] DbMcusXml:78 - Set database path to: /opt/st/stm32cubeide_1.13.2/plugins/com.st.stm32cube.common.mx_6.9.2.202309101412//db//mcu/
2023-11-09 12:47:55,589 [INFO] ApiDb:274 - Set plugin database path to: /opt/st/stm32cubeide_1.13.2/plugins/com.st.stm32cube.common.mx_6.9.2.202309101412//db//plugins/boardmanager/
2023-11-09 12:47:55,589 [WARN] ApiDb:259 - Overriding images path with different value:  => /opt/st/stm32cubeide_1.13.2/plugins/com.st.stm32cube.common.mx_6.9.2.202309101412//db//plugins/mcufinder/images/
2023-11-09 12:47:55,600 [INFO] ApiDb:250 - Set database path to: /home/RA/lovro.mileusnic/.stmcufinder/plugins/mcufinder//mcu/
2023-11-09 12:47:55,602 [INFO] DbMcusAds:125 - Set database path to: /home/RA/lovro.mileusnic/.stmcufinder/plugins/mcufinder//mcu/
2023-11-09 12:47:55,605 [INFO] CrossReferenceDbSqlite:203 - Set database path to: /home/RA/lovro.mileusnic/.stmcufinder/plugins/mcufinder//mcu/cs/
2023-11-09 12:47:55,760 [INFO] RulesReader:64 - Compatibility file has been processed (293 Rules)
2023-11-09 12:47:55,835 [INFO] DbMcusXml:78 - Set database path to: /opt/st/stm32cubeide_1.13.2/plugins/com.st.stm32cube.common.mx_6.9.2.202309101412//db//mcu/
2023-11-09 12:47:55,835 [INFO] ApiDb:274 - Set plugin database path to: /opt/st/stm32cubeide_1.13.2/plugins/com.st.stm32cube.common.mx_6.9.2.202309101412//db//plugins/boardmanager/
2023-11-09 12:47:55,836 [INFO] ApiDb:261 - Set plugin images path to: /opt/st/stm32cubeide_1.13.2/plugins/com.st.stm32cube.common.mx_6.9.2.202309101412//db//plugins/mcufinder/images/
2023-11-09 12:47:55,836 [WARN] DbFile:41 - Overriding database path with different value: /home/RA/lovro.mileusnic/.stmcufinder/plugins/mcufinder/ => /home/RA/lovro.mileusnic/.stmcufinder/plugins/mcufinder
2023-11-09 12:47:55,836 [INFO] ApiDb:250 - Set database path to: /home/RA/lovro.mileusnic/.stmcufinder/plugins/mcufinder//mcu/
2023-11-09 12:47:55,836 [WARN] DbFile:41 - Overriding database path with different value: /home/RA/lovro.mileusnic/.stmcufinder/plugins/mcufinder/ => /home/RA/lovro.mileusnic/.stmcufinder/plugins/mcufinder
2023-11-09 12:47:55,836 [INFO] DbMcusAds:125 - Set database path to: /home/RA/lovro.mileusnic/.stmcufinder/plugins/mcufinder//mcu/
2023-11-09 12:47:55,836 [WARN] DbFile:41 - Overriding database path with different value: /home/RA/lovro.mileusnic/.stmcufinder/plugins/mcufinder/ => /home/RA/lovro.mileusnic/.stmcufinder/plugins/mcufinder
2023-11-09 12:47:55,837 [WARN] DbFile:41 - Overriding database path with different value: /home/RA/lovro.mileusnic/.stmcufinder/plugins/mcufinder/ => /home/RA/lovro.mileusnic/.stmcufinder/plugins/mcufinder
2023-11-09 12:47:55,837 [INFO] CrossReferenceDbSqlite:203 - Set database path to: /home/RA/lovro.mileusnic/.stmcufinder/plugins/mcufinder//mcu/cs/
2023-11-09 12:47:55,919 [INFO] MainPanel:262 - HeapMemory: 268435456
2023-11-09 12:47:56,026 [INFO] DbMcusXml:78 - Set database path to: /opt/st/stm32cubeide_1.13.2/plugins/com.st.stm32cube.common.mx_6.9.2.202309101412//db//mcu/
2023-11-09 12:47:56,027 [INFO] ApiDb:274 - Set plugin database path to: /opt/st/stm32cubeide_1.13.2/plugins/com.st.stm32cube.common.mx_6.9.2.202309101412//db//plugins/boardmanager/
2023-11-09 12:47:56,027 [INFO] ApiDb:261 - Set plugin images path to: /opt/st/stm32cubeide_1.13.2/plugins/com.st.stm32cube.common.mx_6.9.2.202309101412//db//plugins/mcufinder/images/
2023-11-09 12:47:56,027 [WARN] DbFile:41 - Overriding database path with different value: /home/RA/lovro.mileusnic/.stmcufinder/plugins/mcufinder/ => /home/RA/lovro.mileusnic/.stmcufinder/plugins/mcufinder
2023-11-09 12:47:56,027 [INFO] ApiDb:250 - Set database path to: /home/RA/lovro.mileusnic/.stmcufinder/plugins/mcufinder//mcu/
2023-11-09 12:47:56,028 [WARN] DbFile:41 - Overriding database path with different value: /home/RA/lovro.mileusnic/.stmcufinder/plugins/mcufinder/ => /home/RA/lovro.mileusnic/.stmcufinder/plugins/mcufinder
2023-11-09 12:47:56,028 [INFO] DbMcusAds:125 - Set database path to: /home/RA/lovro.mileusnic/.stmcufinder/plugins/mcufinder//mcu/
2023-11-09 12:47:56,028 [WARN] DbFile:41 - Overriding database path with different value: /home/RA/lovro.mileusnic/.stmcufinder/plugins/mcufinder/ => /home/RA/lovro.mileusnic/.stmcufinder/plugins/mcufinder
2023-11-09 12:47:56,028 [WARN] DbFile:41 - Overriding database path with different value: /home/RA/lovro.mileusnic/.stmcufinder/plugins/mcufinder/ => /home/RA/lovro.mileusnic/.stmcufinder/plugins/mcufinder
2023-11-09 12:47:56,028 [INFO] CrossReferenceDbSqlite:203 - Set database path to: /home/RA/lovro.mileusnic/.stmcufinder/plugins/mcufinder//mcu/cs/
2023-11-09 12:47:56,049 [INFO] ApplicationProperties:184 - Using Application install path: /opt/st/stm32cubeide_1.13.2/plugins/com.st.stm32cube.common.mx_6.9.2.202309101412
2023-11-09 12:47:56,051 [INFO] PluginManage:196 - Search for loadable plugins [exclusion list=, ]
2023-11-09 12:47:56,053 [INFO] PluginManage:310 - Check plugin analytics
2023-11-09 12:47:56,257 [INFO] AnalyticsPlugin:253 - Accepted Software Licenses: STM32CubeMX.6.9.2
2023-11-09 12:47:56,257 [INFO] AnalyticsPlugin:255 - Accepted CMSIS Pack Licenses: 
2023-11-09 12:47:56,257 [INFO] AnalyticsPlugin:257 - Accepted Firmware Licenses: FW.F4.1.27.0
2023-11-09 12:47:56,260 [INFO] PluginManage:359 - Loaded plugin analytics (category:tool,tabindex:-1)
2023-11-09 12:47:56,261 [INFO] PluginManage:310 - Check plugin cadmodel
2023-11-09 12:47:56,302 [INFO] CADModel:105 - Init CAD model plugin
2023-11-09 12:47:56,303 [INFO] PluginManage:359 - Loaded plugin cadmodel (category:power,tabindex:5)
2023-11-09 12:47:56,303 [INFO] PluginManage:310 - Check plugin clock
2023-11-09 12:47:56,315 [INFO] PluginManage:359 - Loaded plugin clock (category:base,tabindex:2)
2023-11-09 12:47:56,315 [INFO] PluginManage:310 - Check plugin ddr
2023-11-09 12:47:56,317 [INFO] PluginManage:359 - Loaded plugin ddr (category:tool,tabindex:6)
2023-11-09 12:47:56,319 [INFO] PluginManage:310 - Check plugin filemanager
2023-11-09 12:47:56,547 [INFO] PluginManage:359 - Loaded plugin filemanager (category:base,tabindex:10)
2023-11-09 12:47:56,547 [INFO] PluginManage:310 - Check plugin ipmanager
2023-11-09 12:47:56,556 [INFO] PluginManage:359 - Loaded plugin ipmanager (category:base,tabindex:5)
2023-11-09 12:47:56,557 [INFO] PluginManage:310 - Check plugin lpbam
2023-11-09 12:47:56,576 [INFO] PluginManage:359 - Loaded plugin lpbam (category:base,tabindex:0)
2023-11-09 12:47:56,576 [INFO] PluginManage:310 - Check plugin memorymap
2023-11-09 12:47:56,593 [INFO] PluginManage:359 - Loaded plugin memorymap (category:base,tabindex:4)
2023-11-09 12:47:56,593 [INFO] PluginManage:310 - Check plugin pinoutandconfiguration
2023-11-09 12:47:56,603 [INFO] PluginManage:359 - Loaded plugin pinoutandconfiguration (category:base,tabindex:1)
2023-11-09 12:47:56,604 [INFO] PluginManage:310 - Check plugin pinoutconfig
2023-11-09 12:47:56,710 [WARN] SupportedApi:132 - Cannot load RTOS API schema: s4s-elt-must-match.1: The content of 'definitions' must match (annotation?, (simpleType | complexType)?, (unique | key | keyref)*)). A problem was found starting at: attribute.
2023-11-09 12:47:56,906 [INFO] PluginManage:359 - Loaded plugin pinoutconfig (category:base,tabindex:0)
2023-11-09 12:47:56,907 [INFO] PluginManage:310 - Check plugin power
2023-11-09 12:47:56,918 [INFO] PluginManage:359 - Loaded plugin power (category:power,tabindex:4)
2023-11-09 12:47:56,918 [INFO] PluginManage:310 - Check plugin projectmanager
2023-11-09 12:47:56,936 [INFO] PluginManage:359 - Loaded plugin projectmanager (category:projectmanager,tabindex:3)
2023-11-09 12:47:56,937 [INFO] PluginManage:310 - Check plugin thirdparty
2023-11-09 12:47:57,108 [INFO] PluginManage:359 - Loaded plugin thirdparty (category:base,tabindex:-1)
2023-11-09 12:47:57,108 [WARN] IntegrityCheckThread:84 - waiting for thirdparty lock release [integrity check]
2023-11-09 12:47:57,108 [INFO] PluginManage:310 - Check plugin tools
2023-11-09 12:47:57,108 [INFO] IntegrityCheckThread:86 - entering critical section [integrity check]
2023-11-09 12:47:57,109 [INFO] ThirdPartyUpdaterWithRetryManager:70 - Updater plugin not ready yet. [1/15]
2023-11-09 12:47:57,110 [INFO] PluginManage:359 - Loaded plugin tools (category:base,tabindex:7)
2023-11-09 12:47:57,111 [INFO] PluginManage:310 - Check plugin tutovideos
2023-11-09 12:47:57,373 [INFO] PluginManage:359 - Loaded plugin tutovideos (category:base,tabindex:-1)
2023-11-09 12:47:57,373 [INFO] PluginManage:310 - Check plugin updater
2023-11-09 12:47:57,384 [INFO] PluginManage:359 - Loaded plugin updater (category:base,tabindex:12)
2023-11-09 12:47:57,384 [INFO] PluginManage:310 - Check plugin userauth
2023-11-09 12:47:57,390 [INFO] UserAuth:113 - Init User Auth plugin
2023-11-09 12:47:57,390 [INFO] PluginManage:359 - Loaded plugin userauth (category:base,tabindex:14)
2023-11-09 12:47:57,391 [INFO] PluginManage:283 - PluginManage : Loaded plugins [17]
2023-11-09 12:47:57,610 [INFO] PinOutPanel:1499 - setPackage(No Configuration,No Configuration)
2023-11-09 12:47:57,715 [INFO] CADModel:165 - CPN selected for project level
2023-11-09 12:47:57,716 [INFO] CADModel:114 - Register for checkConnection events
2023-11-09 12:47:57,722 [INFO] IPUIPlugin:80 - create IPUIPlugin
2023-11-09 12:47:57,723 [INFO] PluginManager:220 - loadIPPluginJar : add tim
2023-11-09 12:47:57,726 [INFO] IPUIPlugin:80 - create IPUIPlugin
2023-11-09 12:47:57,726 [INFO] PluginManager:220 - loadIPPluginJar : add lorawan
2023-11-09 12:47:57,728 [INFO] IPUIPlugin:80 - create IPUIPlugin
2023-11-09 12:47:57,728 [INFO] PluginManager:220 - loadIPPluginJar : add spi
2023-11-09 12:47:57,730 [INFO] IPUIPlugin:80 - create IPUIPlugin
2023-11-09 12:47:57,731 [INFO] PluginManager:220 - loadIPPluginJar : add sai
2023-11-09 12:47:57,734 [INFO] IPUIPlugin:80 - create IPUIPlugin
2023-11-09 12:47:57,734 [INFO] PluginManager:220 - loadIPPluginJar : add freertos
2023-11-09 12:47:57,740 [INFO] IPUIPlugin:80 - create IPUIPlugin
2023-11-09 12:47:57,740 [INFO] PluginManager:220 - loadIPPluginJar : add linkedlist
2023-11-09 12:47:57,742 [INFO] IPUIPlugin:80 - create IPUIPlugin
2023-11-09 12:47:57,742 [INFO] PluginManager:220 - loadIPPluginJar : add touchsensing
2023-11-09 12:47:57,743 [INFO] IPUIPlugin:80 - create IPUIPlugin
2023-11-09 12:47:57,743 [INFO] PluginManager:220 - loadIPPluginJar : add ltdc
2023-11-09 12:47:57,744 [INFO] IPUIPlugin:80 - create IPUIPlugin
2023-11-09 12:47:57,744 [INFO] PluginManager:220 - loadIPPluginJar : add ucpd
2023-11-09 12:47:57,746 [INFO] IPUIPlugin:80 - create IPUIPlugin
2023-11-09 12:47:57,746 [INFO] PluginManager:220 - loadIPPluginJar : add aes
2023-11-09 12:47:57,749 [INFO] IPUIPlugin:80 - create IPUIPlugin
2023-11-09 12:47:57,749 [INFO] PluginManager:220 - loadIPPluginJar : add resmgrutility
2023-11-09 12:47:57,751 [INFO] IPUIPlugin:80 - create IPUIPlugin
2023-11-09 12:47:57,751 [INFO] PluginManager:220 - loadIPPluginJar : add cryp
2023-11-09 12:47:57,753 [INFO] IPUIPlugin:80 - create IPUIPlugin
2023-11-09 12:47:57,753 [INFO] PluginManager:220 - loadIPPluginJar : add can
2023-11-09 12:47:57,755 [INFO] IPUIPlugin:80 - create IPUIPlugin
2023-11-09 12:47:57,755 [INFO] PluginManager:220 - loadIPPluginJar : add usbx
2023-11-09 12:47:57,757 [INFO] IPUIPlugin:80 - create IPUIPlugin
2023-11-09 12:47:57,757 [INFO] PluginManager:220 - loadIPPluginJar : add dfsdm
2023-11-09 12:47:57,760 [INFO] IPUIPlugin:80 - create IPUIPlugin
2023-11-09 12:47:57,760 [INFO] PluginManager:220 - loadIPPluginJar : add gpio
2023-11-09 12:47:57,761 [INFO] IPUIPlugin:80 - create IPUIPlugin
2023-11-09 12:47:57,761 [INFO] PluginManager:220 - loadIPPluginJar : add quadspi
2023-11-09 12:47:57,763 [INFO] IPUIPlugin:80 - create IPUIPlugin
2023-11-09 12:47:57,764 [INFO] PluginManager:220 - loadIPPluginJar : add nvic
2023-11-09 12:47:57,764 [INFO] IPUIPlugin:80 - create IPUIPlugin
2023-11-09 12:47:57,764 [INFO] PluginManager:220 - loadIPPluginJar : add fatfs
2023-11-09 12:47:57,766 [INFO] IPUIPlugin:80 - create IPUIPlugin
2023-11-09 12:47:57,766 [INFO] PluginManager:220 - loadIPPluginJar : add i3c
2023-11-09 12:47:57,768 [INFO] IPUIPlugin:80 - create IPUIPlugin
2023-11-09 12:47:57,768 [INFO] PluginManager:220 - loadIPPluginJar : add dma3
2023-11-09 12:47:57,773 [INFO] IPUIPlugin:80 - create IPUIPlugin
2023-11-09 12:47:57,776 [INFO] PluginManager:220 - loadIPPluginJar : add plateformsettings
2023-11-09 12:47:57,780 [INFO] IPUIPlugin:80 - create IPUIPlugin
2023-11-09 12:47:57,780 [INFO] PluginManager:220 - loadIPPluginJar : add stm32_wpan
2023-11-09 12:47:57,784 [INFO] IPUIPlugin:80 - create IPUIPlugin
2023-11-09 12:47:57,784 [INFO] PluginManager:220 - loadIPPluginJar : add gic
2023-11-09 12:47:57,786 [INFO] IPUIPlugin:80 - create IPUIPlugin
2023-11-09 12:47:57,787 [INFO] PluginManager:220 - loadIPPluginJar : add ts
2023-11-09 12:47:57,791 [INFO] IPUIPlugin:80 - create IPUIPlugin
2023-11-09 12:47:57,792 [INFO] PluginManager:220 - loadIPPluginJar : add dma
2023-11-09 12:47:57,794 [INFO] IPUIPlugin:80 - create IPUIPlugin
2023-11-09 12:47:57,794 [INFO] PluginManager:220 - loadIPPluginJar : add pdm2pcm
2023-11-09 12:47:57,795 [INFO] IPUIPlugin:80 - create IPUIPlugin
2023-11-09 12:47:57,795 [INFO] PluginManager:220 - loadIPPluginJar : add tsc
2023-11-09 12:47:57,798 [INFO] IPUIPlugin:80 - create IPUIPlugin
2023-11-09 12:47:57,798 [INFO] PluginManager:220 - loadIPPluginJar : add ipddr
2023-11-09 12:47:57,801 [INFO] IPUIPlugin:80 - create IPUIPlugin
2023-11-09 12:47:57,801 [INFO] PluginManager:220 - loadIPPluginJar : add usart
2023-11-09 12:47:57,804 [INFO] IPUIPlugin:80 - create IPUIPlugin
2023-11-09 12:47:57,804 [INFO] PluginManager:220 - loadIPPluginJar : add i2s
2023-11-09 12:47:57,809 [INFO] IPUIPlugin:80 - create IPUIPlugin
2023-11-09 12:47:57,809 [INFO] PluginManager:220 - loadIPPluginJar : add fmc
2023-11-09 12:47:57,813 [INFO] IPUIPlugin:80 - create IPUIPlugin
2023-11-09 12:47:57,813 [INFO] PluginManager:220 - loadIPPluginJar : add gfxmmu
2023-11-09 12:47:57,818 [INFO] IPUIPlugin:80 - create IPUIPlugin
2023-11-09 12:47:57,818 [INFO] PluginManager:220 - loadIPPluginJar : add adc
2023-11-09 12:47:57,820 [INFO] IPUIPlugin:80 - create IPUIPlugin
2023-11-09 12:47:57,820 [INFO] PluginManager:220 - loadIPPluginJar : add comp
2023-11-09 12:47:57,822 [INFO] IPUIPlugin:80 - create IPUIPlugin
2023-11-09 12:47:57,822 [INFO] PluginManager:220 - loadIPPluginJar : add gtzc
2023-11-09 12:47:57,824 [INFO] IPUIPlugin:80 - create IPUIPlugin
2023-11-09 12:47:57,824 [INFO] PluginManager:220 - loadIPPluginJar : add i2c
2023-11-09 12:47:57,829 [INFO] IPUIPlugin:80 - create IPUIPlugin
2023-11-09 12:47:57,830 [INFO] PluginManager:220 - loadIPPluginJar : add mdma
2023-11-09 12:47:57,832 [INFO] IPUIPlugin:80 - create IPUIPlugin
2023-11-09 12:47:57,832 [INFO] PluginManager:220 - loadIPPluginJar : add tracer_emb
2023-11-09 12:47:57,835 [INFO] IPUIPlugin:80 - create IPUIPlugin
2023-11-09 12:47:57,835 [INFO] PluginManager:220 - loadIPPluginJar : add hash
2023-11-09 12:47:57,836 [INFO] IPUIPlugin:80 - create IPUIPlugin
2023-11-09 12:47:57,836 [INFO] PluginManager:220 - loadIPPluginJar : add genericplugin
2023-11-09 12:47:57,839 [INFO] IPUIPlugin:80 - create IPUIPlugin
2023-11-09 12:47:57,839 [INFO] PluginManager:220 - loadIPPluginJar : add opamp
2023-11-09 12:47:57,841 [INFO] IPUIPlugin:80 - create IPUIPlugin
2023-11-09 12:47:57,841 [INFO] PluginManager:220 - loadIPPluginJar : add openamp
2023-11-09 12:47:57,947 [INFO] CADModel:165 - CPN selected for project level
2023-11-09 12:47:57,948 [INFO] CADModel:114 - Register for checkConnection events
2023-11-09 12:47:57,948 [FATAL] Updater:308 - Updater called before beeing initialized
2023-11-09 12:47:57,948 [ERROR] CADModel:125 - Updater not yet initialized, retry later 
2023-11-09 12:47:58,087 [INFO] CADModel:165 - CPN selected for project level
2023-11-09 12:47:58,087 [INFO] CADModel:114 - Register for checkConnection events
2023-11-09 12:47:58,087 [FATAL] Updater:308 - Updater called before beeing initialized
2023-11-09 12:47:58,088 [ERROR] CADModel:125 - Updater not yet initialized, retry later 
2023-11-09 12:47:58,092 [FATAL] Updater:308 - Updater called before beeing initialized
2023-11-09 12:47:58,198 [FATAL] Updater:308 - Updater called before beeing initialized
2023-11-09 12:47:58,205 [INFO] DbMcusAds:53 - JSON generation date=Tue Mar 07 09:50:55 CET 2023 (1678179055335)
2023-11-09 12:47:58,206 [FATAL] Updater:308 - Updater called before beeing initialized
2023-11-09 12:47:58,251 [WARN] DetailPanel:346 - Failed to get advertising image, set to default
2023-11-09 12:47:58,395 [FATAL] Updater:308 - Updater called before beeing initialized
2023-11-09 12:47:58,397 [FATAL] Updater:308 - Updater called before beeing initialized
2023-11-09 12:47:58,397 [FATAL] Updater:308 - Updater called before beeing initialized
2023-11-09 12:47:58,397 [WARN] DetailPanel:346 - Failed to get advertising image, set to default
2023-11-09 12:47:58,399 [FATAL] Updater:308 - Updater called before beeing initialized
2023-11-09 12:47:58,442 [ERROR] Updater:1120 - MainUpdater not yet initialized. External WinMGr cannot be set.
2023-11-09 12:47:58,444 [INFO] Updater:1056 - Updater Version found : 6.9.2
2023-11-09 12:47:58,460 [INFO] ApplicationProperties:184 - Using Application install path: /opt/st/stm32cubeide_1.13.2/plugins/com.st.stm32cube.common.mx_6.9.2.202309101412
2023-11-09 12:47:58,606 [INFO] MainUpdater:2868 - connection check result : 10
2023-11-09 12:47:58,607 [INFO] MainUpdater:285 - Updater Check For Update Now.
2023-11-09 12:47:58,607 [INFO] MicroXplorer:498 - Change Database Version : DB.6.0.92
2023-11-09 12:47:58,613 [INFO] McuFinderGlobals:63 - Set McuFinder mode to 2 (CubeIDE integrated)
2023-11-09 12:47:58,613 [INFO] UserAuth:179 - activating auth plugin
2023-11-09 12:47:58,619 [INFO] UserAuth:393 - Internet connection configuration mode: 1
2023-11-09 12:47:58,630 [INFO] JxBrowserEngine:151 - Initiate JxBrowser Engine with user profile folder
2023-11-09 12:47:58,803 [INFO] CheckServerUpdateThread:120 - End of CheckServer Thread
2023-11-09 12:47:59,237 [INFO] WebApp:157 - Instantiating new browser for Auth
2023-11-09 12:47:59,908 [INFO] WebApp:753 - Register for checkConnection events
2023-11-09 12:47:59,908 [INFO] WebApp:390 - Apply proxy settings
2023-11-09 12:47:59,909 [INFO] WebApp:475 - Chromium requires no authentication
2023-11-09 12:47:59,922 [INFO] WebApp:418 - Direct internet connection detected
2023-11-09 12:48:00,108 [INFO] WebApp:188 - Starting web application
2023-11-09 12:48:00,108 [INFO] WebApp:520 - Web application path used /opt/st/stm32cubeide_1.13.2/plugins/com.st.stm32cube.common.mx_6.9.2.202309101412/db/plugins/mcufinder/reactClient1/index.html
2023-11-09 12:48:00,225 [WARN] PackLoader:240 - Cannot read IP mode file for STMicroelectronics.X-CUBE-SMBUS.2.1.0
2023-11-09 12:48:00,334 [WARN] PackLoader:240 - Cannot read IP mode file for STMicroelectronics.X-CUBE-AZRTOS-F7.1.1.0
2023-11-09 12:48:00,351 [WARN] PackLoader:240 - Cannot read IP mode file for STMicroelectronics.FP-SNS-MOTENV1.4.3.2
2023-11-09 12:48:00,363 [WARN] PackLoader:240 - Cannot read IP mode file for STMicroelectronics.FP-SNS-FLIGHT1.5.0.2
2023-11-09 12:48:00,375 [WARN] PackLoader:240 - Cannot read IP mode file for STMicroelectronics.X-CUBE-DISPLAY.3.0.0
2023-11-09 12:48:00,389 [WARN] PackLoader:240 - Cannot read IP mode file for STMicroelectronics.X-CUBE-BLE1.7.0.0
2023-11-09 12:48:00,395 [WARN] PackLoader:240 - Cannot read IP mode file for emotas.I-CUBE-CANOPEN.1.3.0
2023-11-09 12:48:00,398 [WARN] PackLoader:240 - Cannot read IP mode file for STMicroelectronics.X-CUBE-TOUCHGFX.4.22.1
2023-11-09 12:48:00,402 [WARN] PackLoader:240 - Cannot read IP mode file for STMicroelectronics.FP-SNS-SMARTAG2.1.2.0
2023-11-09 12:48:00,416 [INFO] LogOutputStream:77 - [STDOUT_REDIRECT] 1 : Invalid condition id : UX_CORESTACK_Condition cause : null
2023-11-09 12:48:00,417 [INFO] LogOutputStream:77 - [STDOUT_REDIRECT] 1 : Invalid condition id : UX_CORESTACK_Condition cause : null
2023-11-09 12:48:00,417 [INFO] LogOutputStream:77 - [STDOUT_REDIRECT] 1 : Invalid condition id : UX_CORESTACK_Condition cause : null
2023-11-09 12:48:00,418 [INFO] LogOutputStream:77 - [STDOUT_REDIRECT] 1 : Invalid condition id : UX_CORESTACK_Condition cause : null
2023-11-09 12:48:00,419 [INFO] LogOutputStream:77 - [STDOUT_REDIRECT] 1 : Invalid condition id : UX_CORESTACK_Condition cause : null
2023-11-09 12:48:00,423 [WARN] PackLoader:240 - Cannot read IP mode file for STMicroelectronics.X-CUBE-AZRTOS-WL.2.0.0
2023-11-09 12:48:00,432 [WARN] PackLoader:240 - Cannot read IP mode file for WES.I-CUBE-Cesium.1.3.0
2023-11-09 12:48:00,436 [WARN] PackLoader:240 - Cannot read IP mode file for STMicroelectronics.X-CUBE-BLE2.3.3.0
2023-11-09 12:48:00,442 [WARN] PackLoader:240 - Cannot read IP mode file for STMicroelectronics.X-CUBE-ALGOBUILD.1.3.0
2023-11-09 12:48:00,465 [WARN] PackLoader:240 - Cannot read IP mode file for STMicroelectronics.X-CUBE-AZRTOS-G0.1.1.0
2023-11-09 12:48:00,472 [WARN] PackLoader:240 - Cannot read IP mode file for STMicroelectronics.X-CUBE-NFC4.3.0.0
2023-11-09 12:48:00,483 [WARN] PackLoader:240 - Cannot read IP mode file for STMicroelectronics.X-CUBE-BLEMGR.3.0.0
2023-11-09 12:48:00,489 [WARN] PackLoader:240 - Cannot read IP mode file for STMicroelectronics.FP-ATR-SIGFOX1.3.2.0
2023-11-09 12:48:00,522 [WARN] PackLoader:240 - Cannot read IP mode file for SEGGER.I-CUBE-embOS.1.3.1
2023-11-09 12:48:00,561 [WARN] PackLoader:240 - Cannot read IP mode file for STMicroelectronics.X-CUBE-GNSS1.6.0.0
2023-11-09 12:48:00,582 [WARN] PackLoader:240 - Cannot read IP mode file for STMicroelectronics.X-CUBE-AZRTOS-F4.1.1.0
2023-11-09 12:48:00,588 [WARN] PackLoader:240 - Cannot read IP mode file for wolfSSL.I-CUBE-wolfSSL.5.6.3
2023-11-09 12:48:00,607 [WARN] PackLoader:240 - Cannot read IP mode file for STMicroelectronics.X-CUBE-AZRTOS-L5.2.0.0
2023-11-09 12:48:00,614 [WARN] PackLoader:240 - Cannot read IP mode file for STMicroelectronics.X-CUBE-EEPRMA1.4.2.0
2023-11-09 12:48:00,618 [WARN] PackLoader:240 - Cannot read IP mode file for ITTIA_DB.I-CUBE-ITTIADB.8.8.0
2023-11-09 12:48:00,625 [WARN] PackLoader:240 - Cannot read IP mode file for STMicroelectronics.X-CUBE-BLEMGR.2.0.0
2023-11-09 12:48:00,645 [WARN] ConditionMgr:438 - getConditionDescription Invalid condition id : UX DEVICE CLASS RTOS Condition cause : null
2023-11-09 12:48:00,646 [WARN] ConditionMgr:438 - getConditionDescription Invalid condition id : UX DEVICE CLASS RTOS Condition cause : null
2023-11-09 12:48:00,648 [WARN] PackLoader:240 - Cannot read IP mode file for STMicroelectronics.X-CUBE-AZRTOS-H7.3.1.0
2023-11-09 12:48:00,649 [WARN] ConditionMgr:1039 - genDependencies : Invalid condition id : UX DEVICE CLASS RTOS Condition cause : null
2023-11-09 12:48:00,650 [WARN] ConditionMgr:1039 - genDependencies : Invalid condition id : UX DEVICE CLASS RTOS Condition cause : null
2023-11-09 12:48:00,650 [WARN] ConditionMgr:1039 - genDependencies : Invalid condition id : UX DEVICE CLASS RTOS Condition cause : null
2023-11-09 12:48:00,651 [WARN] ConditionMgr:1039 - genDependencies : Invalid condition id : UX DEVICE CLASS RTOS Condition cause : null
2023-11-09 12:48:00,651 [WARN] ConditionMgr:1039 - genDependencies : Invalid condition id : UX DEVICE CLASS RTOS Condition cause : null
2023-11-09 12:48:00,657 [WARN] PackLoader:240 - Cannot read IP mode file for STMicroelectronics.X-CUBE-NFC7.1.0.1
2023-11-09 12:48:00,664 [WARN] PackLoader:240 - Cannot read IP mode file for STMicroelectronics.X-CUBE-NFC6.3.0.0
2023-11-09 12:48:00,672 [WARN] PackLoader:240 - Cannot read IP mode file for STMicroelectronics.X-CUBE-EEPRMA1.4.1.0
2023-11-09 12:48:00,676 [WARN] PackLoader:240 - Cannot read IP mode file for STMicroelectronics.X-CUBE-AI.8.1.0
2023-11-09 12:48:00,702 [WARN] ConditionMgr:438 - getConditionDescription Invalid condition id : LAN8742 Phy interface Condition cause : null
2023-11-09 12:48:00,703 [WARN] PackLoader:240 - Cannot read IP mode file for STMicroelectronics.X-CUBE-AZRTOS-L4.2.0.0
2023-11-09 12:48:00,705 [WARN] ConditionMgr:1039 - genDependencies : Invalid condition id : LAN8742 Phy interface Condition cause : null
2023-11-09 12:48:00,706 [WARN] ConditionMgr:1039 - genDependencies : Invalid condition id : LAN8742 Phy interface Condition cause : null
2023-11-09 12:48:00,706 [WARN] ConditionMgr:1039 - genDependencies : Invalid condition id : LAN8742 Phy interface Condition cause : null
2023-11-09 12:48:00,716 [WARN] PackLoader:240 - Cannot read IP mode file for STMicroelectronics.X-CUBE-SFXS2LP1.4.0.0
2023-11-09 12:48:00,723 [WARN] PackLoader:240 - Cannot read IP mode file for STMicroelectronics.X-CUBE-ISPU.1.1.0
2023-11-09 12:48:00,740 [WARN] ConditionMgr:438 - getConditionDescription Invalid condition id : UX DEVICE CLASS RTOS Condition cause : null
2023-11-09 12:48:00,740 [WARN] ConditionMgr:438 - getConditionDescription Invalid condition id : UX DEVICE CLASS RTOS Condition cause : null
2023-11-09 12:48:00,742 [WARN] PackLoader:240 - Cannot read IP mode file for STMicroelectronics.X-CUBE-AZRTOS-WB.2.0.0
2023-11-09 12:48:00,743 [WARN] ConditionMgr:1039 - genDependencies : Invalid condition id : UX DEVICE CLASS RTOS Condition cause : null
2023-11-09 12:48:00,743 [WARN] ConditionMgr:1039 - genDependencies : Invalid condition id : UX DEVICE CLASS RTOS Condition cause : null
2023-11-09 12:48:00,744 [WARN] ConditionMgr:1039 - genDependencies : Invalid condition id : UX DEVICE CLASS RTOS Condition cause : null
2023-11-09 12:48:00,744 [WARN] ConditionMgr:1039 - genDependencies : Invalid condition id : UX DEVICE CLASS RTOS Condition cause : null
2023-11-09 12:48:00,744 [WARN] ConditionMgr:1039 - genDependencies : Invalid condition id : UX DEVICE CLASS RTOS Condition cause : null
2023-11-09 12:48:00,758 [WARN] PackLoader:240 - Cannot read IP mode file for STMicroelectronics.X-CUBE-SUBG2.5.0.0
2023-11-09 12:48:00,776 [WARN] PackLoader:240 - Cannot read IP mode file for STMicroelectronics.X-CUBE-TOF1.3.3.1
2023-11-09 12:48:00,805 [WARN] PackLoader:240 - Cannot read IP mode file for STMicroelectronics.X-CUBE-AZRTOS-G4.2.0.0
2023-11-09 12:48:00,820 [WARN] PackLoader:240 - Cannot read IP mode file for Infineon.AIROC-Wi-Fi-Bluetooth-STM32.1.5.1
2023-11-09 12:48:00,848 [WARN] PackLoader:240 - Cannot read IP mode file for STMicroelectronics.FP-SNS-MOTENVWB1.1.3.0
2023-11-09 12:48:00,908 [WARN] PackLoader:240 - Cannot read IP mode file for STMicroelectronics.X-CUBE-MEMS1.10.0.0
2023-11-09 12:48:01,124 [WARN] PackLoader:240 - Cannot read IP mode file for STMicroelectronics.X-CUBE-FREERTOS.1.1.0
2023-11-09 12:48:01,129 [WARN] PackLoader:240 - Cannot read IP mode file for portGmbH.I-Cube-SoM-uGOAL.1.1.0
2023-11-09 12:48:01,135 [WARN] PackLoader:240 - Cannot read IP mode file for STMicroelectronics.X-CUBE-ALS.1.0.1
2023-11-09 12:48:01,140 [WARN] PackLoader:240 - Cannot read IP mode file for STMicroelectronics.FP-ATR-ASTRA1.2.0.0
2023-11-09 12:48:01,141 [INFO] ThirdParty:978 - Integrity check success = true
2023-11-09 12:48:01,141 [INFO] IntegrityCheckThread:100 - exiting critical section [integrity check]
2023-11-09 12:48:01,141 [INFO] IntegrityCheckThread:103 - End integrity checks thread
2023-11-09 12:48:20,530 [ERROR] LogOutputStream:75 - [STDERR_REDIRECT] SLF4J: Failed to load class "org.slf4j.impl.StaticLoggerBinder".
2023-11-09 12:48:20,530 [ERROR] LogOutputStream:75 - [STDERR_REDIRECT] SLF4J: Defaulting to no-operation (NOP) logger implementation
2023-11-09 12:48:20,531 [ERROR] LogOutputStream:75 - [STDERR_REDIRECT] SLF4J: See http://www.slf4j.org/codes.html#StaticLoggerBinder for further details.
2023-11-09 12:48:26,194 [ERROR] LogOutputStream:75 - [STDERR_REDIRECT] 
