2023-11-09 13:31:07,739 [INFO] Activator:176 - 


2023-11-09 13:31:07,741 [INFO] Activator:177 - !SESSION log4j initialized
2023-11-09 13:31:09,326 [INFO] LogOutputStream:77 - [STDOUT_REDIRECT] 
2023-11-09 13:31:15,018 [INFO] ApplicationProperties:184 - Using Application install path: /opt/st/stm32cubeide_1.13.2/plugins/com.st.stm32cube.common.mx_6.9.2.202309101412
2023-11-09 13:31:15,040 [INFO] DbMcusXml:78 - Set database path to: /opt/st/stm32cubeide_1.13.2/plugins/com.st.stm32cube.common.mx_6.9.2.202309101412//db//mcu/
2023-11-09 13:31:15,040 [INFO] ApiDb:274 - Set plugin database path to: /opt/st/stm32cubeide_1.13.2/plugins/com.st.stm32cube.common.mx_6.9.2.202309101412//db//plugins/boardmanager/
2023-11-09 13:31:15,041 [WARN] ApiDb:259 - Overriding images path with different value:  => /opt/st/stm32cubeide_1.13.2/plugins/com.st.stm32cube.common.mx_6.9.2.202309101412//db//plugins/mcufinder/images/
2023-11-09 13:31:15,050 [INFO] ApiDb:250 - Set database path to: /home/RA/lovro.mileusnic/.stmcufinder/plugins/mcufinder//mcu/
2023-11-09 13:31:15,051 [INFO] DbMcusAds:125 - Set database path to: /home/RA/lovro.mileusnic/.stmcufinder/plugins/mcufinder//mcu/
2023-11-09 13:31:16,055 [INFO] CrossReferenceDbSqlite:203 - Set database path to: /home/RA/lovro.mileusnic/.stmcufinder/plugins/mcufinder//mcu/cs/
2023-11-09 13:31:16,309 [INFO] RulesReader:64 - Compatibility file has been processed (293 Rules)
2023-11-09 13:31:16,398 [INFO] DbMcusXml:78 - Set database path to: /opt/st/stm32cubeide_1.13.2/plugins/com.st.stm32cube.common.mx_6.9.2.202309101412//db//mcu/
2023-11-09 13:31:16,399 [INFO] ApiDb:274 - Set plugin database path to: /opt/st/stm32cubeide_1.13.2/plugins/com.st.stm32cube.common.mx_6.9.2.202309101412//db//plugins/boardmanager/
2023-11-09 13:31:16,399 [INFO] ApiDb:261 - Set plugin images path to: /opt/st/stm32cubeide_1.13.2/plugins/com.st.stm32cube.common.mx_6.9.2.202309101412//db//plugins/mcufinder/images/
2023-11-09 13:31:16,399 [WARN] DbFile:41 - Overriding database path with different value: /home/RA/lovro.mileusnic/.stmcufinder/plugins/mcufinder/ => /home/RA/lovro.mileusnic/.stmcufinder/plugins/mcufinder
2023-11-09 13:31:16,400 [INFO] ApiDb:250 - Set database path to: /home/RA/lovro.mileusnic/.stmcufinder/plugins/mcufinder//mcu/
2023-11-09 13:31:16,400 [WARN] DbFile:41 - Overriding database path with different value: /home/RA/lovro.mileusnic/.stmcufinder/plugins/mcufinder/ => /home/RA/lovro.mileusnic/.stmcufinder/plugins/mcufinder
2023-11-09 13:31:16,400 [INFO] DbMcusAds:125 - Set database path to: /home/RA/lovro.mileusnic/.stmcufinder/plugins/mcufinder//mcu/
2023-11-09 13:31:16,400 [WARN] DbFile:41 - Overriding database path with different value: /home/RA/lovro.mileusnic/.stmcufinder/plugins/mcufinder/ => /home/RA/lovro.mileusnic/.stmcufinder/plugins/mcufinder
2023-11-09 13:31:16,400 [WARN] DbFile:41 - Overriding database path with different value: /home/RA/lovro.mileusnic/.stmcufinder/plugins/mcufinder/ => /home/RA/lovro.mileusnic/.stmcufinder/plugins/mcufinder
2023-11-09 13:31:17,402 [INFO] CrossReferenceDbSqlite:203 - Set database path to: /home/RA/lovro.mileusnic/.stmcufinder/plugins/mcufinder//mcu/cs/
2023-11-09 13:31:17,481 [INFO] MainPanel:262 - HeapMemory: 429916160
2023-11-09 13:31:17,563 [INFO] DbMcusXml:78 - Set database path to: /opt/st/stm32cubeide_1.13.2/plugins/com.st.stm32cube.common.mx_6.9.2.202309101412//db//mcu/
2023-11-09 13:31:17,564 [INFO] ApiDb:274 - Set plugin database path to: /opt/st/stm32cubeide_1.13.2/plugins/com.st.stm32cube.common.mx_6.9.2.202309101412//db//plugins/boardmanager/
2023-11-09 13:31:17,564 [INFO] ApiDb:261 - Set plugin images path to: /opt/st/stm32cubeide_1.13.2/plugins/com.st.stm32cube.common.mx_6.9.2.202309101412//db//plugins/mcufinder/images/
2023-11-09 13:31:17,564 [WARN] DbFile:41 - Overriding database path with different value: /home/RA/lovro.mileusnic/.stmcufinder/plugins/mcufinder/ => /home/RA/lovro.mileusnic/.stmcufinder/plugins/mcufinder
2023-11-09 13:31:17,565 [INFO] ApiDb:250 - Set database path to: /home/RA/lovro.mileusnic/.stmcufinder/plugins/mcufinder//mcu/
2023-11-09 13:31:17,565 [WARN] DbFile:41 - Overriding database path with different value: /home/RA/lovro.mileusnic/.stmcufinder/plugins/mcufinder/ => /home/RA/lovro.mileusnic/.stmcufinder/plugins/mcufinder
2023-11-09 13:31:17,565 [INFO] DbMcusAds:125 - Set database path to: /home/RA/lovro.mileusnic/.stmcufinder/plugins/mcufinder//mcu/
2023-11-09 13:31:17,565 [WARN] DbFile:41 - Overriding database path with different value: /home/RA/lovro.mileusnic/.stmcufinder/plugins/mcufinder/ => /home/RA/lovro.mileusnic/.stmcufinder/plugins/mcufinder
2023-11-09 13:31:17,565 [WARN] DbFile:41 - Overriding database path with different value: /home/RA/lovro.mileusnic/.stmcufinder/plugins/mcufinder/ => /home/RA/lovro.mileusnic/.stmcufinder/plugins/mcufinder
2023-11-09 13:31:18,566 [INFO] CrossReferenceDbSqlite:203 - Set database path to: /home/RA/lovro.mileusnic/.stmcufinder/plugins/mcufinder//mcu/cs/
2023-11-09 13:31:18,584 [INFO] ApplicationProperties:184 - Using Application install path: /opt/st/stm32cubeide_1.13.2/plugins/com.st.stm32cube.common.mx_6.9.2.202309101412
2023-11-09 13:31:18,586 [INFO] PluginManage:196 - Search for loadable plugins [exclusion list=, ]
2023-11-09 13:31:18,588 [INFO] PluginManage:310 - Check plugin analytics
2023-11-09 13:31:19,745 [INFO] AnalyticsPlugin:253 - Accepted Software Licenses: STM32CubeMX.6.9.2
2023-11-09 13:31:19,745 [INFO] AnalyticsPlugin:255 - Accepted CMSIS Pack Licenses: 
2023-11-09 13:31:19,745 [INFO] AnalyticsPlugin:257 - Accepted Firmware Licenses: FW.F4.1.27.0
2023-11-09 13:31:19,747 [INFO] PluginManage:359 - Loaded plugin analytics (category:tool,tabindex:-1)
2023-11-09 13:31:19,748 [INFO] PluginManage:310 - Check plugin cadmodel
2023-11-09 13:31:19,769 [INFO] CADModel:105 - Init CAD model plugin
2023-11-09 13:31:19,769 [INFO] PluginManage:359 - Loaded plugin cadmodel (category:power,tabindex:5)
2023-11-09 13:31:19,770 [INFO] PluginManage:310 - Check plugin clock
2023-11-09 13:31:19,777 [INFO] PluginManage:359 - Loaded plugin clock (category:base,tabindex:2)
2023-11-09 13:31:19,777 [INFO] PluginManage:310 - Check plugin ddr
2023-11-09 13:31:19,779 [INFO] PluginManage:359 - Loaded plugin ddr (category:tool,tabindex:6)
2023-11-09 13:31:19,779 [INFO] PluginManage:310 - Check plugin filemanager
2023-11-09 13:31:19,869 [INFO] PluginManage:359 - Loaded plugin filemanager (category:base,tabindex:10)
2023-11-09 13:31:19,869 [INFO] PluginManage:310 - Check plugin ipmanager
2023-11-09 13:31:19,873 [INFO] PluginManage:359 - Loaded plugin ipmanager (category:base,tabindex:5)
2023-11-09 13:31:19,873 [INFO] PluginManage:310 - Check plugin lpbam
2023-11-09 13:31:19,879 [INFO] PluginManage:359 - Loaded plugin lpbam (category:base,tabindex:0)
2023-11-09 13:31:19,879 [INFO] PluginManage:310 - Check plugin memorymap
2023-11-09 13:31:19,887 [INFO] PluginManage:359 - Loaded plugin memorymap (category:base,tabindex:4)
2023-11-09 13:31:19,887 [INFO] PluginManage:310 - Check plugin pinoutandconfiguration
2023-11-09 13:31:19,891 [INFO] PluginManage:359 - Loaded plugin pinoutandconfiguration (category:base,tabindex:1)
2023-11-09 13:31:19,892 [INFO] PluginManage:310 - Check plugin pinoutconfig
2023-11-09 13:31:19,970 [WARN] SupportedApi:132 - Cannot load RTOS API schema: s4s-elt-must-match.1: The content of 'definitions' must match (annotation?, (simpleType | complexType)?, (unique | key | keyref)*)). A problem was found starting at: attribute.
2023-11-09 13:31:20,088 [INFO] PluginManage:359 - Loaded plugin pinoutconfig (category:base,tabindex:0)
2023-11-09 13:31:20,088 [INFO] PluginManage:310 - Check plugin power
2023-11-09 13:31:20,094 [INFO] PluginManage:359 - Loaded plugin power (category:power,tabindex:4)
2023-11-09 13:31:20,094 [INFO] PluginManage:310 - Check plugin projectmanager
2023-11-09 13:31:20,105 [INFO] PluginManage:359 - Loaded plugin projectmanager (category:projectmanager,tabindex:3)
2023-11-09 13:31:20,105 [INFO] PluginManage:310 - Check plugin thirdparty
2023-11-09 13:31:20,219 [WARN] IntegrityCheckThread:84 - waiting for thirdparty lock release [integrity check]
2023-11-09 13:31:20,219 [INFO] PluginManage:359 - Loaded plugin thirdparty (category:base,tabindex:-1)
2023-11-09 13:31:20,219 [INFO] IntegrityCheckThread:86 - entering critical section [integrity check]
2023-11-09 13:31:20,219 [INFO] PluginManage:310 - Check plugin tools
2023-11-09 13:31:20,220 [INFO] ThirdPartyUpdaterWithRetryManager:70 - Updater plugin not ready yet. [1/15]
2023-11-09 13:31:20,221 [INFO] PluginManage:359 - Loaded plugin tools (category:base,tabindex:7)
2023-11-09 13:31:20,222 [INFO] PluginManage:310 - Check plugin tutovideos
2023-11-09 13:31:20,342 [INFO] PluginManage:359 - Loaded plugin tutovideos (category:base,tabindex:-1)
2023-11-09 13:31:20,342 [INFO] PluginManage:310 - Check plugin updater
2023-11-09 13:31:20,349 [INFO] PluginManage:359 - Loaded plugin updater (category:base,tabindex:12)
2023-11-09 13:31:20,349 [INFO] PluginManage:310 - Check plugin userauth
2023-11-09 13:31:20,352 [INFO] UserAuth:113 - Init User Auth plugin
2023-11-09 13:31:20,352 [INFO] PluginManage:359 - Loaded plugin userauth (category:base,tabindex:14)
2023-11-09 13:31:20,352 [INFO] PluginManage:283 - PluginManage : Loaded plugins [17]
2023-11-09 13:31:20,493 [INFO] PinOutPanel:1499 - setPackage(No Configuration,No Configuration)
2023-11-09 13:31:20,561 [INFO] CADModel:165 - CPN selected for project level
2023-11-09 13:31:20,562 [INFO] CADModel:114 - Register for checkConnection events
2023-11-09 13:31:20,569 [INFO] IPUIPlugin:80 - create IPUIPlugin
2023-11-09 13:31:20,569 [INFO] PluginManager:220 - loadIPPluginJar : add tim
2023-11-09 13:31:20,573 [INFO] IPUIPlugin:80 - create IPUIPlugin
2023-11-09 13:31:20,573 [INFO] PluginManager:220 - loadIPPluginJar : add lorawan
2023-11-09 13:31:20,575 [INFO] IPUIPlugin:80 - create IPUIPlugin
2023-11-09 13:31:20,575 [INFO] PluginManager:220 - loadIPPluginJar : add spi
2023-11-09 13:31:20,577 [INFO] IPUIPlugin:80 - create IPUIPlugin
2023-11-09 13:31:20,577 [INFO] PluginManager:220 - loadIPPluginJar : add sai
2023-11-09 13:31:20,581 [INFO] IPUIPlugin:80 - create IPUIPlugin
2023-11-09 13:31:20,581 [INFO] PluginManager:220 - loadIPPluginJar : add freertos
2023-11-09 13:31:20,586 [INFO] IPUIPlugin:80 - create IPUIPlugin
2023-11-09 13:31:20,587 [INFO] PluginManager:220 - loadIPPluginJar : add linkedlist
2023-11-09 13:31:20,589 [INFO] IPUIPlugin:80 - create IPUIPlugin
2023-11-09 13:31:20,589 [INFO] PluginManager:220 - loadIPPluginJar : add touchsensing
2023-11-09 13:31:20,590 [INFO] IPUIPlugin:80 - create IPUIPlugin
2023-11-09 13:31:20,590 [INFO] PluginManager:220 - loadIPPluginJar : add ltdc
2023-11-09 13:31:20,591 [INFO] IPUIPlugin:80 - create IPUIPlugin
2023-11-09 13:31:20,591 [INFO] PluginManager:220 - loadIPPluginJar : add ucpd
2023-11-09 13:31:20,593 [INFO] IPUIPlugin:80 - create IPUIPlugin
2023-11-09 13:31:20,593 [INFO] PluginManager:220 - loadIPPluginJar : add aes
2023-11-09 13:31:20,596 [INFO] IPUIPlugin:80 - create IPUIPlugin
2023-11-09 13:31:20,596 [INFO] PluginManager:220 - loadIPPluginJar : add resmgrutility
2023-11-09 13:31:20,597 [INFO] IPUIPlugin:80 - create IPUIPlugin
2023-11-09 13:31:20,597 [INFO] PluginManager:220 - loadIPPluginJar : add cryp
2023-11-09 13:31:20,599 [INFO] IPUIPlugin:80 - create IPUIPlugin
2023-11-09 13:31:20,599 [INFO] PluginManager:220 - loadIPPluginJar : add can
2023-11-09 13:31:20,601 [INFO] IPUIPlugin:80 - create IPUIPlugin
2023-11-09 13:31:20,601 [INFO] PluginManager:220 - loadIPPluginJar : add usbx
2023-11-09 13:31:20,603 [INFO] IPUIPlugin:80 - create IPUIPlugin
2023-11-09 13:31:20,603 [INFO] PluginManager:220 - loadIPPluginJar : add dfsdm
2023-11-09 13:31:20,606 [INFO] IPUIPlugin:80 - create IPUIPlugin
2023-11-09 13:31:20,607 [INFO] PluginManager:220 - loadIPPluginJar : add gpio
2023-11-09 13:31:20,608 [INFO] IPUIPlugin:80 - create IPUIPlugin
2023-11-09 13:31:20,608 [INFO] PluginManager:220 - loadIPPluginJar : add quadspi
2023-11-09 13:31:20,610 [INFO] IPUIPlugin:80 - create IPUIPlugin
2023-11-09 13:31:20,610 [INFO] PluginManager:220 - loadIPPluginJar : add nvic
2023-11-09 13:31:20,612 [INFO] IPUIPlugin:80 - create IPUIPlugin
2023-11-09 13:31:20,612 [INFO] PluginManager:220 - loadIPPluginJar : add fatfs
2023-11-09 13:31:20,613 [INFO] IPUIPlugin:80 - create IPUIPlugin
2023-11-09 13:31:20,614 [INFO] PluginManager:220 - loadIPPluginJar : add i3c
2023-11-09 13:31:20,615 [INFO] IPUIPlugin:80 - create IPUIPlugin
2023-11-09 13:31:20,615 [INFO] PluginManager:220 - loadIPPluginJar : add dma3
2023-11-09 13:31:20,620 [INFO] IPUIPlugin:80 - create IPUIPlugin
2023-11-09 13:31:20,622 [INFO] PluginManager:220 - loadIPPluginJar : add plateformsettings
2023-11-09 13:31:20,626 [INFO] IPUIPlugin:80 - create IPUIPlugin
2023-11-09 13:31:20,626 [INFO] PluginManager:220 - loadIPPluginJar : add stm32_wpan
2023-11-09 13:31:20,629 [INFO] IPUIPlugin:80 - create IPUIPlugin
2023-11-09 13:31:20,629 [INFO] PluginManager:220 - loadIPPluginJar : add gic
2023-11-09 13:31:20,631 [INFO] IPUIPlugin:80 - create IPUIPlugin
2023-11-09 13:31:20,631 [INFO] PluginManager:220 - loadIPPluginJar : add ts
2023-11-09 13:31:20,636 [INFO] IPUIPlugin:80 - create IPUIPlugin
2023-11-09 13:31:20,636 [INFO] PluginManager:220 - loadIPPluginJar : add dma
2023-11-09 13:31:20,638 [INFO] IPUIPlugin:80 - create IPUIPlugin
2023-11-09 13:31:20,638 [INFO] PluginManager:220 - loadIPPluginJar : add pdm2pcm
2023-11-09 13:31:20,639 [INFO] IPUIPlugin:80 - create IPUIPlugin
2023-11-09 13:31:20,639 [INFO] PluginManager:220 - loadIPPluginJar : add tsc
2023-11-09 13:31:20,641 [INFO] IPUIPlugin:80 - create IPUIPlugin
2023-11-09 13:31:20,641 [INFO] PluginManager:220 - loadIPPluginJar : add ipddr
2023-11-09 13:31:20,643 [INFO] IPUIPlugin:80 - create IPUIPlugin
2023-11-09 13:31:20,643 [INFO] PluginManager:220 - loadIPPluginJar : add usart
2023-11-09 13:31:20,644 [INFO] IPUIPlugin:80 - create IPUIPlugin
2023-11-09 13:31:20,644 [INFO] PluginManager:220 - loadIPPluginJar : add i2s
2023-11-09 13:31:20,647 [INFO] IPUIPlugin:80 - create IPUIPlugin
2023-11-09 13:31:20,647 [INFO] PluginManager:220 - loadIPPluginJar : add fmc
2023-11-09 13:31:20,648 [INFO] IPUIPlugin:80 - create IPUIPlugin
2023-11-09 13:31:20,648 [INFO] PluginManager:220 - loadIPPluginJar : add gfxmmu
2023-11-09 13:31:20,653 [INFO] IPUIPlugin:80 - create IPUIPlugin
2023-11-09 13:31:20,653 [INFO] PluginManager:220 - loadIPPluginJar : add adc
2023-11-09 13:31:20,654 [INFO] IPUIPlugin:80 - create IPUIPlugin
2023-11-09 13:31:20,654 [INFO] PluginManager:220 - loadIPPluginJar : add comp
2023-11-09 13:31:20,656 [INFO] IPUIPlugin:80 - create IPUIPlugin
2023-11-09 13:31:20,656 [INFO] PluginManager:220 - loadIPPluginJar : add gtzc
2023-11-09 13:31:20,657 [INFO] IPUIPlugin:80 - create IPUIPlugin
2023-11-09 13:31:20,658 [INFO] PluginManager:220 - loadIPPluginJar : add i2c
2023-11-09 13:31:20,662 [INFO] IPUIPlugin:80 - create IPUIPlugin
2023-11-09 13:31:20,662 [INFO] PluginManager:220 - loadIPPluginJar : add mdma
2023-11-09 13:31:20,663 [INFO] IPUIPlugin:80 - create IPUIPlugin
2023-11-09 13:31:20,663 [INFO] PluginManager:220 - loadIPPluginJar : add tracer_emb
2023-11-09 13:31:20,665 [INFO] IPUIPlugin:80 - create IPUIPlugin
2023-11-09 13:31:20,665 [INFO] PluginManager:220 - loadIPPluginJar : add hash
2023-11-09 13:31:20,665 [INFO] IPUIPlugin:80 - create IPUIPlugin
2023-11-09 13:31:20,666 [INFO] PluginManager:220 - loadIPPluginJar : add genericplugin
2023-11-09 13:31:20,668 [INFO] IPUIPlugin:80 - create IPUIPlugin
2023-11-09 13:31:20,668 [INFO] PluginManager:220 - loadIPPluginJar : add opamp
2023-11-09 13:31:20,671 [INFO] IPUIPlugin:80 - create IPUIPlugin
2023-11-09 13:31:20,671 [INFO] PluginManager:220 - loadIPPluginJar : add openamp
2023-11-09 13:31:20,769 [INFO] CADModel:165 - CPN selected for project level
2023-11-09 13:31:20,769 [INFO] CADModel:114 - Register for checkConnection events
2023-11-09 13:31:20,769 [FATAL] Updater:308 - Updater called before beeing initialized
2023-11-09 13:31:20,769 [ERROR] CADModel:125 - Updater not yet initialized, retry later 
2023-11-09 13:31:20,871 [INFO] CADModel:165 - CPN selected for project level
2023-11-09 13:31:20,871 [INFO] CADModel:114 - Register for checkConnection events
2023-11-09 13:31:20,871 [FATAL] Updater:308 - Updater called before beeing initialized
2023-11-09 13:31:20,871 [ERROR] CADModel:125 - Updater not yet initialized, retry later 
2023-11-09 13:31:20,874 [FATAL] Updater:308 - Updater called before beeing initialized
2023-11-09 13:31:20,948 [FATAL] Updater:308 - Updater called before beeing initialized
2023-11-09 13:31:20,955 [INFO] DbMcusAds:53 - JSON generation date=Tue Mar 07 09:50:55 CET 2023 (1678179055335)
2023-11-09 13:31:20,955 [FATAL] Updater:308 - Updater called before beeing initialized
2023-11-09 13:31:21,006 [WARN] DetailPanel:346 - Failed to get advertising image, set to default
2023-11-09 13:31:21,094 [FATAL] Updater:308 - Updater called before beeing initialized
2023-11-09 13:31:21,095 [FATAL] Updater:308 - Updater called before beeing initialized
2023-11-09 13:31:21,096 [FATAL] Updater:308 - Updater called before beeing initialized
2023-11-09 13:31:21,096 [WARN] DetailPanel:346 - Failed to get advertising image, set to default
2023-11-09 13:31:21,097 [FATAL] Updater:308 - Updater called before beeing initialized
2023-11-09 13:31:21,132 [ERROR] Updater:1120 - MainUpdater not yet initialized. External WinMGr cannot be set.
2023-11-09 13:31:21,134 [INFO] Updater:1056 - Updater Version found : 6.9.2
2023-11-09 13:31:21,152 [INFO] ApplicationProperties:184 - Using Application install path: /opt/st/stm32cubeide_1.13.2/plugins/com.st.stm32cube.common.mx_6.9.2.202309101412
2023-11-09 13:31:21,267 [INFO] MainUpdater:2868 - connection check result : 10
2023-11-09 13:31:21,268 [INFO] MainUpdater:285 - Updater Check For Update Now.
2023-11-09 13:31:21,268 [INFO] MicroXplorer:498 - Change Database Version : DB.6.0.92
2023-11-09 13:31:21,272 [INFO] McuFinderGlobals:63 - Set McuFinder mode to 2 (CubeIDE integrated)
2023-11-09 13:31:21,272 [INFO] UserAuth:179 - activating auth plugin
2023-11-09 13:31:21,274 [INFO] UserAuth:393 - Internet connection configuration mode: 1
2023-11-09 13:31:21,281 [INFO] JxBrowserEngine:151 - Initiate JxBrowser Engine with user profile folder
2023-11-09 13:31:21,459 [INFO] CheckServerUpdateThread:120 - End of CheckServer Thread
2023-11-09 13:31:21,697 [INFO] WebApp:157 - Instantiating new browser for Auth
2023-11-09 13:31:22,064 [INFO] WebApp:753 - Register for checkConnection events
2023-11-09 13:31:22,064 [INFO] WebApp:390 - Apply proxy settings
2023-11-09 13:31:22,064 [INFO] WebApp:475 - Chromium requires no authentication
2023-11-09 13:31:22,069 [INFO] WebApp:418 - Direct internet connection detected
2023-11-09 13:31:22,168 [INFO] WebApp:188 - Starting web application
2023-11-09 13:31:22,168 [INFO] WebApp:520 - Web application path used /opt/st/stm32cubeide_1.13.2/plugins/com.st.stm32cube.common.mx_6.9.2.202309101412/db/plugins/mcufinder/reactClient1/index.html
2023-11-09 13:31:23,299 [WARN] PackLoader:240 - Cannot read IP mode file for STMicroelectronics.X-CUBE-SMBUS.2.1.0
2023-11-09 13:31:23,338 [WARN] PackLoader:240 - Cannot read IP mode file for STMicroelectronics.X-CUBE-AZRTOS-F7.1.1.0
2023-11-09 13:31:23,349 [WARN] PackLoader:240 - Cannot read IP mode file for STMicroelectronics.FP-SNS-MOTENV1.4.3.2
2023-11-09 13:31:23,356 [WARN] PackLoader:240 - Cannot read IP mode file for STMicroelectronics.FP-SNS-FLIGHT1.5.0.2
2023-11-09 13:31:23,366 [WARN] PackLoader:240 - Cannot read IP mode file for STMicroelectronics.X-CUBE-DISPLAY.3.0.0
2023-11-09 13:31:23,383 [WARN] PackLoader:240 - Cannot read IP mode file for STMicroelectronics.X-CUBE-BLE1.7.0.0
2023-11-09 13:31:23,389 [WARN] PackLoader:240 - Cannot read IP mode file for emotas.I-CUBE-CANOPEN.1.3.0
2023-11-09 13:31:23,397 [WARN] PackLoader:240 - Cannot read IP mode file for STMicroelectronics.X-CUBE-TOUCHGFX.4.22.1
2023-11-09 13:31:23,404 [WARN] PackLoader:240 - Cannot read IP mode file for STMicroelectronics.FP-SNS-SMARTAG2.1.2.0
2023-11-09 13:31:23,423 [INFO] LogOutputStream:77 - [STDOUT_REDIRECT] 1 : Invalid condition id : UX_CORESTACK_Condition cause : null
2023-11-09 13:31:23,424 [INFO] LogOutputStream:77 - [STDOUT_REDIRECT] 1 : Invalid condition id : UX_CORESTACK_Condition cause : null
2023-11-09 13:31:23,426 [INFO] LogOutputStream:77 - [STDOUT_REDIRECT] 1 : Invalid condition id : UX_CORESTACK_Condition cause : null
2023-11-09 13:31:23,428 [INFO] LogOutputStream:77 - [STDOUT_REDIRECT] 1 : Invalid condition id : UX_CORESTACK_Condition cause : null
2023-11-09 13:31:23,430 [INFO] LogOutputStream:77 - [STDOUT_REDIRECT] 1 : Invalid condition id : UX_CORESTACK_Condition cause : null
2023-11-09 13:31:23,437 [WARN] PackLoader:240 - Cannot read IP mode file for STMicroelectronics.X-CUBE-AZRTOS-WL.2.0.0
2023-11-09 13:31:23,449 [WARN] PackLoader:240 - Cannot read IP mode file for WES.I-CUBE-Cesium.1.3.0
2023-11-09 13:31:23,456 [WARN] PackLoader:240 - Cannot read IP mode file for STMicroelectronics.X-CUBE-BLE2.3.3.0
2023-11-09 13:31:23,465 [WARN] PackLoader:240 - Cannot read IP mode file for STMicroelectronics.X-CUBE-ALGOBUILD.1.3.0
2023-11-09 13:31:23,492 [WARN] PackLoader:240 - Cannot read IP mode file for STMicroelectronics.X-CUBE-AZRTOS-G0.1.1.0
2023-11-09 13:31:23,501 [WARN] PackLoader:240 - Cannot read IP mode file for STMicroelectronics.X-CUBE-NFC4.3.0.0
2023-11-09 13:31:23,513 [WARN] PackLoader:240 - Cannot read IP mode file for STMicroelectronics.X-CUBE-BLEMGR.3.0.0
2023-11-09 13:31:23,519 [WARN] PackLoader:240 - Cannot read IP mode file for STMicroelectronics.FP-ATR-SIGFOX1.3.2.0
2023-11-09 13:31:23,559 [WARN] PackLoader:240 - Cannot read IP mode file for SEGGER.I-CUBE-embOS.1.3.1
2023-11-09 13:31:23,616 [WARN] PackLoader:240 - Cannot read IP mode file for STMicroelectronics.X-CUBE-GNSS1.6.0.0
2023-11-09 13:31:23,638 [WARN] PackLoader:240 - Cannot read IP mode file for STMicroelectronics.X-CUBE-AZRTOS-F4.1.1.0
2023-11-09 13:31:23,645 [WARN] PackLoader:240 - Cannot read IP mode file for wolfSSL.I-CUBE-wolfSSL.5.6.3
2023-11-09 13:31:23,664 [WARN] PackLoader:240 - Cannot read IP mode file for STMicroelectronics.X-CUBE-AZRTOS-L5.2.0.0
2023-11-09 13:31:23,673 [WARN] PackLoader:240 - Cannot read IP mode file for STMicroelectronics.X-CUBE-EEPRMA1.4.2.0
2023-11-09 13:31:23,678 [WARN] PackLoader:240 - Cannot read IP mode file for ITTIA_DB.I-CUBE-ITTIADB.8.8.0
2023-11-09 13:31:23,686 [WARN] PackLoader:240 - Cannot read IP mode file for STMicroelectronics.X-CUBE-BLEMGR.2.0.0
2023-11-09 13:31:23,706 [WARN] ConditionMgr:438 - getConditionDescription Invalid condition id : UX DEVICE CLASS RTOS Condition cause : null
2023-11-09 13:31:23,707 [WARN] ConditionMgr:438 - getConditionDescription Invalid condition id : UX DEVICE CLASS RTOS Condition cause : null
2023-11-09 13:31:23,712 [WARN] PackLoader:240 - Cannot read IP mode file for STMicroelectronics.X-CUBE-AZRTOS-H7.3.1.0
2023-11-09 13:31:23,713 [WARN] ConditionMgr:1039 - genDependencies : Invalid condition id : UX DEVICE CLASS RTOS Condition cause : null
2023-11-09 13:31:23,713 [WARN] ConditionMgr:1039 - genDependencies : Invalid condition id : UX DEVICE CLASS RTOS Condition cause : null
2023-11-09 13:31:23,714 [WARN] ConditionMgr:1039 - genDependencies : Invalid condition id : UX DEVICE CLASS RTOS Condition cause : null
2023-11-09 13:31:23,714 [WARN] ConditionMgr:1039 - genDependencies : Invalid condition id : UX DEVICE CLASS RTOS Condition cause : null
2023-11-09 13:31:23,715 [WARN] ConditionMgr:1039 - genDependencies : Invalid condition id : UX DEVICE CLASS RTOS Condition cause : null
2023-11-09 13:31:23,720 [WARN] PackLoader:240 - Cannot read IP mode file for STMicroelectronics.X-CUBE-NFC7.1.0.1
2023-11-09 13:31:23,728 [WARN] PackLoader:240 - Cannot read IP mode file for STMicroelectronics.X-CUBE-NFC6.3.0.0
2023-11-09 13:31:23,737 [WARN] PackLoader:240 - Cannot read IP mode file for STMicroelectronics.X-CUBE-EEPRMA1.4.1.0
2023-11-09 13:31:23,744 [WARN] PackLoader:240 - Cannot read IP mode file for STMicroelectronics.X-CUBE-AI.8.1.0
2023-11-09 13:31:23,767 [WARN] ConditionMgr:438 - getConditionDescription Invalid condition id : LAN8742 Phy interface Condition cause : null
2023-11-09 13:31:23,768 [WARN] PackLoader:240 - Cannot read IP mode file for STMicroelectronics.X-CUBE-AZRTOS-L4.2.0.0
2023-11-09 13:31:23,769 [WARN] ConditionMgr:1039 - genDependencies : Invalid condition id : LAN8742 Phy interface Condition cause : null
2023-11-09 13:31:23,770 [WARN] ConditionMgr:1039 - genDependencies : Invalid condition id : LAN8742 Phy interface Condition cause : null
2023-11-09 13:31:23,771 [WARN] ConditionMgr:1039 - genDependencies : Invalid condition id : LAN8742 Phy interface Condition cause : null
2023-11-09 13:31:23,779 [WARN] PackLoader:240 - Cannot read IP mode file for STMicroelectronics.X-CUBE-SFXS2LP1.4.0.0
2023-11-09 13:31:23,784 [WARN] PackLoader:240 - Cannot read IP mode file for STMicroelectronics.X-CUBE-ISPU.1.1.0
2023-11-09 13:31:23,799 [WARN] ConditionMgr:438 - getConditionDescription Invalid condition id : UX DEVICE CLASS RTOS Condition cause : null
2023-11-09 13:31:23,799 [WARN] ConditionMgr:438 - getConditionDescription Invalid condition id : UX DEVICE CLASS RTOS Condition cause : null
2023-11-09 13:31:23,802 [WARN] PackLoader:240 - Cannot read IP mode file for STMicroelectronics.X-CUBE-AZRTOS-WB.2.0.0
2023-11-09 13:31:23,803 [WARN] ConditionMgr:1039 - genDependencies : Invalid condition id : UX DEVICE CLASS RTOS Condition cause : null
2023-11-09 13:31:23,803 [WARN] ConditionMgr:1039 - genDependencies : Invalid condition id : UX DEVICE CLASS RTOS Condition cause : null
2023-11-09 13:31:23,803 [WARN] ConditionMgr:1039 - genDependencies : Invalid condition id : UX DEVICE CLASS RTOS Condition cause : null
2023-11-09 13:31:23,804 [WARN] ConditionMgr:1039 - genDependencies : Invalid condition id : UX DEVICE CLASS RTOS Condition cause : null
2023-11-09 13:31:23,804 [WARN] ConditionMgr:1039 - genDependencies : Invalid condition id : UX DEVICE CLASS RTOS Condition cause : null
2023-11-09 13:31:23,832 [WARN] PackLoader:240 - Cannot read IP mode file for STMicroelectronics.X-CUBE-SUBG2.5.0.0
2023-11-09 13:31:23,851 [WARN] PackLoader:240 - Cannot read IP mode file for STMicroelectronics.X-CUBE-TOF1.3.3.1
2023-11-09 13:31:23,883 [WARN] PackLoader:240 - Cannot read IP mode file for STMicroelectronics.X-CUBE-AZRTOS-G4.2.0.0
2023-11-09 13:31:23,899 [WARN] PackLoader:240 - Cannot read IP mode file for Infineon.AIROC-Wi-Fi-Bluetooth-STM32.1.5.1
2023-11-09 13:31:23,908 [WARN] PackLoader:240 - Cannot read IP mode file for STMicroelectronics.FP-SNS-MOTENVWB1.1.3.0
2023-11-09 13:31:23,959 [WARN] PackLoader:240 - Cannot read IP mode file for STMicroelectronics.X-CUBE-MEMS1.10.0.0
2023-11-09 13:31:24,090 [WARN] PackLoader:240 - Cannot read IP mode file for STMicroelectronics.X-CUBE-FREERTOS.1.1.0
2023-11-09 13:31:24,094 [WARN] PackLoader:240 - Cannot read IP mode file for portGmbH.I-Cube-SoM-uGOAL.1.1.0
2023-11-09 13:31:24,097 [WARN] PackLoader:240 - Cannot read IP mode file for STMicroelectronics.X-CUBE-ALS.1.0.1
2023-11-09 13:31:24,100 [WARN] PackLoader:240 - Cannot read IP mode file for STMicroelectronics.FP-ATR-ASTRA1.2.0.0
2023-11-09 13:31:24,101 [INFO] ThirdParty:978 - Integrity check success = true
2023-11-09 13:31:24,101 [INFO] IntegrityCheckThread:100 - exiting critical section [integrity check]
2023-11-09 13:31:24,101 [INFO] IntegrityCheckThread:103 - End integrity checks thread
2023-11-09 13:31:42,547 [ERROR] LogOutputStream:75 - [STDERR_REDIRECT] SLF4J: Failed to load class "org.slf4j.impl.StaticLoggerBinder".
2023-11-09 13:31:42,548 [ERROR] LogOutputStream:75 - [STDERR_REDIRECT] SLF4J: Defaulting to no-operation (NOP) logger implementation
2023-11-09 13:31:42,550 [ERROR] LogOutputStream:75 - [STDERR_REDIRECT] SLF4J: See http://www.slf4j.org/codes.html#StaticLoggerBinder for further details.
2023-11-09 13:40:11,091 [INFO] McuFinderGlobals:63 - Set McuFinder mode to 2 (CubeIDE integrated)
2023-11-09 13:40:14,255 [INFO] MainUpdater:2868 - connection check result : 10
2023-11-09 13:40:14,256 [INFO] MainUpdater:2868 - connection check result : 10
2023-11-09 13:40:14,277 [INFO] MicroXplorer:468 - Change Database Path : 
2023-11-09 13:40:14,277 [INFO] MicroXplorer:498 - Change Database Version : DB.6.0.92
2023-11-09 13:40:14,280 [WARN] ThirdParty:871 - waiting for thirdparty lock release [close project]
2023-11-09 13:40:14,280 [INFO] ThirdParty:873 - entering critical section [close project]
2023-11-09 13:40:14,280 [INFO] ThirdParty:883 - exiting critical section [close project]
2023-11-09 13:40:14,282 [INFO] PinOutPanel:1499 - setPackage(No Configuration,No Configuration)
2023-11-09 13:40:14,286 [INFO] UtilMem:75 - Begin LoadConfig() Used Memory: 534903224 Bytes (644874240)
2023-11-09 13:40:14,288 [INFO] MicroXplorer:468 - Change Database Path : 
2023-11-09 13:40:14,288 [INFO] MicroXplorer:498 - Change Database Version : DB.6.0.92
2023-11-09 13:40:14,288 [INFO] OpenFileManager:308 - Change cursor
2023-11-09 13:40:14,307 [INFO] Mcu:1946 - Initializing MCU STM32F407V(E-G)Tx STM32F407VGTx STM32F407VGT6TR
2023-11-09 13:40:15,710 [INFO] Context:659 - Trying to add GPIOservice into a context  which must be forbidden
2023-11-09 13:40:16,292 [INFO] RtosManager:555 - Registered RTOS mode: class=CMSIS, group=RTOS, mode=CMSIS_V1, owner=FREERTOS
2023-11-09 13:40:16,293 [INFO] RtosManager:555 - Registered RTOS mode: class=CMSIS, group=RTOS2, mode=CMSIS_V2, owner=FREERTOS
2023-11-09 13:40:16,293 [INFO] RtosManager:555 - Registered RTOS mode: class=RTOS, group=Core, mode=CMSIS_V1, owner=FREERTOS
2023-11-09 13:40:16,293 [INFO] RtosManager:555 - Registered RTOS mode: class=RTOS, group=Core, mode=CMSIS_V2, owner=FREERTOS
2023-11-09 13:40:16,293 [WARN] ModelIntegratedComponent:184 - Missing modes for component STMicroelectronics:FreeRTOS:0.0.1:STMicroelectronics:RTOS:FreeRTOS:Core:::10.2.0:
2023-11-09 13:40:16,311 [WARN] ModelIntegratedComponent:63 - No mode defined for component null
2023-11-09 13:40:16,311 [WARN] ModelIntegratedComponent:63 - No mode defined for component null
2023-11-09 13:40:16,311 [WARN] ModelIntegratedComponent:63 - No mode defined for component null
2023-11-09 13:40:16,311 [WARN] ModelIntegratedComponent:63 - No mode defined for component null
2023-11-09 13:40:16,311 [WARN] ModelIntegratedComponent:63 - No mode defined for component null
2023-11-09 13:40:16,311 [WARN] ModelIntegratedComponent:63 - No mode defined for component null
2023-11-09 13:40:16,311 [WARN] ModelIntegratedComponent:63 - No mode defined for component null
2023-11-09 13:40:16,311 [WARN] ModelIntegratedComponent:63 - No mode defined for component null
2023-11-09 13:40:16,311 [WARN] ModelIntegratedComponent:63 - No mode defined for component null
2023-11-09 13:40:16,311 [WARN] ModelIntegratedComponent:63 - No mode defined for component null
2023-11-09 13:40:16,311 [WARN] ModelIntegratedComponent:63 - No mode defined for component null
2023-11-09 13:40:16,311 [WARN] ModelIntegratedComponent:63 - No mode defined for component null
2023-11-09 13:40:16,311 [WARN] ModelIntegratedComponent:63 - No mode defined for component null
2023-11-09 13:40:16,311 [WARN] ModelIntegratedComponent:63 - No mode defined for component null
2023-11-09 13:40:16,311 [WARN] ModelIntegratedComponent:63 - No mode defined for component null
2023-11-09 13:40:16,311 [WARN] ModelIntegratedComponent:63 - No mode defined for component null
2023-11-09 13:40:16,311 [WARN] ModelIntegratedComponent:63 - No mode defined for component null
2023-11-09 13:40:16,311 [WARN] ModelIntegratedComponent:63 - No mode defined for component null
2023-11-09 13:40:16,311 [WARN] ModelIntegratedComponent:63 - No mode defined for component null
2023-11-09 13:40:16,312 [WARN] ModelIntegratedComponent:63 - No mode defined for component null
2023-11-09 13:40:16,312 [WARN] ModelIntegratedComponent:63 - No mode defined for component null
2023-11-09 13:40:16,312 [WARN] ModelIntegratedComponent:63 - No mode defined for component null
2023-11-09 13:40:16,312 [WARN] ModelIntegratedComponent:63 - No mode defined for component null
2023-11-09 13:40:16,312 [WARN] ModelIntegratedComponent:63 - No mode defined for component null
2023-11-09 13:40:16,312 [WARN] ModelIntegratedComponent:63 - No mode defined for component null
2023-11-09 13:40:16,312 [WARN] ModelIntegratedComponent:63 - No mode defined for component null
2023-11-09 13:40:16,312 [WARN] ModelIntegratedComponent:63 - No mode defined for component null
2023-11-09 13:40:16,312 [WARN] ModelIntegratedComponent:63 - No mode defined for component null
2023-11-09 13:40:16,312 [WARN] ModelIntegratedComponent:63 - No mode defined for component null
2023-11-09 13:40:16,312 [WARN] ModelIntegratedComponent:63 - No mode defined for component null
2023-11-09 13:40:16,312 [WARN] ModelIntegratedComponent:63 - No mode defined for component null
2023-11-09 13:40:16,312 [WARN] ModelIntegratedComponent:63 - No mode defined for component null
2023-11-09 13:40:16,312 [WARN] ModelIntegratedComponent:63 - No mode defined for component null
2023-11-09 13:40:16,435 [INFO] ThirdPartyModel:298 - Start build external matchings
2023-11-09 13:40:16,814 [INFO] ThirdPartyModel:316 - End build external matchings
2023-11-09 13:40:17,009 [INFO] UtilMem:75 - End LoadConfig() Used Memory: 590839168 Bytes (689963008)
2023-11-09 13:40:17,099 [INFO] ApiDb:581 - Connected to CubeFinder SQLite database (/home/RA/lovro.mileusnic/.stmcufinder/plugins/mcufinder/mcu/cube-finder-db.db)
2023-11-09 13:40:17,140 [INFO] ApiDb:668 - CubeFinder database Data Model version=2.1
2023-11-09 13:40:17,140 [INFO] ApiDb:669 - CubeFinder database Configuration version=3.0.37
2023-11-09 13:40:17,141 [INFO] ApiDb:670 - CubeFinder database generation date=2023-10-13 (1697197505)
2023-11-09 13:40:17,141 [INFO] ApiDb:671 - CubeFinder database FW Pack versions=[FP-ATR-ASTRA1_V2.0.0, FP-SNS-FLIGHT1_V5.0.1, FP-SNS-FLIGHT1_V5.0.2, FP-SNS-MOTENV1_V4.3.1, FP-SNS-MOTENV1_V4.3.2, FP-SNS-SMARTAG2_V1.2.0, I-CUBE-ITTIADB_V8.6.3-1, STM32Cube_FW_C0_V1.1.0, STM32Cube_FW_F4_V1.27.1, STM32Cube_FW_F7_V1.17.0, STM32Cube_FW_G0_V1.6.1, STM32Cube_FW_G4_V1.5.1, STM32Cube_FW_H5_V0.5.1, STM32Cube_FW_H5_V1.1.1, STM32Cube_FW_H7_V1.11.0, STM32Cube_FW_L0_V1.12.2, STM32Cube_FW_L5_V1.5.0, STM32Cube_FW_U5_V1.3.0, STM32Cube_FW_U5_V1.3.0RC4, STM32Cube_FW_WBA_V1.0.0RC1, STM32Cube_FW_WBA_V1.1.0RC1, STM32Cube_FW_WBA_V1.1.1, STM32Cube_FW_WB_V1.15.0RC1, STM32Cube_FW_WB_V1.16.0, STM32Cube_FW_WB_V1.16.0RC2, STM32Cube_FW_WB_V1.17.3, STM32Cube_FW_WL_V1.3.0, X-CUBE-ALGOBUILD_V1.3.0, X-CUBE-ALS_V1.0.1, X-CUBE-AZRTOS-F4_V1.1.0, X-CUBE-AZRTOS-F7_V1.1.0, X-CUBE-AZRTOS-G0_V1.1.0, X-CUBE-AZRTOS-G4_V2.0.0, X-CUBE-AZRTOS-H7_V3.1.0, X-CUBE-AZRTOS-L4_V1.0.0, X-CUBE-AZRTOS-L4_V2.0.0, X-CUBE-AZRTOS-L5_V1.1.0, X-CUBE-AZRTOS-WB_V2.0.0, X-CUBE-AZRTOS-WL_V2.0.0, X-CUBE-BLE1_V7.0.0, X-CUBE-BLE2_V3.3.0, X-CUBE-BLEMGR_V2.0.0, X-CUBE-EEPRMA1_V4.1.0, X-CUBE-FREERTOS_V1.1.0, X-CUBE-GNSS1_V6.0.0, X-CUBE-MEMS1_V10.0.0, X-CUBE-MEMS1_V9.1.0, X-CUBE-MEMS1_V9.4.0, X-CUBE-MEMS1_V9.6.0, X-CUBE-NFC4_V3.0.0, X-CUBE-NFC7_V1.0.1, X-CUBE-SFXS2LP1_V4.0.0, X-CUBE-SUBG2_V5.0.0, X-CUBE-TOF1_V3.3.1]
2023-11-09 13:40:18,762 [INFO] ApiDb:240 - Found 323 in-development CPN: [B-G473E-ZEST1S, B-WB1M-WPAN1, B-WL5M-SUBG1, NUCLEO-C031C6, NUCLEO-H503RB, NUCLEO-H563ZI, NUCLEO-U545RE-Q, NUCLEO-U5A5ZJ-Q, NUCLEO-WBA52CG, STEVAL-PROTEUS1, STEVAL-SMARTAG2, STEVAL-STWINBX1, STM320518-EVAL, STM32C0116-DK, STM32C011D6Y3TR, STM32C011D6Y6TR, STM32C011F4P3, STM32C011F4P6, STM32C011F4U3, STM32C011F4U6TR, STM32C011F6P3, STM32C011F6P6, STM32C011F6U3, STM32C011F6U6TR, STM32C011J4M3, STM32C011J4M6, STM32C011J6M3, STM32C011J6M6, STM32C0316-DK, STM32C031C4T3, STM32C031C4T6, STM32C031C4U3, STM32C031C4U6, STM32C031C6T3, STM32C031C6T6, STM32C031C6U3, STM32C031C6U6, STM32C031F4P3, STM32C031F4P6, STM32C031F6P3, STM32C031F6P6, STM32C031G4U3, STM32C031G4U6, STM32C031G6U3, STM32C031G6U6, STM32C031K4T3, STM32C031K4T6, STM32C031K4U3, STM32C031K4U6, STM32C031K6T3, STM32C031K6T6, STM32C031K6U3, STM32C031K6U6, STM32G071K8TXN, STM32G071K8UXN, STM32G081GBU6N, STM32G081KBT6N, STM32G081KBUXN, STM32G0B1CCT6N, STM32G0B1KCT6, STM32G0B1NEY6TR, STM32G0B1RCT6N, STM32G0C1CCT6, STM32G0C1CCT6N, STM32G0C1CCU6N, STM32G0C1CET6N, STM32G0C1CEU6N, STM32G0C1KCT6, STM32G0C1NEY6TR, STM32G0C1RCI6N, STM32G0C1RCT6N, STM32G0C1REI6N, STM32G0C1RET6N, STM32G0C1VCI6, STM32G0C1VEI6, STM32G471CCT6, STM32G471CCU6, STM32G471CET3, STM32G471CET6, STM32G471CEU3, STM32G471CEU6, STM32G471MCT6, STM32G471MET3, STM32G471MET6, STM32G471MEY6TR, STM32G471QCT6, STM32G471QET3, STM32G471RCT6, STM32G471RET3, STM32G471RET6, STM32G471VCH6, STM32G471VCI6, STM32G471VCT6, STM32G471VEH3, STM32G471VEH6, STM32G471VEI3, STM32G471VEI6, STM32G471VET3, STM32G471VET6, STM32G474CCT6, STM32H503CBT6, STM32H503CBU6, STM32H503EBY6TR, STM32H503KBU6, STM32H503RBT6, STM32H562AGI6, STM32H562AII6, STM32H562IGK6, STM32H562IGT6, STM32H562IIK6, STM32H562IIT6, STM32H562RGT6, STM32H562RGV6, STM32H562RIT6, STM32H562RIV6, STM32H562VGT6, STM32H562VIT6, STM32H562ZGT6, STM32H562ZIT6, STM32H563AGI6, STM32H563AII3Q, STM32H563AII6, STM32H563IGK6, STM32H563IGT6, STM32H563IIK3Q, STM32H563IIK6, STM32H563IIT3Q, STM32H563IIT6, STM32H563MIY3QTR, STM32H563RGT6, STM32H563RGV6, STM32H563RIT6, STM32H563RIV6, STM32H563VGT6, STM32H563VIT3Q, STM32H563VIT6, STM32H563ZGT6, STM32H563ZIT3Q, STM32H563ZIT6, STM32H573AII3Q, STM32H573AII6, STM32H573I-DK, STM32H573IIK3Q, STM32H573IIK6, STM32H573IIT3Q, STM32H573IIT6, STM32H573MIY3QTR, STM32H573RIT6, STM32H573RIV6, STM32H573VIT3Q, STM32H573VIT6, STM32H573ZIT3Q, STM32H573ZIT6, STM32L4R5QGI6STR, STM32MP131AAE3, STM32MP131AAF3, STM32MP131AAG3, STM32MP131CAE3, STM32MP131CAF3, STM32MP131CAG3, STM32MP131DAE7, STM32MP131DAF7, STM32MP131DAG7, STM32MP131FAE7, STM32MP131FAF7, STM32MP131FAG7, STM32MP133AAE3, STM32MP133AAF3, STM32MP133AAG3, STM32MP133CAE3, STM32MP133CAF3, STM32MP133CAG3, STM32MP133DAE7, STM32MP133DAF7, STM32MP133DAG7, STM32MP133FAE7, STM32MP133FAF7, STM32MP133FAG7, STM32MP135AAE3, STM32MP135AAF3, STM32MP135AAG3, STM32MP135CAE3, STM32MP135CAF3, STM32MP135CAG3, STM32MP135DAE7, STM32MP135DAF7, STM32MP135DAG7, STM32MP135F-DK, STM32MP135FAE7, STM32MP135FAF7, STM32MP135FAF7T, STM32MP135FAF7U, STM32MP135FAG7, STM32U535CBT6, STM32U535CBT6Q, STM32U535CBU6, STM32U535CBU6Q, STM32U535CCT6, STM32U535CCT6Q, STM32U535CCU6, STM32U535CCU6Q, STM32U535CET6, STM32U535CET6Q, STM32U535CEU6, STM32U535CEU6Q, STM32U535JEY6QTR, STM32U535NCY6QTR, STM32U535NEY6QTR, STM32U535RBI6, STM32U535RBI6Q, STM32U535RBT6, STM32U535RBT6Q, STM32U535RCI6, STM32U535RCI6Q, STM32U535RCT6, STM32U535RCT6Q, STM32U535REI6, STM32U535REI6Q, STM32U535RET6, STM32U535RET6Q, STM32U535VCI6, STM32U535VCI6Q, STM32U535VCT6, STM32U535VCT6Q, STM32U535VEI6, STM32U535VEI6Q, STM32U535VET6, STM32U535VET6Q, STM32U545CET6, STM32U545CET6Q, STM32U545CEU6, STM32U545CEU6Q, STM32U545JEY6QTR, STM32U545NEY6QTR, STM32U545REI6, STM32U545REI6Q, STM32U545RET6, STM32U545RET6Q, STM32U545VEI6, STM32U545VEI6Q, STM32U545VET6, STM32U545VET6Q, STM32U595AIH6, STM32U595AIH6Q, STM32U595AJH6, STM32U595AJH6Q, STM32U595QII6, STM32U595QII6Q, STM32U595QJI6, STM32U595QJI6Q, STM32U595RIT6, STM32U595RIT6Q, STM32U595RJT6, STM32U595RJT6Q, STM32U595VIT6, STM32U595VIT6Q, STM32U595VJT6, STM32U595VJT6Q, STM32U595ZIT6, STM32U595ZIT6Q, STM32U595ZIY6QTR, STM32U595ZJT6, STM32U595ZJT6Q, STM32U595ZJY6QTR, STM32U599BJY6QTR, STM32U599NIH6Q, STM32U599NJH6Q, STM32U599VIT6Q, STM32U599VJT6, STM32U599VJT6Q, STM32U599ZIT6Q, STM32U599ZIY6QTR, STM32U599ZJT6Q, STM32U599ZJY6QTR, STM32U5A5AJH6, STM32U5A5AJH6Q, STM32U5A5QJI6, STM32U5A5QJI6Q, STM32U5A5RJT6, STM32U5A5RJT6Q, STM32U5A5VJT6, STM32U5A5VJT6Q, STM32U5A5ZJT6, STM32U5A5ZJT6Q, STM32U5A5ZJY6QTR, STM32U5A9BJY6QTR, STM32U5A9J-DK, STM32U5A9NJH6Q, STM32U5A9VJT6Q, STM32U5A9ZJT6Q, STM32U5A9ZJY6QTR, STM32U5F7VIT6, STM32U5F7VIT6Q, STM32U5F7VJT6, STM32U5F7VJT6Q, STM32U5F9BJY6QTR, STM32U5F9NJH6Q, STM32U5F9VIT6Q, STM32U5F9VJT6Q, STM32U5F9ZIJ6QTR, STM32U5F9ZIT6Q, STM32U5F9ZJJ6QTR, STM32U5F9ZJT6Q, STM32U5G7VJT6, STM32U5G7VJT6Q, STM32U5G9BJY6QTR, STM32U5G9J-DK1, STM32U5G9J-DK2, STM32U5G9NJH6Q, STM32U5G9VJT6Q, STM32U5G9ZJJ6QTR, STM32U5G9ZJT6Q, STM32WB1MMCH6, STM32WBA52CEU6, STM32WBA52CEU6T, STM32WBA52CGU6, STM32WBA52CGU6T, STM32WBA52KEU6, STM32WBA52KEU6T, STM32WBA52KGU6, STM32WBA52KGU6T, STM32WL5MOCH6, STM32WL5MOCH6TR]
2023-11-09 13:40:18,765 [INFO] DbMcus:217 - Found 3848 MCUs, 3848 are supported
2023-11-09 13:40:18,765 [INFO] ApiDb:423 - Load user favorites file /home/RA/lovro.mileusnic/.stm32cubeide/favorites.mcus.txt: 0 item(s)
2023-11-09 13:40:18,765 [INFO] ApiDb:427 - User favorites MCUs=[]
2023-11-09 13:40:18,765 [INFO] DbMcus:223 - Set 0 / 0 favorites MCUs
2023-11-09 13:40:19,088 [WARN] ThirdParty:833 - waiting for thirdparty lock release [change project]
2023-11-09 13:40:19,088 [INFO] ThirdParty:835 - entering critical section [change project]
2023-11-09 13:40:19,088 [INFO] ThirdParty:1030 - CMSIS Pack Vendor :STMicroelectronics X-CUBE-ISPU 1.1.0
2023-11-09 13:40:19,088 [INFO] ThirdParty:1030 - CMSIS Pack Vendor :STMicroelectronics USBPD 4.1
2023-11-09 13:40:19,088 [INFO] ThirdParty:1030 - CMSIS Pack Vendor :STMicroelectronics X-CUBE-GNSS1 6.0.0
2023-11-09 13:40:19,089 [INFO] ThirdParty:1030 - CMSIS Pack Vendor :STMicroelectronics USB_HOST 2.0.0
2023-11-09 13:40:19,089 [INFO] ThirdParty:1030 - CMSIS Pack Vendor :STMicroelectronics X-CUBE-AZRTOS-F4 1.1.0
2023-11-09 13:40:19,089 [INFO] ThirdParty:1030 - CMSIS Pack Vendor :STMicroelectronics LIBJPEG 8.0.0
2023-11-09 13:40:19,089 [INFO] ThirdParty:1030 - CMSIS Pack Vendor :wolfSSL I-CUBE-wolfSSL 5.6.3
2023-11-09 13:40:19,089 [INFO] ThirdParty:1030 - CMSIS Pack Vendor :STMicroelectronics X-CUBE-SMBUS 2.1.0
2023-11-09 13:40:19,089 [INFO] ThirdParty:1030 - CMSIS Pack Vendor :STMicroelectronics USB_DEVICE 3.0.0
2023-11-09 13:40:19,089 [INFO] ThirdParty:1030 - CMSIS Pack Vendor :STMicroelectronics X-CUBE-AZRTOS-WB 2.0.0
2023-11-09 13:40:19,089 [INFO] ThirdParty:1030 - CMSIS Pack Vendor :STMicroelectronics X-CUBE-AZRTOS-F7 1.1.0
2023-11-09 13:40:19,089 [INFO] ThirdParty:1030 - CMSIS Pack Vendor :STMicroelectronics X-CUBE-AZRTOS-L5 2.0.0
2023-11-09 13:40:19,089 [INFO] ThirdParty:1030 - CMSIS Pack Vendor :STMicroelectronics USB_DEVICE 2.0.0
2023-11-09 13:40:19,089 [INFO] ThirdParty:1030 - CMSIS Pack Vendor :STMicroelectronics X-CUBE-EEPRMA1 4.2.0
2023-11-09 13:40:19,089 [INFO] ThirdParty:1030 - CMSIS Pack Vendor :ITTIA_DB I-CUBE-ITTIADB 8.8.0
2023-11-09 13:40:19,089 [INFO] ThirdParty:1030 - CMSIS Pack Vendor :STMicroelectronics FP-SNS-MOTENV1 4.3.2
2023-11-09 13:40:19,089 [INFO] ThirdParty:1030 - CMSIS Pack Vendor :STMicroelectronics X-CUBE-ALGOBUILD 1.3.0
2023-11-09 13:40:19,089 [INFO] ThirdParty:1030 - CMSIS Pack Vendor :STMicroelectronics FreeRTOS 0.0.1
2023-11-09 13:40:19,089 [INFO] ThirdParty:1030 - CMSIS Pack Vendor :STMicroelectronics X-CUBE-AZRTOS-G0 1.1.0
2023-11-09 13:40:19,089 [INFO] ThirdParty:1030 - CMSIS Pack Vendor :STMicroelectronics X-CUBE-BLEMGR 2.0.0
2023-11-09 13:40:19,089 [INFO] ThirdParty:1030 - CMSIS Pack Vendor :STMicroelectronics X-CUBE-NFC4 3.0.0
2023-11-09 13:40:19,089 [INFO] ThirdParty:1030 - CMSIS Pack Vendor :STMicroelectronics X-CUBE-SUBG2 5.0.0
2023-11-09 13:40:19,089 [INFO] ThirdParty:1030 - CMSIS Pack Vendor :STMicroelectronics STM32_WPAN 1.0.0
2023-11-09 13:40:19,089 [INFO] ThirdParty:1030 - CMSIS Pack Vendor :STMicroelectronics lwIP 2.0.3
2023-11-09 13:40:19,089 [INFO] ThirdParty:1030 - CMSIS Pack Vendor :STMicroelectronics FP-SNS-FLIGHT1 5.0.2
2023-11-09 13:40:19,089 [INFO] ThirdParty:1030 - CMSIS Pack Vendor :STMicroelectronics USB_HOST 1.0.0
2023-11-09 13:40:19,089 [INFO] ThirdParty:1030 - CMSIS Pack Vendor :STMicroelectronics X-CUBE-TOF1 3.3.1
2023-11-09 13:40:19,089 [INFO] ThirdParty:1030 - CMSIS Pack Vendor :STMicroelectronics X-CUBE-AZRTOS-G4 2.0.0
2023-11-09 13:40:19,089 [INFO] ThirdParty:1030 - CMSIS Pack Vendor :STMicroelectronics PDM2PCM 3.1.0
2023-11-09 13:40:19,089 [INFO] ThirdParty:1030 - CMSIS Pack Vendor :STMicroelectronics X-CUBE-AZRTOS-H7 3.1.0
2023-11-09 13:40:19,089 [INFO] ThirdParty:1030 - CMSIS Pack Vendor :Infineon AIROC-Wi-Fi-Bluetooth-STM32 1.5.1
2023-11-09 13:40:19,089 [INFO] ThirdParty:1030 - CMSIS Pack Vendor :STMicroelectronics X-CUBE-BLEMGR 3.0.0
2023-11-09 13:40:19,090 [INFO] ThirdParty:1030 - CMSIS Pack Vendor :STMicroelectronics PDM2PCM 3.3.0
2023-11-09 13:40:19,090 [INFO] ThirdParty:1030 - CMSIS Pack Vendor :STMicroelectronics X-CUBE-DISPLAY 3.0.0
2023-11-09 13:40:19,090 [INFO] ThirdParty:1030 - CMSIS Pack Vendor :STMicroelectronics FP-SNS-MOTENVWB1 1.3.0
2023-11-09 13:40:19,090 [INFO] ThirdParty:1030 - CMSIS Pack Vendor :STMicroelectronics X-CUBE-BLE1 7.0.0
2023-11-09 13:40:19,090 [INFO] ThirdParty:1030 - CMSIS Pack Vendor :STMicroelectronics FP-ATR-SIGFOX1 3.2.0
2023-11-09 13:40:19,090 [INFO] ThirdParty:1030 - CMSIS Pack Vendor :STMicroelectronics HAL Drivers 0.0.0
2023-11-09 13:40:19,090 [INFO] ThirdParty:1030 - CMSIS Pack Vendor :STMicroelectronics MBEDTLS 2.16.2
2023-11-09 13:40:19,090 [INFO] ThirdParty:1030 - CMSIS Pack Vendor :emotas I-CUBE-CANOPEN 1.3.0
2023-11-09 13:40:19,090 [INFO] ThirdParty:1030 - CMSIS Pack Vendor :STMicroelectronics X-CUBE-MEMS1 10.0.0
2023-11-09 13:40:19,090 [INFO] ThirdParty:1030 - CMSIS Pack Vendor :STMicroelectronics X-CUBE-FREERTOS 1.1.0
2023-11-09 13:40:19,090 [INFO] ThirdParty:1030 - CMSIS Pack Vendor :STMicroelectronics X-CUBE-NFC7 1.0.1
2023-11-09 13:40:19,090 [INFO] ThirdParty:1030 - CMSIS Pack Vendor :STMicroelectronics MBEDTLS 2.14.1
2023-11-09 13:40:19,090 [INFO] ThirdParty:1030 - CMSIS Pack Vendor :STMicroelectronics X-CUBE-TOUCHGFX 4.22.1
2023-11-09 13:40:19,090 [INFO] ThirdParty:1030 - CMSIS Pack Vendor :STMicroelectronics X-CUBE-NFC6 3.0.0
2023-11-09 13:40:19,090 [INFO] ThirdParty:1030 - CMSIS Pack Vendor :STMicroelectronics X-CUBE-EEPRMA1 4.1.0
2023-11-09 13:40:19,090 [INFO] ThirdParty:1030 - CMSIS Pack Vendor :portGmbH I-Cube-SoM-uGOAL 1.1.0
2023-11-09 13:40:19,090 [INFO] ThirdParty:1030 - CMSIS Pack Vendor :STMicroelectronics X-CUBE-ALS 1.0.1
2023-11-09 13:40:19,090 [INFO] ThirdParty:1030 - CMSIS Pack Vendor :STMicroelectronics ThreadX 1.0.0
2023-11-09 13:40:19,090 [INFO] ThirdParty:1030 - CMSIS Pack Vendor :STMicroelectronics FP-SNS-SMARTAG2 1.2.0
2023-11-09 13:40:19,090 [INFO] ThirdParty:1030 - CMSIS Pack Vendor :STMicroelectronics X-CUBE-AZRTOS-WL 2.0.0
2023-11-09 13:40:19,090 [INFO] ThirdParty:1030 - CMSIS Pack Vendor :SEGGER I-CUBE-embOS 1.3.1
2023-11-09 13:40:19,090 [INFO] ThirdParty:1030 - CMSIS Pack Vendor :STMicroelectronics USB_DEVICE 1.0.0
2023-11-09 13:40:19,090 [INFO] ThirdParty:1030 - CMSIS Pack Vendor :STMicroelectronics X-CUBE-AI 8.1.0
2023-11-09 13:40:19,091 [INFO] ThirdParty:1030 - CMSIS Pack Vendor :STMicroelectronics X-CUBE-AZRTOS-L4 2.0.0
2023-11-09 13:40:19,091 [INFO] ThirdParty:1030 - CMSIS Pack Vendor :STMicroelectronics ThreadX 0.0.2
2023-11-09 13:40:19,091 [INFO] ThirdParty:1030 - CMSIS Pack Vendor :WES I-CUBE-Cesium 1.3.0
2023-11-09 13:40:19,091 [INFO] ThirdParty:1030 - CMSIS Pack Vendor :STMicroelectronics FP-ATR-ASTRA1 2.0.0
2023-11-09 13:40:19,091 [INFO] ThirdParty:1030 - CMSIS Pack Vendor :STMicroelectronics lwIP 2.1.2
2023-11-09 13:40:19,091 [INFO] ThirdParty:1030 - CMSIS Pack Vendor :STMicroelectronics X-CUBE-SFXS2LP1 4.0.0
2023-11-09 13:40:19,091 [INFO] ThirdParty:1030 - CMSIS Pack Vendor :STMicroelectronics X-CUBE-BLE2 3.3.0
2023-11-09 13:40:19,091 [INFO] ThirdParty:1030 - CMSIS Pack Vendor :STMicroelectronics PDM2PCM 3.2.0
2023-11-09 13:40:19,091 [INFO] ThirdParty:841 - exiting critical section [change project]
2023-11-09 13:40:19,481 [INFO] PinOutPanel:1499 - setPackage(No Configuration,No Configuration)
2023-11-09 13:40:19,482 [INFO] PinOutPanel:1499 - setPackage(STM32F407VGTx,LQFP100)
2023-11-09 13:40:19,884 [INFO] UtilMem:75 - Before build in PCC Used Memory: 588648592 Bytes (689963008)
2023-11-09 13:40:20,479 [INFO] UtilMem:75 - After build in PCC Used Memory: 586205192 Bytes (689963008)
2023-11-09 13:40:20,514 [INFO] IPUIPlugin:80 - create IPUIPlugin
2023-11-09 13:40:20,515 [INFO] IPUIPlugin:80 - create IPUIPlugin
2023-11-09 13:40:20,515 [INFO] IPUIPlugin:80 - create IPUIPlugin
2023-11-09 13:40:20,515 [INFO] IPUIPlugin:80 - create IPUIPlugin
2023-11-09 13:40:20,515 [INFO] IPUIPlugin:80 - create IPUIPlugin
2023-11-09 13:40:20,515 [INFO] IPUIPlugin:80 - create IPUIPlugin
2023-11-09 13:40:20,515 [INFO] IPUIPlugin:80 - create IPUIPlugin
2023-11-09 13:40:20,515 [INFO] IPUIPlugin:80 - create IPUIPlugin
2023-11-09 13:40:20,515 [INFO] IPUIPlugin:80 - create IPUIPlugin
2023-11-09 13:40:20,516 [INFO] IPUIPlugin:80 - create IPUIPlugin
2023-11-09 13:40:20,516 [INFO] IPUIPlugin:80 - create IPUIPlugin
2023-11-09 13:40:20,516 [INFO] IPUIPlugin:80 - create IPUIPlugin
2023-11-09 13:40:20,516 [INFO] IPUIPlugin:80 - create IPUIPlugin
2023-11-09 13:40:20,516 [INFO] IPUIPlugin:80 - create IPUIPlugin
2023-11-09 13:40:20,516 [INFO] IPUIPlugin:80 - create IPUIPlugin
2023-11-09 13:40:20,516 [INFO] IPUIPlugin:80 - create IPUIPlugin
2023-11-09 13:40:20,517 [INFO] IPUIPlugin:80 - create IPUIPlugin
2023-11-09 13:40:20,517 [INFO] IPUIPlugin:80 - create IPUIPlugin
2023-11-09 13:40:20,517 [INFO] IPUIPlugin:80 - create IPUIPlugin
2023-11-09 13:40:20,517 [INFO] IPUIPlugin:80 - create IPUIPlugin
2023-11-09 13:40:20,517 [INFO] IPUIPlugin:80 - create IPUIPlugin
2023-11-09 13:40:20,517 [INFO] IPUIPlugin:80 - create IPUIPlugin
2023-11-09 13:40:20,518 [INFO] IPUIPlugin:80 - create IPUIPlugin
2023-11-09 13:40:20,518 [INFO] IPUIPlugin:80 - create IPUIPlugin
2023-11-09 13:40:20,518 [INFO] IPUIPlugin:80 - create IPUIPlugin
2023-11-09 13:40:20,518 [INFO] IPUIPlugin:80 - create IPUIPlugin
2023-11-09 13:40:20,518 [INFO] IPUIPlugin:80 - create IPUIPlugin
2023-11-09 13:40:20,519 [INFO] IPUIPlugin:80 - create IPUIPlugin
2023-11-09 13:40:20,519 [INFO] IPUIPlugin:80 - create IPUIPlugin
2023-11-09 13:40:20,519 [INFO] IPUIPlugin:80 - create IPUIPlugin
2023-11-09 13:40:20,519 [INFO] IPUIPlugin:80 - create IPUIPlugin
2023-11-09 13:40:20,519 [INFO] IPUIPlugin:80 - create IPUIPlugin
2023-11-09 13:40:20,519 [INFO] IPUIPlugin:80 - create IPUIPlugin
2023-11-09 13:40:20,519 [INFO] IPUIPlugin:80 - create IPUIPlugin
2023-11-09 13:40:20,519 [INFO] IPUIPlugin:80 - create IPUIPlugin
2023-11-09 13:40:20,519 [INFO] IPUIPlugin:80 - create IPUIPlugin
2023-11-09 13:40:20,520 [INFO] IPUIPlugin:80 - create IPUIPlugin
2023-11-09 13:40:20,520 [INFO] IPUIPlugin:80 - create IPUIPlugin
2023-11-09 13:40:20,520 [INFO] IPUIPlugin:80 - create IPUIPlugin
2023-11-09 13:40:20,520 [INFO] IPUIPlugin:80 - create IPUIPlugin
2023-11-09 13:40:20,520 [INFO] IPUIPlugin:80 - create IPUIPlugin
2023-11-09 13:40:20,520 [INFO] IPUIPlugin:80 - create IPUIPlugin
2023-11-09 13:40:20,520 [INFO] IPUIPlugin:80 - create IPUIPlugin
2023-11-09 13:40:20,520 [INFO] IPUIPlugin:80 - create IPUIPlugin
2023-11-09 13:40:20,520 [INFO] IPUIPlugin:80 - create IPUIPlugin
2023-11-09 13:40:20,520 [INFO] IPUIPlugin:80 - create IPUIPlugin
2023-11-09 13:40:20,520 [INFO] IPUIPlugin:80 - create IPUIPlugin
2023-11-09 13:40:20,520 [INFO] IPUIPlugin:80 - create IPUIPlugin
2023-11-09 13:40:20,521 [INFO] IPUIPlugin:80 - create IPUIPlugin
2023-11-09 13:40:20,521 [INFO] IPUIPlugin:80 - create IPUIPlugin
2023-11-09 13:40:20,521 [INFO] IPUIPlugin:80 - create IPUIPlugin
2023-11-09 13:40:20,521 [INFO] IPUIPlugin:80 - create IPUIPlugin
2023-11-09 13:40:20,522 [INFO] IPUIPlugin:80 - create IPUIPlugin
2023-11-09 13:40:20,522 [INFO] IPUIPlugin:80 - create IPUIPlugin
2023-11-09 13:40:20,523 [INFO] IPUIPlugin:80 - create IPUIPlugin
2023-11-09 13:40:20,523 [INFO] IPUIPlugin:80 - create IPUIPlugin
2023-11-09 13:40:20,524 [INFO] IPUIPlugin:80 - create IPUIPlugin
2023-11-09 13:40:20,524 [INFO] IPUIPlugin:80 - create IPUIPlugin
2023-11-09 13:40:20,557 [INFO] ApiDbMcu:507 - Load IP Config File for PDM2PCM
2023-11-09 13:40:20,726 [INFO] CADModel:165 - CPN selected for project levelSTM32F407VGT6TR
2023-11-09 13:40:20,726 [INFO] CADModel:114 - Register for checkConnection events
2023-11-09 13:40:20,767 [INFO] OpenFileManager:328 - Restore cursor
2023-11-09 13:40:31,600 [INFO] Gpio:273 - dependency for GPIO [USART1]
2023-11-09 15:08:02,544 [INFO] Gpio:273 - dependency for GPIO []
2023-11-09 15:08:06,886 [INFO] Gpio:273 - dependency for GPIO []
2023-11-09 15:08:21,966 [INFO] Gpio:273 - dependency for GPIO []
2023-11-09 15:08:53,058 [INFO] UtilMem:75 - End SaveConfig() Used Memory: 470023536 Bytes (664797184)
2023-11-09 15:08:55,411 [INFO] UtilMem:75 - End SaveConfig() Used Memory: 537132400 Bytes (664797184)
2023-11-09 15:08:59,342 [INFO] UtilMem:75 - End SaveConfig() Used Memory: 268908048 Bytes (664797184)
2023-11-09 15:08:59,802 [INFO] BlockDiagram:2759 - set Specific Code input for plugin: SYS
2023-11-09 15:08:59,802 [INFO] BlockDiagram:2759 - set Specific Code input for plugin: RCC
2023-11-09 15:08:59,802 [INFO] BlockDiagram:2759 - set Specific Code input for plugin: NVIC
2023-11-09 15:08:59,802 [INFO] BlockDiagram:2759 - set Specific Code input for plugin: USART
2023-11-09 15:08:59,803 [INFO] BlockDiagram:2759 - set Specific Code input for plugin: GPIO
2023-11-09 15:08:59,803 [INFO] CodeGenerator:799 - code generatio: config db path: /opt/st/stm32cubeide_1.13.2/plugins/com.st.stm32cube.common.mx_6.9.2.202309101412//db/
2023-11-09 15:09:00,118 [INFO] CodeEngine:255 - oldGeneratedFile, /home/RA/lovro.mileusnic/fer/OPPURS/labs/lab2/code/Lab_UART/MXTmpFiles/license.tmp_save
2023-11-09 15:09:00,522 [INFO] CodeEngine:279 - Generated code: /home/RA/lovro.mileusnic/fer/OPPURS/labs/lab2/code/Lab_UART/MXTmpFiles/license.tmp
2023-11-09 15:09:00,589 [INFO] CodeEngine:255 - oldGeneratedFile, /home/RA/lovro.mileusnic/fer/OPPURS/labs/lab2/code/Lab_UART/Core/Src/gpio.c_save
2023-11-09 15:09:00,743 [INFO] CodeEngine:279 - Generated code: /home/RA/lovro.mileusnic/fer/OPPURS/labs/lab2/code/Lab_UART/Core/Src/gpio.c
2023-11-09 15:09:00,745 [INFO] CodeEngine:255 - oldGeneratedFile, /home/RA/lovro.mileusnic/fer/OPPURS/labs/lab2/code/Lab_UART/Core/Inc/gpio.h_save
2023-11-09 15:09:00,861 [INFO] CodeEngine:279 - Generated code: /home/RA/lovro.mileusnic/fer/OPPURS/labs/lab2/code/Lab_UART/Core/Inc/gpio.h
2023-11-09 15:09:00,927 [INFO] CodeEngine:255 - oldGeneratedFile, /home/RA/lovro.mileusnic/fer/OPPURS/labs/lab2/code/Lab_UART/Core/Src/usart.c_save
2023-11-09 15:09:01,117 [INFO] CodeEngine:279 - Generated code: /home/RA/lovro.mileusnic/fer/OPPURS/labs/lab2/code/Lab_UART/Core/Src/usart.c
2023-11-09 15:09:01,118 [INFO] CodeEngine:255 - oldGeneratedFile, /home/RA/lovro.mileusnic/fer/OPPURS/labs/lab2/code/Lab_UART/Core/Inc/usart.h_save
2023-11-09 15:09:01,180 [INFO] CodeEngine:279 - Generated code: /home/RA/lovro.mileusnic/fer/OPPURS/labs/lab2/code/Lab_UART/Core/Inc/usart.h
2023-11-09 15:09:01,184 [INFO] CodeEngine:255 - oldGeneratedFile, /home/RA/lovro.mileusnic/fer/OPPURS/labs/lab2/code/Lab_UART/Core/Src/stm32f4xx_it.c_save
2023-11-09 15:09:01,271 [INFO] CodeEngine:279 - Generated code: /home/RA/lovro.mileusnic/fer/OPPURS/labs/lab2/code/Lab_UART/Core/Src/stm32f4xx_it.c
2023-11-09 15:09:01,272 [INFO] CodeEngine:255 - oldGeneratedFile, /home/RA/lovro.mileusnic/fer/OPPURS/labs/lab2/code/Lab_UART/Core/Inc/stm32f4xx_it.h_save
2023-11-09 15:09:01,334 [INFO] CodeEngine:279 - Generated code: /home/RA/lovro.mileusnic/fer/OPPURS/labs/lab2/code/Lab_UART/Core/Inc/stm32f4xx_it.h
2023-11-09 15:09:01,337 [INFO] CodeEngine:255 - oldGeneratedFile, /home/RA/lovro.mileusnic/fer/OPPURS/labs/lab2/code/Lab_UART/Core/Src/stm32f4xx_hal_msp.c_save
2023-11-09 15:09:01,419 [INFO] CodeEngine:279 - Generated code: /home/RA/lovro.mileusnic/fer/OPPURS/labs/lab2/code/Lab_UART/Core/Src/stm32f4xx_hal_msp.c
2023-11-09 15:09:01,420 [INFO] CodeEngine:255 - oldGeneratedFile, /home/RA/lovro.mileusnic/fer/OPPURS/labs/lab2/code/Lab_UART/MXTmpFiles/system.tmp_save
2023-11-09 15:09:01,474 [INFO] CodeEngine:279 - Generated code: /home/RA/lovro.mileusnic/fer/OPPURS/labs/lab2/code/Lab_UART/MXTmpFiles/system.tmp
2023-11-09 15:09:01,476 [INFO] CodeEngine:311 - oldGeneratedFile, /home/RA/lovro.mileusnic/fer/OPPURS/labs/lab2/code/Lab_UART/Core/Inc/stm32f4xx_hal_conf.h_save
2023-11-09 15:09:01,610 [INFO] CodeEngine:335 - Generated code: /home/RA/lovro.mileusnic/fer/OPPURS/labs/lab2/code/Lab_UART/Core/Inc/stm32f4xx_hal_conf.h
2023-11-09 15:09:01,647 [INFO] CodeEngine:255 - oldGeneratedFile, /home/RA/lovro.mileusnic/fer/OPPURS/labs/lab2/code/Lab_UART/Core/Inc/main.h_save
2023-11-09 15:09:01,739 [INFO] CodeEngine:279 - Generated code: /home/RA/lovro.mileusnic/fer/OPPURS/labs/lab2/code/Lab_UART/Core/Inc/main.h
2023-11-09 15:09:01,741 [INFO] CodeEngine:255 - oldGeneratedFile, /home/RA/lovro.mileusnic/fer/OPPURS/labs/lab2/code/Lab_UART/Core/Src/main.c_save
2023-11-09 15:09:01,845 [INFO] CodeEngine:279 - Generated code: /home/RA/lovro.mileusnic/fer/OPPURS/labs/lab2/code/Lab_UART/Core/Src/main.c
2023-11-09 15:09:02,161 [INFO] ProjectBuilder:3064 - Time for Copy HAL[1] : 16mS.
2023-11-09 15:09:02,164 [INFO] ProjectBuilder:4404 - Project Generator version: 4.1.0
2023-11-09 15:09:02,522 [INFO] ConfigFileManager:1457 - The Die is : DIE413
2023-11-09 15:09:02,537 [INFO] ApiDbMcu:507 - Load IP Config File for FATFS
2023-11-09 15:09:02,542 [INFO] ApiDbMcu:507 - Load IP Config File for FREERTOS
2023-11-09 15:09:02,544 [INFO] ApiDbMcu:507 - Load IP Config File for LIBJPEG
2023-11-09 15:09:02,549 [INFO] ApiDbMcu:507 - Load IP Config File for LWIP
2023-11-09 15:09:02,555 [INFO] ApiDbMcu:507 - Load IP Config File for MBEDTLS
2023-11-09 15:09:02,563 [INFO] ApiDbMcu:507 - Load IP Config File for USB_DEVICE
2023-11-09 15:09:02,566 [INFO] ApiDbMcu:507 - Load IP Config File for USB_HOST
2023-11-09 15:09:03,399 [INFO] LogOutputStream:77 - [STDOUT_REDIRECT] 
2023-11-09 15:09:04,130 [INFO] ProjectBuilder:4626 - Time for Generating toolchain IDE Files: 1965mS.
2023-11-09 15:09:04,131 [INFO] ProjectBuilder:2935 - Time for Copy CMSIS : 0mS.
2023-11-09 15:09:04,132 [INFO] ProjectBuilder:2935 - Time for Copy CMSIS : 0mS.
2023-11-09 15:16:40,958 [INFO] UtilMem:75 - End SaveConfig() Used Memory: 358495592 Bytes (996147200)
2023-11-09 15:16:41,123 [INFO] BlockDiagram:2759 - set Specific Code input for plugin: SYS
2023-11-09 15:16:41,123 [INFO] BlockDiagram:2759 - set Specific Code input for plugin: RCC
2023-11-09 15:16:41,123 [INFO] BlockDiagram:2759 - set Specific Code input for plugin: NVIC
2023-11-09 15:16:41,123 [INFO] BlockDiagram:2759 - set Specific Code input for plugin: USART
2023-11-09 15:16:41,123 [INFO] BlockDiagram:2759 - set Specific Code input for plugin: GPIO
2023-11-09 15:16:41,124 [INFO] CodeGenerator:799 - code generatio: config db path: /opt/st/stm32cubeide_1.13.2/plugins/com.st.stm32cube.common.mx_6.9.2.202309101412//db/
2023-11-09 15:16:41,267 [INFO] CodeEngine:255 - oldGeneratedFile, /home/RA/lovro.mileusnic/fer/OPPURS/labs/lab2/code/Lab_UART/MXTmpFiles/license.tmp_save
2023-11-09 15:16:41,324 [INFO] CodeEngine:279 - Generated code: /home/RA/lovro.mileusnic/fer/OPPURS/labs/lab2/code/Lab_UART/MXTmpFiles/license.tmp
2023-11-09 15:16:41,333 [INFO] CodeEngine:255 - oldGeneratedFile, /home/RA/lovro.mileusnic/fer/OPPURS/labs/lab2/code/Lab_UART/Core/Src/gpio.c_save
2023-11-09 15:16:41,397 [INFO] CodeEngine:279 - Generated code: /home/RA/lovro.mileusnic/fer/OPPURS/labs/lab2/code/Lab_UART/Core/Src/gpio.c
2023-11-09 15:16:41,398 [INFO] CodeEngine:255 - oldGeneratedFile, /home/RA/lovro.mileusnic/fer/OPPURS/labs/lab2/code/Lab_UART/Core/Inc/gpio.h_save
2023-11-09 15:16:41,457 [INFO] CodeEngine:279 - Generated code: /home/RA/lovro.mileusnic/fer/OPPURS/labs/lab2/code/Lab_UART/Core/Inc/gpio.h
2023-11-09 15:16:41,482 [INFO] CodeEngine:255 - oldGeneratedFile, /home/RA/lovro.mileusnic/fer/OPPURS/labs/lab2/code/Lab_UART/Core/Src/usart.c_save
2023-11-09 15:16:41,561 [INFO] CodeEngine:279 - Generated code: /home/RA/lovro.mileusnic/fer/OPPURS/labs/lab2/code/Lab_UART/Core/Src/usart.c
2023-11-09 15:16:41,562 [INFO] CodeEngine:255 - oldGeneratedFile, /home/RA/lovro.mileusnic/fer/OPPURS/labs/lab2/code/Lab_UART/Core/Inc/usart.h_save
2023-11-09 15:16:41,617 [INFO] CodeEngine:279 - Generated code: /home/RA/lovro.mileusnic/fer/OPPURS/labs/lab2/code/Lab_UART/Core/Inc/usart.h
2023-11-09 15:16:41,621 [INFO] CodeEngine:255 - oldGeneratedFile, /home/RA/lovro.mileusnic/fer/OPPURS/labs/lab2/code/Lab_UART/Core/Src/stm32f4xx_it.c_save
2023-11-09 15:16:41,675 [INFO] CodeEngine:279 - Generated code: /home/RA/lovro.mileusnic/fer/OPPURS/labs/lab2/code/Lab_UART/Core/Src/stm32f4xx_it.c
2023-11-09 15:16:41,676 [INFO] CodeEngine:255 - oldGeneratedFile, /home/RA/lovro.mileusnic/fer/OPPURS/labs/lab2/code/Lab_UART/Core/Inc/stm32f4xx_it.h_save
2023-11-09 15:16:41,727 [INFO] CodeEngine:279 - Generated code: /home/RA/lovro.mileusnic/fer/OPPURS/labs/lab2/code/Lab_UART/Core/Inc/stm32f4xx_it.h
2023-11-09 15:16:41,730 [INFO] CodeEngine:255 - oldGeneratedFile, /home/RA/lovro.mileusnic/fer/OPPURS/labs/lab2/code/Lab_UART/Core/Src/stm32f4xx_hal_msp.c_save
2023-11-09 15:16:41,808 [INFO] CodeEngine:279 - Generated code: /home/RA/lovro.mileusnic/fer/OPPURS/labs/lab2/code/Lab_UART/Core/Src/stm32f4xx_hal_msp.c
2023-11-09 15:16:41,809 [INFO] CodeEngine:255 - oldGeneratedFile, /home/RA/lovro.mileusnic/fer/OPPURS/labs/lab2/code/Lab_UART/MXTmpFiles/system.tmp_save
2023-11-09 15:16:41,856 [INFO] CodeEngine:279 - Generated code: /home/RA/lovro.mileusnic/fer/OPPURS/labs/lab2/code/Lab_UART/MXTmpFiles/system.tmp
2023-11-09 15:16:41,858 [INFO] CodeEngine:311 - oldGeneratedFile, /home/RA/lovro.mileusnic/fer/OPPURS/labs/lab2/code/Lab_UART/Core/Inc/stm32f4xx_hal_conf.h_save
2023-11-09 15:16:41,911 [INFO] CodeEngine:335 - Generated code: /home/RA/lovro.mileusnic/fer/OPPURS/labs/lab2/code/Lab_UART/Core/Inc/stm32f4xx_hal_conf.h
2023-11-09 15:16:41,932 [INFO] CodeEngine:255 - oldGeneratedFile, /home/RA/lovro.mileusnic/fer/OPPURS/labs/lab2/code/Lab_UART/Core/Inc/main.h_save
2023-11-09 15:16:41,990 [INFO] CodeEngine:279 - Generated code: /home/RA/lovro.mileusnic/fer/OPPURS/labs/lab2/code/Lab_UART/Core/Inc/main.h
2023-11-09 15:16:41,991 [INFO] CodeEngine:255 - oldGeneratedFile, /home/RA/lovro.mileusnic/fer/OPPURS/labs/lab2/code/Lab_UART/Core/Src/main.c_save
2023-11-09 15:16:42,081 [INFO] CodeEngine:279 - Generated code: /home/RA/lovro.mileusnic/fer/OPPURS/labs/lab2/code/Lab_UART/Core/Src/main.c
2023-11-09 15:16:42,510 [INFO] ProjectBuilder:3064 - Time for Copy HAL[1] : 15mS.
2023-11-09 15:16:42,512 [INFO] ProjectBuilder:4404 - Project Generator version: 4.1.0
2023-11-09 15:16:42,706 [INFO] ConfigFileManager:1457 - The Die is : DIE413
2023-11-09 15:16:43,714 [INFO] ProjectBuilder:4626 - Time for Generating toolchain IDE Files: 1199mS.
2023-11-09 15:16:43,715 [INFO] ProjectBuilder:2935 - Time for Copy CMSIS : 0mS.
2023-11-09 15:16:43,716 [INFO] ProjectBuilder:2935 - Time for Copy CMSIS : 0mS.
2023-11-09 15:26:54,201 [INFO] UtilMem:75 - End SaveConfig() Used Memory: 568777704 Bytes (1006632960)
2023-11-09 15:26:58,597 [INFO] UtilMem:75 - End SaveConfig() Used Memory: 602332136 Bytes (1006632960)
2023-11-09 15:27:01,278 [INFO] UtilMem:75 - End SaveConfig() Used Memory: 677307368 Bytes (1006632960)
2023-11-09 15:27:01,528 [INFO] BlockDiagram:2759 - set Specific Code input for plugin: SYS
2023-11-09 15:27:01,529 [INFO] BlockDiagram:2759 - set Specific Code input for plugin: RCC
2023-11-09 15:27:01,529 [INFO] BlockDiagram:2759 - set Specific Code input for plugin: NVIC
2023-11-09 15:27:01,529 [INFO] BlockDiagram:2759 - set Specific Code input for plugin: USART
2023-11-09 15:27:01,529 [INFO] BlockDiagram:2759 - set Specific Code input for plugin: GPIO
2023-11-09 15:27:01,530 [INFO] CodeGenerator:799 - code generatio: config db path: /opt/st/stm32cubeide_1.13.2/plugins/com.st.stm32cube.common.mx_6.9.2.202309101412//db/
2023-11-09 15:27:01,786 [INFO] CodeEngine:255 - oldGeneratedFile, /home/RA/lovro.mileusnic/fer/OPPURS/labs/lab2/code/Lab_UART/MXTmpFiles/license.tmp_save
2023-11-09 15:27:01,843 [INFO] CodeEngine:279 - Generated code: /home/RA/lovro.mileusnic/fer/OPPURS/labs/lab2/code/Lab_UART/MXTmpFiles/license.tmp
2023-11-09 15:27:01,853 [INFO] CodeEngine:255 - oldGeneratedFile, /home/RA/lovro.mileusnic/fer/OPPURS/labs/lab2/code/Lab_UART/Core/Src/gpio.c_save
2023-11-09 15:27:01,938 [INFO] CodeEngine:279 - Generated code: /home/RA/lovro.mileusnic/fer/OPPURS/labs/lab2/code/Lab_UART/Core/Src/gpio.c
2023-11-09 15:27:01,939 [INFO] CodeEngine:255 - oldGeneratedFile, /home/RA/lovro.mileusnic/fer/OPPURS/labs/lab2/code/Lab_UART/Core/Inc/gpio.h_save
2023-11-09 15:27:01,990 [INFO] CodeEngine:279 - Generated code: /home/RA/lovro.mileusnic/fer/OPPURS/labs/lab2/code/Lab_UART/Core/Inc/gpio.h
2023-11-09 15:27:02,021 [INFO] CodeEngine:255 - oldGeneratedFile, /home/RA/lovro.mileusnic/fer/OPPURS/labs/lab2/code/Lab_UART/Core/Src/usart.c_save
2023-11-09 15:27:02,095 [INFO] CodeEngine:279 - Generated code: /home/RA/lovro.mileusnic/fer/OPPURS/labs/lab2/code/Lab_UART/Core/Src/usart.c
2023-11-09 15:27:02,096 [INFO] CodeEngine:255 - oldGeneratedFile, /home/RA/lovro.mileusnic/fer/OPPURS/labs/lab2/code/Lab_UART/Core/Inc/usart.h_save
2023-11-09 15:27:02,144 [INFO] CodeEngine:279 - Generated code: /home/RA/lovro.mileusnic/fer/OPPURS/labs/lab2/code/Lab_UART/Core/Inc/usart.h
2023-11-09 15:27:02,149 [INFO] CodeEngine:255 - oldGeneratedFile, /home/RA/lovro.mileusnic/fer/OPPURS/labs/lab2/code/Lab_UART/Core/Src/stm32f4xx_it.c_save
2023-11-09 15:27:02,217 [INFO] CodeEngine:279 - Generated code: /home/RA/lovro.mileusnic/fer/OPPURS/labs/lab2/code/Lab_UART/Core/Src/stm32f4xx_it.c
2023-11-09 15:27:02,218 [INFO] CodeEngine:255 - oldGeneratedFile, /home/RA/lovro.mileusnic/fer/OPPURS/labs/lab2/code/Lab_UART/Core/Inc/stm32f4xx_it.h_save
2023-11-09 15:27:02,267 [INFO] CodeEngine:279 - Generated code: /home/RA/lovro.mileusnic/fer/OPPURS/labs/lab2/code/Lab_UART/Core/Inc/stm32f4xx_it.h
2023-11-09 15:27:02,269 [INFO] CodeEngine:255 - oldGeneratedFile, /home/RA/lovro.mileusnic/fer/OPPURS/labs/lab2/code/Lab_UART/Core/Src/stm32f4xx_hal_msp.c_save
2023-11-09 15:27:02,335 [INFO] CodeEngine:279 - Generated code: /home/RA/lovro.mileusnic/fer/OPPURS/labs/lab2/code/Lab_UART/Core/Src/stm32f4xx_hal_msp.c
2023-11-09 15:27:02,336 [INFO] CodeEngine:255 - oldGeneratedFile, /home/RA/lovro.mileusnic/fer/OPPURS/labs/lab2/code/Lab_UART/MXTmpFiles/system.tmp_save
2023-11-09 15:27:02,381 [INFO] CodeEngine:279 - Generated code: /home/RA/lovro.mileusnic/fer/OPPURS/labs/lab2/code/Lab_UART/MXTmpFiles/system.tmp
2023-11-09 15:27:02,382 [INFO] CodeEngine:311 - oldGeneratedFile, /home/RA/lovro.mileusnic/fer/OPPURS/labs/lab2/code/Lab_UART/Core/Inc/stm32f4xx_hal_conf.h_save
2023-11-09 15:27:02,438 [INFO] CodeEngine:335 - Generated code: /home/RA/lovro.mileusnic/fer/OPPURS/labs/lab2/code/Lab_UART/Core/Inc/stm32f4xx_hal_conf.h
2023-11-09 15:27:02,450 [INFO] CodeEngine:255 - oldGeneratedFile, /home/RA/lovro.mileusnic/fer/OPPURS/labs/lab2/code/Lab_UART/Core/Inc/main.h_save
2023-11-09 15:27:02,500 [INFO] CodeEngine:279 - Generated code: /home/RA/lovro.mileusnic/fer/OPPURS/labs/lab2/code/Lab_UART/Core/Inc/main.h
2023-11-09 15:27:02,501 [INFO] CodeEngine:255 - oldGeneratedFile, /home/RA/lovro.mileusnic/fer/OPPURS/labs/lab2/code/Lab_UART/Core/Src/main.c_save
2023-11-09 15:27:02,567 [INFO] CodeEngine:279 - Generated code: /home/RA/lovro.mileusnic/fer/OPPURS/labs/lab2/code/Lab_UART/Core/Src/main.c
2023-11-09 15:27:02,875 [INFO] ProjectBuilder:3064 - Time for Copy HAL[1] : 16mS.
2023-11-09 15:27:02,876 [INFO] ProjectBuilder:4404 - Project Generator version: 4.1.0
2023-11-09 15:27:03,186 [INFO] ConfigFileManager:1457 - The Die is : DIE413
2023-11-09 15:27:04,305 [INFO] ProjectBuilder:4626 - Time for Generating toolchain IDE Files: 1428mS.
2023-11-09 15:27:04,305 [INFO] ProjectBuilder:2935 - Time for Copy CMSIS : 0mS.
2023-11-09 15:27:04,306 [INFO] ProjectBuilder:2935 - Time for Copy CMSIS : 1mS.
2023-11-09 15:45:03,036 [INFO] NvicIntPanel:101 - NVIC parent = com.st.microxplorer.plugins.ip.nvic.MultiNvicIntPanel[,0,0,537x190,layout=javax.swing.BoxLayout,alignmentX=0.0,alignmentY=0.0,border=,flags=9,maximumSize=,minimumSize=,preferredSize=]
2023-11-09 15:55:26,348 [INFO] Gpio:273 - dependency for GPIO [USART1]
2023-11-09 15:55:35,502 [INFO] Gpio:273 - dependency for GPIO [USART1]
2023-11-09 15:55:44,551 [INFO] Gpio:273 - dependency for GPIO [USART1]
2023-11-09 15:55:48,765 [INFO] Gpio:273 - dependency for GPIO [USART1]
2023-11-09 15:55:56,800 [INFO] Gpio:273 - dependency for GPIO []
2023-11-09 15:55:56,905 [INFO] Gpio:273 - dependency for GPIO []
2023-11-09 15:56:16,297 [INFO] NvicIntPanel:101 - NVIC parent = com.st.microxplorer.plugins.ip.nvic.MultiNvicIntPanel[,0,0,537x190,layout=javax.swing.BoxLayout,alignmentX=0.0,alignmentY=0.0,border=,flags=9,maximumSize=,minimumSize=,preferredSize=]
2023-11-09 15:56:18,544 [INFO] NvicIntPanel:101 - NVIC parent = com.st.microxplorer.plugins.ip.nvic.MultiNvicIntPanel[,0,0,0x0,invalid,layout=javax.swing.BoxLayout,alignmentX=0.0,alignmentY=0.0,border=,flags=9,maximumSize=,minimumSize=,preferredSize=]
2023-11-09 15:56:29,154 [INFO] NvicIntPanel:101 - NVIC parent = com.st.microxplorer.plugins.ip.nvic.MultiNvicIntPanel[,0,0,0x0,invalid,layout=javax.swing.BoxLayout,alignmentX=0.0,alignmentY=0.0,border=,flags=9,maximumSize=,minimumSize=,preferredSize=]
2023-11-09 15:56:29,227 [INFO] NvicIntPanel:101 - NVIC parent = com.st.microxplorer.plugins.ip.nvic.MultiNvicIntPanel[,0,0,0x0,invalid,layout=javax.swing.BoxLayout,alignmentX=0.0,alignmentY=0.0,border=,flags=9,maximumSize=,minimumSize=,preferredSize=]
2023-11-09 15:56:33,065 [INFO] NvicIntPanel:101 - NVIC parent = com.st.microxplorer.plugins.ip.nvic.MultiNvicIntPanel[,0,0,0x0,invalid,layout=javax.swing.BoxLayout,alignmentX=0.0,alignmentY=0.0,border=,flags=9,maximumSize=,minimumSize=,preferredSize=]
2023-11-09 15:56:33,144 [INFO] NvicIntPanel:101 - NVIC parent = com.st.microxplorer.plugins.ip.nvic.MultiNvicIntPanel[,0,0,0x0,invalid,layout=javax.swing.BoxLayout,alignmentX=0.0,alignmentY=0.0,border=,flags=9,maximumSize=,minimumSize=,preferredSize=]
2023-11-09 15:58:02,994 [INFO] UtilMem:75 - End SaveConfig() Used Memory: 538740768 Bytes (961544192)
2023-11-09 15:58:05,284 [INFO] UtilMem:75 - End SaveConfig() Used Memory: 572817440 Bytes (961544192)
2023-11-09 15:58:09,124 [INFO] UtilMem:75 - End SaveConfig() Used Memory: 745677216 Bytes (961544192)
2023-11-09 15:58:09,264 [INFO] BlockDiagram:2759 - set Specific Code input for plugin: SYS
2023-11-09 15:58:09,264 [INFO] BlockDiagram:2759 - set Specific Code input for plugin: RCC
2023-11-09 15:58:09,264 [INFO] BlockDiagram:2759 - set Specific Code input for plugin: NVIC
2023-11-09 15:58:09,264 [INFO] BlockDiagram:2759 - set Specific Code input for plugin: USART
2023-11-09 15:58:09,265 [INFO] BlockDiagram:2759 - set Specific Code input for plugin: GPIO
2023-11-09 15:58:09,265 [INFO] CodeGenerator:799 - code generatio: config db path: /opt/st/stm32cubeide_1.13.2/plugins/com.st.stm32cube.common.mx_6.9.2.202309101412//db/
2023-11-09 15:58:09,405 [INFO] CodeEngine:255 - oldGeneratedFile, /home/RA/lovro.mileusnic/fer/OPPURS/labs/lab2/code/Lab_UART/MXTmpFiles/license.tmp_save
2023-11-09 15:58:09,506 [INFO] CodeEngine:279 - Generated code: /home/RA/lovro.mileusnic/fer/OPPURS/labs/lab2/code/Lab_UART/MXTmpFiles/license.tmp
2023-11-09 15:58:09,513 [INFO] CodeEngine:255 - oldGeneratedFile, /home/RA/lovro.mileusnic/fer/OPPURS/labs/lab2/code/Lab_UART/Core/Src/gpio.c_save
2023-11-09 15:58:09,580 [INFO] CodeEngine:279 - Generated code: /home/RA/lovro.mileusnic/fer/OPPURS/labs/lab2/code/Lab_UART/Core/Src/gpio.c
2023-11-09 15:58:09,581 [INFO] CodeEngine:255 - oldGeneratedFile, /home/RA/lovro.mileusnic/fer/OPPURS/labs/lab2/code/Lab_UART/Core/Inc/gpio.h_save
2023-11-09 15:58:09,634 [INFO] CodeEngine:279 - Generated code: /home/RA/lovro.mileusnic/fer/OPPURS/labs/lab2/code/Lab_UART/Core/Inc/gpio.h
2023-11-09 15:58:09,653 [INFO] CodeEngine:255 - oldGeneratedFile, /home/RA/lovro.mileusnic/fer/OPPURS/labs/lab2/code/Lab_UART/Core/Src/usart.c_save
2023-11-09 15:58:09,753 [INFO] CodeEngine:279 - Generated code: /home/RA/lovro.mileusnic/fer/OPPURS/labs/lab2/code/Lab_UART/Core/Src/usart.c
2023-11-09 15:58:09,754 [INFO] CodeEngine:255 - oldGeneratedFile, /home/RA/lovro.mileusnic/fer/OPPURS/labs/lab2/code/Lab_UART/Core/Inc/usart.h_save
2023-11-09 15:58:09,802 [INFO] CodeEngine:279 - Generated code: /home/RA/lovro.mileusnic/fer/OPPURS/labs/lab2/code/Lab_UART/Core/Inc/usart.h
2023-11-09 15:58:09,806 [INFO] CodeEngine:255 - oldGeneratedFile, /home/RA/lovro.mileusnic/fer/OPPURS/labs/lab2/code/Lab_UART/Core/Src/stm32f4xx_it.c_save
2023-11-09 15:58:09,935 [INFO] CodeEngine:279 - Generated code: /home/RA/lovro.mileusnic/fer/OPPURS/labs/lab2/code/Lab_UART/Core/Src/stm32f4xx_it.c
2023-11-09 15:58:09,936 [INFO] CodeEngine:255 - oldGeneratedFile, /home/RA/lovro.mileusnic/fer/OPPURS/labs/lab2/code/Lab_UART/Core/Inc/stm32f4xx_it.h_save
2023-11-09 15:58:09,987 [INFO] CodeEngine:279 - Generated code: /home/RA/lovro.mileusnic/fer/OPPURS/labs/lab2/code/Lab_UART/Core/Inc/stm32f4xx_it.h
2023-11-09 15:58:09,989 [INFO] CodeEngine:255 - oldGeneratedFile, /home/RA/lovro.mileusnic/fer/OPPURS/labs/lab2/code/Lab_UART/Core/Src/stm32f4xx_hal_msp.c_save
2023-11-09 15:58:10,053 [INFO] CodeEngine:279 - Generated code: /home/RA/lovro.mileusnic/fer/OPPURS/labs/lab2/code/Lab_UART/Core/Src/stm32f4xx_hal_msp.c
2023-11-09 15:58:10,054 [INFO] CodeEngine:255 - oldGeneratedFile, /home/RA/lovro.mileusnic/fer/OPPURS/labs/lab2/code/Lab_UART/MXTmpFiles/system.tmp_save
2023-11-09 15:58:10,099 [INFO] CodeEngine:279 - Generated code: /home/RA/lovro.mileusnic/fer/OPPURS/labs/lab2/code/Lab_UART/MXTmpFiles/system.tmp
2023-11-09 15:58:10,100 [INFO] CodeEngine:311 - oldGeneratedFile, /home/RA/lovro.mileusnic/fer/OPPURS/labs/lab2/code/Lab_UART/Core/Inc/stm32f4xx_hal_conf.h_save
2023-11-09 15:58:10,152 [INFO] CodeEngine:335 - Generated code: /home/RA/lovro.mileusnic/fer/OPPURS/labs/lab2/code/Lab_UART/Core/Inc/stm32f4xx_hal_conf.h
2023-11-09 15:58:10,165 [INFO] CodeEngine:255 - oldGeneratedFile, /home/RA/lovro.mileusnic/fer/OPPURS/labs/lab2/code/Lab_UART/Core/Inc/main.h_save
2023-11-09 15:58:10,227 [INFO] CodeEngine:279 - Generated code: /home/RA/lovro.mileusnic/fer/OPPURS/labs/lab2/code/Lab_UART/Core/Inc/main.h
2023-11-09 15:58:10,228 [INFO] CodeEngine:255 - oldGeneratedFile, /home/RA/lovro.mileusnic/fer/OPPURS/labs/lab2/code/Lab_UART/Core/Src/main.c_save
2023-11-09 15:58:10,291 [INFO] CodeEngine:279 - Generated code: /home/RA/lovro.mileusnic/fer/OPPURS/labs/lab2/code/Lab_UART/Core/Src/main.c
2023-11-09 15:58:10,756 [INFO] ProjectBuilder:3064 - Time for Copy HAL[1] : 21mS.
2023-11-09 15:58:10,758 [INFO] ProjectBuilder:4404 - Project Generator version: 4.1.0
2023-11-09 15:58:11,023 [INFO] ConfigFileManager:1457 - The Die is : DIE413
2023-11-09 15:58:12,015 [INFO] ProjectBuilder:4626 - Time for Generating toolchain IDE Files: 1257mS.
2023-11-09 15:58:12,016 [INFO] ProjectBuilder:2935 - Time for Copy CMSIS : 1mS.
2023-11-09 15:58:12,016 [INFO] ProjectBuilder:2935 - Time for Copy CMSIS : 0mS.
2023-11-09 17:49:42,912 [INFO] UtilMem:75 - End SaveConfig() Used Memory: 538669816 Bytes (859832320)
2023-11-09 17:49:43,126 [INFO] BlockDiagram:2759 - set Specific Code input for plugin: SYS
2023-11-09 17:49:43,126 [INFO] BlockDiagram:2759 - set Specific Code input for plugin: RCC
2023-11-09 17:49:43,126 [INFO] BlockDiagram:2759 - set Specific Code input for plugin: NVIC
2023-11-09 17:49:43,126 [INFO] BlockDiagram:2759 - set Specific Code input for plugin: USART
2023-11-09 17:49:43,127 [INFO] BlockDiagram:2759 - set Specific Code input for plugin: GPIO
2023-11-09 17:49:43,127 [INFO] CodeGenerator:799 - code generatio: config db path: /opt/st/stm32cubeide_1.13.2/plugins/com.st.stm32cube.common.mx_6.9.2.202309101412//db/
2023-11-09 17:49:43,326 [INFO] CodeEngine:255 - oldGeneratedFile, /home/RA/lovro.mileusnic/fer/OPPURS/labs/lab2/code/Lab_UART/MXTmpFiles/license.tmp_save
2023-11-09 17:49:43,389 [INFO] CodeEngine:279 - Generated code: /home/RA/lovro.mileusnic/fer/OPPURS/labs/lab2/code/Lab_UART/MXTmpFiles/license.tmp
2023-11-09 17:49:43,394 [INFO] CodeEngine:255 - oldGeneratedFile, /home/RA/lovro.mileusnic/fer/OPPURS/labs/lab2/code/Lab_UART/Core/Src/gpio.c_save
2023-11-09 17:49:43,446 [INFO] CodeEngine:279 - Generated code: /home/RA/lovro.mileusnic/fer/OPPURS/labs/lab2/code/Lab_UART/Core/Src/gpio.c
2023-11-09 17:49:43,447 [INFO] CodeEngine:255 - oldGeneratedFile, /home/RA/lovro.mileusnic/fer/OPPURS/labs/lab2/code/Lab_UART/Core/Inc/gpio.h_save
2023-11-09 17:49:43,495 [INFO] CodeEngine:279 - Generated code: /home/RA/lovro.mileusnic/fer/OPPURS/labs/lab2/code/Lab_UART/Core/Inc/gpio.h
2023-11-09 17:49:43,512 [INFO] CodeEngine:255 - oldGeneratedFile, /home/RA/lovro.mileusnic/fer/OPPURS/labs/lab2/code/Lab_UART/Core/Src/usart.c_save
2023-11-09 17:49:43,596 [INFO] CodeEngine:279 - Generated code: /home/RA/lovro.mileusnic/fer/OPPURS/labs/lab2/code/Lab_UART/Core/Src/usart.c
2023-11-09 17:49:43,597 [INFO] CodeEngine:255 - oldGeneratedFile, /home/RA/lovro.mileusnic/fer/OPPURS/labs/lab2/code/Lab_UART/Core/Inc/usart.h_save
2023-11-09 17:49:43,647 [INFO] CodeEngine:279 - Generated code: /home/RA/lovro.mileusnic/fer/OPPURS/labs/lab2/code/Lab_UART/Core/Inc/usart.h
2023-11-09 17:49:43,650 [INFO] CodeEngine:255 - oldGeneratedFile, /home/RA/lovro.mileusnic/fer/OPPURS/labs/lab2/code/Lab_UART/Core/Src/stm32f4xx_it.c_save
2023-11-09 17:49:43,847 [INFO] CodeEngine:279 - Generated code: /home/RA/lovro.mileusnic/fer/OPPURS/labs/lab2/code/Lab_UART/Core/Src/stm32f4xx_it.c
2023-11-09 17:49:43,848 [INFO] CodeEngine:255 - oldGeneratedFile, /home/RA/lovro.mileusnic/fer/OPPURS/labs/lab2/code/Lab_UART/Core/Inc/stm32f4xx_it.h_save
2023-11-09 17:49:43,895 [INFO] CodeEngine:279 - Generated code: /home/RA/lovro.mileusnic/fer/OPPURS/labs/lab2/code/Lab_UART/Core/Inc/stm32f4xx_it.h
2023-11-09 17:49:43,897 [INFO] CodeEngine:255 - oldGeneratedFile, /home/RA/lovro.mileusnic/fer/OPPURS/labs/lab2/code/Lab_UART/Core/Src/stm32f4xx_hal_msp.c_save
2023-11-09 17:49:43,958 [INFO] CodeEngine:279 - Generated code: /home/RA/lovro.mileusnic/fer/OPPURS/labs/lab2/code/Lab_UART/Core/Src/stm32f4xx_hal_msp.c
2023-11-09 17:49:43,958 [INFO] CodeEngine:255 - oldGeneratedFile, /home/RA/lovro.mileusnic/fer/OPPURS/labs/lab2/code/Lab_UART/MXTmpFiles/system.tmp_save
2023-11-09 17:49:44,002 [INFO] CodeEngine:279 - Generated code: /home/RA/lovro.mileusnic/fer/OPPURS/labs/lab2/code/Lab_UART/MXTmpFiles/system.tmp
2023-11-09 17:49:44,003 [INFO] CodeEngine:311 - oldGeneratedFile, /home/RA/lovro.mileusnic/fer/OPPURS/labs/lab2/code/Lab_UART/Core/Inc/stm32f4xx_hal_conf.h_save
2023-11-09 17:49:44,053 [INFO] CodeEngine:335 - Generated code: /home/RA/lovro.mileusnic/fer/OPPURS/labs/lab2/code/Lab_UART/Core/Inc/stm32f4xx_hal_conf.h
2023-11-09 17:49:44,064 [INFO] CodeEngine:255 - oldGeneratedFile, /home/RA/lovro.mileusnic/fer/OPPURS/labs/lab2/code/Lab_UART/Core/Inc/main.h_save
2023-11-09 17:49:44,123 [INFO] CodeEngine:279 - Generated code: /home/RA/lovro.mileusnic/fer/OPPURS/labs/lab2/code/Lab_UART/Core/Inc/main.h
2023-11-09 17:49:44,125 [INFO] CodeEngine:255 - oldGeneratedFile, /home/RA/lovro.mileusnic/fer/OPPURS/labs/lab2/code/Lab_UART/Core/Src/main.c_save
2023-11-09 17:49:44,196 [INFO] CodeEngine:279 - Generated code: /home/RA/lovro.mileusnic/fer/OPPURS/labs/lab2/code/Lab_UART/Core/Src/main.c
2023-11-09 17:49:44,575 [INFO] ProjectBuilder:3064 - Time for Copy HAL[1] : 14mS.
2023-11-09 17:49:44,576 [INFO] ProjectBuilder:4404 - Project Generator version: 4.1.0
2023-11-09 17:49:44,748 [INFO] ConfigFileManager:1457 - The Die is : DIE413
2023-11-09 17:49:46,159 [INFO] ProjectBuilder:4626 - Time for Generating toolchain IDE Files: 1582mS.
2023-11-09 17:49:46,159 [INFO] ProjectBuilder:2935 - Time for Copy CMSIS : 0mS.
2023-11-09 17:49:46,159 [INFO] ProjectBuilder:2935 - Time for Copy CMSIS : 0mS.
2023-11-09 18:57:13,431 [ERROR] LogOutputStream:75 - [STDERR_REDIRECT] 
