ARM GAS  /tmp/cctH82Ai.s 			page 1


   1              		.cpu cortex-m4
   2              		.eabi_attribute 27, 1
   3              		.eabi_attribute 28, 1
   4              		.eabi_attribute 20, 1
   5              		.eabi_attribute 21, 1
   6              		.eabi_attribute 23, 3
   7              		.eabi_attribute 24, 1
   8              		.eabi_attribute 25, 1
   9              		.eabi_attribute 26, 1
  10              		.eabi_attribute 30, 1
  11              		.eabi_attribute 34, 1
  12              		.eabi_attribute 18, 4
  13              		.file	"gpio.c"
  14              		.text
  15              	.Ltext0:
  16              		.cfi_sections	.debug_frame
  17              		.section	.text.MX_GPIO_Init,"ax",%progbits
  18              		.align	1
  19              		.global	MX_GPIO_Init
  20              		.arch armv7e-m
  21              		.syntax unified
  22              		.thumb
  23              		.thumb_func
  24              		.fpu fpv4-sp-d16
  26              	MX_GPIO_Init:
  27              	.LFB130:
  28              		.file 1 "Core/Src/gpio.c"
   1:Core/Src/gpio.c **** /* USER CODE BEGIN Header */
   2:Core/Src/gpio.c **** /**
   3:Core/Src/gpio.c ****   ******************************************************************************
   4:Core/Src/gpio.c ****   * @file    gpio.c
   5:Core/Src/gpio.c ****   * @brief   This file provides code for the configuration
   6:Core/Src/gpio.c ****   *          of all used GPIO pins.
   7:Core/Src/gpio.c ****   ******************************************************************************
   8:Core/Src/gpio.c ****   * @attention
   9:Core/Src/gpio.c ****   *
  10:Core/Src/gpio.c ****   * Copyright (c) 2023 STMicroelectronics.
  11:Core/Src/gpio.c ****   * All rights reserved.
  12:Core/Src/gpio.c ****   *
  13:Core/Src/gpio.c ****   * This software is licensed under terms that can be found in the LICENSE file
  14:Core/Src/gpio.c ****   * in the root directory of this software component.
  15:Core/Src/gpio.c ****   * If no LICENSE file comes with this software, it is provided AS-IS.
  16:Core/Src/gpio.c ****   *
  17:Core/Src/gpio.c ****   ******************************************************************************
  18:Core/Src/gpio.c ****   */
  19:Core/Src/gpio.c **** /* USER CODE END Header */
  20:Core/Src/gpio.c **** 
  21:Core/Src/gpio.c **** /* Includes ------------------------------------------------------------------*/
  22:Core/Src/gpio.c **** #include "gpio.h"
  23:Core/Src/gpio.c **** 
  24:Core/Src/gpio.c **** /* USER CODE BEGIN 0 */
  25:Core/Src/gpio.c **** 
  26:Core/Src/gpio.c **** /* USER CODE END 0 */
  27:Core/Src/gpio.c **** 
  28:Core/Src/gpio.c **** /*----------------------------------------------------------------------------*/
  29:Core/Src/gpio.c **** /* Configure GPIO                                                             */
  30:Core/Src/gpio.c **** /*----------------------------------------------------------------------------*/
ARM GAS  /tmp/cctH82Ai.s 			page 2


  31:Core/Src/gpio.c **** /* USER CODE BEGIN 1 */
  32:Core/Src/gpio.c **** /* USER CODE END 1 */
  33:Core/Src/gpio.c **** 
  34:Core/Src/gpio.c **** /** Configure pins as
  35:Core/Src/gpio.c ****         * Analog
  36:Core/Src/gpio.c ****         * Input
  37:Core/Src/gpio.c ****         * Output
  38:Core/Src/gpio.c ****         * EVENT_OUT
  39:Core/Src/gpio.c ****         * EXTI
  40:Core/Src/gpio.c **** */
  41:Core/Src/gpio.c **** void MX_GPIO_Init(void)
  42:Core/Src/gpio.c **** {
  29              		.loc 1 42 1 view -0
  30              		.cfi_startproc
  31              		@ args = 0, pretend = 0, frame = 32
  32              		@ frame_needed = 0, uses_anonymous_args = 0
  33 0000 70B5     		push	{r4, r5, r6, lr}
  34              	.LCFI0:
  35              		.cfi_def_cfa_offset 16
  36              		.cfi_offset 4, -16
  37              		.cfi_offset 5, -12
  38              		.cfi_offset 6, -8
  39              		.cfi_offset 14, -4
  40 0002 88B0     		sub	sp, sp, #32
  41              	.LCFI1:
  42              		.cfi_def_cfa_offset 48
  43:Core/Src/gpio.c **** 
  44:Core/Src/gpio.c ****   GPIO_InitTypeDef GPIO_InitStruct = {0};
  43              		.loc 1 44 3 view .LVU1
  44              		.loc 1 44 20 is_stmt 0 view .LVU2
  45 0004 0024     		movs	r4, #0
  46 0006 0394     		str	r4, [sp, #12]
  47 0008 0494     		str	r4, [sp, #16]
  48 000a 0594     		str	r4, [sp, #20]
  49 000c 0694     		str	r4, [sp, #24]
  50 000e 0794     		str	r4, [sp, #28]
  45:Core/Src/gpio.c **** 
  46:Core/Src/gpio.c ****   /* GPIO Ports Clock Enable */
  47:Core/Src/gpio.c ****   __HAL_RCC_GPIOH_CLK_ENABLE();
  51              		.loc 1 47 3 is_stmt 1 view .LVU3
  52              	.LBB2:
  53              		.loc 1 47 3 view .LVU4
  54 0010 0094     		str	r4, [sp]
  55              		.loc 1 47 3 view .LVU5
  56 0012 224B     		ldr	r3, .L3
  57 0014 1A6B     		ldr	r2, [r3, #48]
  58 0016 42F08002 		orr	r2, r2, #128
  59 001a 1A63     		str	r2, [r3, #48]
  60              		.loc 1 47 3 view .LVU6
  61 001c 1A6B     		ldr	r2, [r3, #48]
  62 001e 02F08002 		and	r2, r2, #128
  63 0022 0092     		str	r2, [sp]
  64              		.loc 1 47 3 view .LVU7
  65 0024 009A     		ldr	r2, [sp]
  66              	.LBE2:
  67              		.loc 1 47 3 view .LVU8
  48:Core/Src/gpio.c ****   __HAL_RCC_GPIOA_CLK_ENABLE();
ARM GAS  /tmp/cctH82Ai.s 			page 3


  68              		.loc 1 48 3 view .LVU9
  69              	.LBB3:
  70              		.loc 1 48 3 view .LVU10
  71 0026 0194     		str	r4, [sp, #4]
  72              		.loc 1 48 3 view .LVU11
  73 0028 1A6B     		ldr	r2, [r3, #48]
  74 002a 42F00102 		orr	r2, r2, #1
  75 002e 1A63     		str	r2, [r3, #48]
  76              		.loc 1 48 3 view .LVU12
  77 0030 1A6B     		ldr	r2, [r3, #48]
  78 0032 02F00102 		and	r2, r2, #1
  79 0036 0192     		str	r2, [sp, #4]
  80              		.loc 1 48 3 view .LVU13
  81 0038 019A     		ldr	r2, [sp, #4]
  82              	.LBE3:
  83              		.loc 1 48 3 view .LVU14
  49:Core/Src/gpio.c ****   __HAL_RCC_GPIOD_CLK_ENABLE();
  84              		.loc 1 49 3 view .LVU15
  85              	.LBB4:
  86              		.loc 1 49 3 view .LVU16
  87 003a 0294     		str	r4, [sp, #8]
  88              		.loc 1 49 3 view .LVU17
  89 003c 1A6B     		ldr	r2, [r3, #48]
  90 003e 42F00802 		orr	r2, r2, #8
  91 0042 1A63     		str	r2, [r3, #48]
  92              		.loc 1 49 3 view .LVU18
  93 0044 1B6B     		ldr	r3, [r3, #48]
  94 0046 03F00803 		and	r3, r3, #8
  95 004a 0293     		str	r3, [sp, #8]
  96              		.loc 1 49 3 view .LVU19
  97 004c 029B     		ldr	r3, [sp, #8]
  98              	.LBE4:
  99              		.loc 1 49 3 view .LVU20
  50:Core/Src/gpio.c **** 
  51:Core/Src/gpio.c ****   /*Configure GPIO pin Output Level */
  52:Core/Src/gpio.c ****   HAL_GPIO_WritePin(GPIOD, GPIO_PIN_12|GPIO_PIN_13|GPIO_PIN_14|GPIO_PIN_15, GPIO_PIN_RESET);
 100              		.loc 1 52 3 view .LVU21
 101 004e 144D     		ldr	r5, .L3+4
 102 0050 2246     		mov	r2, r4
 103 0052 4FF47041 		mov	r1, #61440
 104 0056 2846     		mov	r0, r5
 105 0058 FFF7FEFF 		bl	HAL_GPIO_WritePin
 106              	.LVL0:
  53:Core/Src/gpio.c **** 
  54:Core/Src/gpio.c ****   /*Configure GPIO pin : PA0 */
  55:Core/Src/gpio.c ****   GPIO_InitStruct.Pin = GPIO_PIN_0;
 107              		.loc 1 55 3 view .LVU22
 108              		.loc 1 55 23 is_stmt 0 view .LVU23
 109 005c 0126     		movs	r6, #1
 110 005e 0396     		str	r6, [sp, #12]
  56:Core/Src/gpio.c ****   GPIO_InitStruct.Mode = GPIO_MODE_IT_RISING;
 111              		.loc 1 56 3 is_stmt 1 view .LVU24
 112              		.loc 1 56 24 is_stmt 0 view .LVU25
 113 0060 4FF48813 		mov	r3, #1114112
 114 0064 0493     		str	r3, [sp, #16]
  57:Core/Src/gpio.c ****   GPIO_InitStruct.Pull = GPIO_NOPULL;
 115              		.loc 1 57 3 is_stmt 1 view .LVU26
ARM GAS  /tmp/cctH82Ai.s 			page 4


 116              		.loc 1 57 24 is_stmt 0 view .LVU27
 117 0066 0594     		str	r4, [sp, #20]
  58:Core/Src/gpio.c ****   HAL_GPIO_Init(GPIOA, &GPIO_InitStruct);
 118              		.loc 1 58 3 is_stmt 1 view .LVU28
 119 0068 03A9     		add	r1, sp, #12
 120 006a 0E48     		ldr	r0, .L3+8
 121 006c FFF7FEFF 		bl	HAL_GPIO_Init
 122              	.LVL1:
  59:Core/Src/gpio.c **** 
  60:Core/Src/gpio.c ****   /*Configure GPIO pins : PD12 PD13 PD14 PD15 */
  61:Core/Src/gpio.c ****   GPIO_InitStruct.Pin = GPIO_PIN_12|GPIO_PIN_13|GPIO_PIN_14|GPIO_PIN_15;
 123              		.loc 1 61 3 view .LVU29
 124              		.loc 1 61 23 is_stmt 0 view .LVU30
 125 0070 4FF47043 		mov	r3, #61440
 126 0074 0393     		str	r3, [sp, #12]
  62:Core/Src/gpio.c ****   GPIO_InitStruct.Mode = GPIO_MODE_OUTPUT_PP;
 127              		.loc 1 62 3 is_stmt 1 view .LVU31
 128              		.loc 1 62 24 is_stmt 0 view .LVU32
 129 0076 0496     		str	r6, [sp, #16]
  63:Core/Src/gpio.c ****   GPIO_InitStruct.Pull = GPIO_NOPULL;
 130              		.loc 1 63 3 is_stmt 1 view .LVU33
 131              		.loc 1 63 24 is_stmt 0 view .LVU34
 132 0078 0594     		str	r4, [sp, #20]
  64:Core/Src/gpio.c ****   GPIO_InitStruct.Speed = GPIO_SPEED_FREQ_VERY_HIGH;
 133              		.loc 1 64 3 is_stmt 1 view .LVU35
 134              		.loc 1 64 25 is_stmt 0 view .LVU36
 135 007a 0323     		movs	r3, #3
 136 007c 0693     		str	r3, [sp, #24]
  65:Core/Src/gpio.c ****   HAL_GPIO_Init(GPIOD, &GPIO_InitStruct);
 137              		.loc 1 65 3 is_stmt 1 view .LVU37
 138 007e 03A9     		add	r1, sp, #12
 139 0080 2846     		mov	r0, r5
 140 0082 FFF7FEFF 		bl	HAL_GPIO_Init
 141              	.LVL2:
  66:Core/Src/gpio.c **** 
  67:Core/Src/gpio.c ****   /* EXTI interrupt init*/
  68:Core/Src/gpio.c ****   HAL_NVIC_SetPriority(EXTI0_IRQn, 5, 0);
 142              		.loc 1 68 3 view .LVU38
 143 0086 2246     		mov	r2, r4
 144 0088 0521     		movs	r1, #5
 145 008a 0620     		movs	r0, #6
 146 008c FFF7FEFF 		bl	HAL_NVIC_SetPriority
 147              	.LVL3:
  69:Core/Src/gpio.c ****   HAL_NVIC_EnableIRQ(EXTI0_IRQn);
 148              		.loc 1 69 3 view .LVU39
 149 0090 0620     		movs	r0, #6
 150 0092 FFF7FEFF 		bl	HAL_NVIC_EnableIRQ
 151              	.LVL4:
  70:Core/Src/gpio.c **** 
  71:Core/Src/gpio.c **** }
 152              		.loc 1 71 1 is_stmt 0 view .LVU40
 153 0096 08B0     		add	sp, sp, #32
 154              	.LCFI2:
 155              		.cfi_def_cfa_offset 16
 156              		@ sp needed
 157 0098 70BD     		pop	{r4, r5, r6, pc}
 158              	.L4:
ARM GAS  /tmp/cctH82Ai.s 			page 5


 159 009a 00BF     		.align	2
 160              	.L3:
 161 009c 00380240 		.word	1073887232
 162 00a0 000C0240 		.word	1073875968
 163 00a4 00000240 		.word	1073872896
 164              		.cfi_endproc
 165              	.LFE130:
 167              		.section	.text.gpio_led_state,"ax",%progbits
 168              		.align	1
 169              		.global	gpio_led_state
 170              		.syntax unified
 171              		.thumb
 172              		.thumb_func
 173              		.fpu fpv4-sp-d16
 175              	gpio_led_state:
 176              	.LVL5:
 177              	.LFB131:
  72:Core/Src/gpio.c **** 
  73:Core/Src/gpio.c **** /* USER CODE BEGIN 2 */
  74:Core/Src/gpio.c **** void gpio_led_state(uint8_t LED_ID, uint8_t state) {
 178              		.loc 1 74 52 is_stmt 1 view -0
 179              		.cfi_startproc
 180              		@ args = 0, pretend = 0, frame = 0
 181              		@ frame_needed = 0, uses_anonymous_args = 0
 182              		.loc 1 74 52 is_stmt 0 view .LVU42
 183 0000 08B5     		push	{r3, lr}
 184              	.LCFI3:
 185              		.cfi_def_cfa_offset 8
 186              		.cfi_offset 3, -8
 187              		.cfi_offset 14, -4
  75:Core/Src/gpio.c ****     GPIO_PinState pinState;
 188              		.loc 1 75 5 is_stmt 1 view .LVU43
  76:Core/Src/gpio.c **** 
  77:Core/Src/gpio.c ****     pinState = (state == 1) ? GPIO_PIN_SET : GPIO_PIN_RESET;
 189              		.loc 1 77 5 view .LVU44
 190              		.loc 1 77 44 is_stmt 0 view .LVU45
 191 0002 0129     		cmp	r1, #1
 192 0004 14BF     		ite	ne
 193 0006 0022     		movne	r2, #0
 194 0008 0122     		moveq	r2, #1
 195              	.LVL6:
  78:Core/Src/gpio.c ****     switch (LED_ID) {
 196              		.loc 1 78 5 is_stmt 1 view .LVU46
 197 000a 0138     		subs	r0, r0, #1
 198              	.LVL7:
 199              		.loc 1 78 5 is_stmt 0 view .LVU47
 200 000c 0328     		cmp	r0, #3
 201 000e 08D8     		bhi	.L5
 202 0010 DFE800F0 		tbb	[pc, r0]
 203              	.L8:
 204 0014 02       		.byte	(.L11-.L8)/2
 205 0015 08       		.byte	(.L10-.L8)/2
 206 0016 0E       		.byte	(.L9-.L8)/2
 207 0017 14       		.byte	(.L7-.L8)/2
 208              		.p2align 1
 209              	.L11:
  79:Core/Src/gpio.c ****         case LED3_ORANGE_ID:
ARM GAS  /tmp/cctH82Ai.s 			page 6


  80:Core/Src/gpio.c ****             HAL_GPIO_WritePin(LED_GPIOx, LED3_ORANGE_PinNumber, pinState);
 210              		.loc 1 80 13 is_stmt 1 view .LVU48
 211 0018 4FF40051 		mov	r1, #8192
 212              	.LVL8:
 213              		.loc 1 80 13 is_stmt 0 view .LVU49
 214 001c 0A48     		ldr	r0, .L13
 215 001e FFF7FEFF 		bl	HAL_GPIO_WritePin
 216              	.LVL9:
  81:Core/Src/gpio.c ****             break;
 217              		.loc 1 81 13 is_stmt 1 view .LVU50
 218              	.L5:
  82:Core/Src/gpio.c ****         case LED4_GREEN_ID :
  83:Core/Src/gpio.c ****             HAL_GPIO_WritePin(LED_GPIOx, LED4_GREEN_PinNumber, pinState);
  84:Core/Src/gpio.c ****             break;
  85:Core/Src/gpio.c ****         case LED5_RED_ID :
  86:Core/Src/gpio.c ****             HAL_GPIO_WritePin(LED_GPIOx, LED5_RED_PinNumber, pinState);
  87:Core/Src/gpio.c ****             break;
  88:Core/Src/gpio.c ****         case LED6_BLUE_ID :
  89:Core/Src/gpio.c ****             HAL_GPIO_WritePin(LED_GPIOx, LED6_BLUE_PinNumber, pinState);
  90:Core/Src/gpio.c ****             break;
  91:Core/Src/gpio.c ****     }
  92:Core/Src/gpio.c **** }
 219              		.loc 1 92 1 is_stmt 0 view .LVU51
 220 0022 08BD     		pop	{r3, pc}
 221              	.LVL10:
 222              	.L10:
  83:Core/Src/gpio.c ****             break;
 223              		.loc 1 83 13 is_stmt 1 view .LVU52
 224 0024 4FF48051 		mov	r1, #4096
 225              	.LVL11:
  83:Core/Src/gpio.c ****             break;
 226              		.loc 1 83 13 is_stmt 0 view .LVU53
 227 0028 0748     		ldr	r0, .L13
 228 002a FFF7FEFF 		bl	HAL_GPIO_WritePin
 229              	.LVL12:
  84:Core/Src/gpio.c ****         case LED5_RED_ID :
 230              		.loc 1 84 13 is_stmt 1 view .LVU54
 231 002e F8E7     		b	.L5
 232              	.LVL13:
 233              	.L9:
  86:Core/Src/gpio.c ****             break;
 234              		.loc 1 86 13 view .LVU55
 235 0030 4FF48041 		mov	r1, #16384
 236              	.LVL14:
  86:Core/Src/gpio.c ****             break;
 237              		.loc 1 86 13 is_stmt 0 view .LVU56
 238 0034 0448     		ldr	r0, .L13
 239 0036 FFF7FEFF 		bl	HAL_GPIO_WritePin
 240              	.LVL15:
  87:Core/Src/gpio.c ****         case LED6_BLUE_ID :
 241              		.loc 1 87 13 is_stmt 1 view .LVU57
 242 003a F2E7     		b	.L5
 243              	.LVL16:
 244              	.L7:
  89:Core/Src/gpio.c ****             break;
 245              		.loc 1 89 13 view .LVU58
 246 003c 4FF40041 		mov	r1, #32768
ARM GAS  /tmp/cctH82Ai.s 			page 7


 247              	.LVL17:
  89:Core/Src/gpio.c ****             break;
 248              		.loc 1 89 13 is_stmt 0 view .LVU59
 249 0040 0148     		ldr	r0, .L13
 250 0042 FFF7FEFF 		bl	HAL_GPIO_WritePin
 251              	.LVL18:
  90:Core/Src/gpio.c ****     }
 252              		.loc 1 90 13 is_stmt 1 view .LVU60
 253              		.loc 1 92 1 is_stmt 0 view .LVU61
 254 0046 ECE7     		b	.L5
 255              	.L14:
 256              		.align	2
 257              	.L13:
 258 0048 000C0240 		.word	1073875968
 259              		.cfi_endproc
 260              	.LFE131:
 262              		.text
 263              	.Letext0:
 264              		.file 2 "/usr/lib/gcc/arm-none-eabi/9.2.1/include/stdint.h"
 265              		.file 3 "Drivers/CMSIS/Include/core_cm4.h"
 266              		.file 4 "Drivers/CMSIS/Device/ST/STM32F4xx/Include/system_stm32f4xx.h"
 267              		.file 5 "Drivers/CMSIS/Device/ST/STM32F4xx/Include/stm32f407xx.h"
 268              		.file 6 "Drivers/STM32F4xx_HAL_Driver/Inc/stm32f4xx_hal_gpio.h"
 269              		.file 7 "Drivers/STM32F4xx_HAL_Driver/Inc/stm32f4xx_hal.h"
 270              		.file 8 "Drivers/STM32F4xx_HAL_Driver/Inc/stm32f4xx_hal_cortex.h"
ARM GAS  /tmp/cctH82Ai.s 			page 8


DEFINED SYMBOLS
                            *ABS*:0000000000000000 gpio.c
     /tmp/cctH82Ai.s:18     .text.MX_GPIO_Init:0000000000000000 $t
     /tmp/cctH82Ai.s:26     .text.MX_GPIO_Init:0000000000000000 MX_GPIO_Init
     /tmp/cctH82Ai.s:161    .text.MX_GPIO_Init:000000000000009c $d
     /tmp/cctH82Ai.s:168    .text.gpio_led_state:0000000000000000 $t
     /tmp/cctH82Ai.s:175    .text.gpio_led_state:0000000000000000 gpio_led_state
     /tmp/cctH82Ai.s:204    .text.gpio_led_state:0000000000000014 $d
     /tmp/cctH82Ai.s:208    .text.gpio_led_state:0000000000000018 $t
     /tmp/cctH82Ai.s:258    .text.gpio_led_state:0000000000000048 $d

UNDEFINED SYMBOLS
HAL_GPIO_WritePin
HAL_GPIO_Init
HAL_NVIC_SetPriority
HAL_NVIC_EnableIRQ
